✅ Database schema initialization skipped (using existing pos_db schema)
🚀 POS Backend Server running on http://localhost:3001
📊 Health check: http://localhost:3001/api/health
📝 Total API endpoints: 12 modules with full CRUD operations
2025-10-23 13:06:44.909 [32minfo[39m: 🚀 POS Backend Server started on port 3001 (development)
✅ app.listen callback executed
✅ Connected to MySQL database
2025-10-23 13:06:44.936 [32minfo[39m: Database connection established successfully
2025-10-23 13:06:44.937 🗄️  [32minfo[39m: 🔗 Database connected
2025-10-23 13:07:06.435 🌐 [32minfo[39m: 📤 POST /api/reason-codes
2025-10-23 13:07:06.438 🗄️  [34mdebug[39m: 🔍 Query: INSERT INTO IT_CONF_REASONS 
                   (REASON_CODE, REASON_DESC, display_sequence, ActiveS...
2025-10-23 13:07:06.450 🗄️  [32minfo[39m: ✅ Query completed - 1 rows (13ms)
2025-10-23 13:07:06.451 🗄️  [34mdebug[39m: 🔍 Query: SELECT REASON_CODE AS reason_code, REASON_DESC AS reason_description, IFNULL(display_sequence,0) AS ...
2025-10-23 13:07:06.454 🗄️  [32minfo[39m: ✅ Query completed - 1 rows (3ms)
2025-10-23 13:07:06.454 🌐 [32minfo[39m: 📥 ✅ POST /api/reason-codes - 200 (19ms)
2025-10-23 13:07:06.455 🌐 [32minfo[39m: 📥 ✅ POST /api/reason-codes - 200 (20ms)
2025-10-23 13:07:06.469 🌐 [32minfo[39m: 📤 GET /api/reason-codes
2025-10-23 13:07:06.470 🗄️  [34mdebug[39m: 🔍 Query: SELECT
        REASON_CODE AS reason_code,
        REASON_DESC AS reason_description,
        IFNULL...
2025-10-23 13:07:06.471 🗄️  [32minfo[39m: ✅ Query completed - 1 rows (1ms)
2025-10-23 13:07:06.472 🌐 [32minfo[39m: 📥 ✅ GET /api/reason-codes - 200 (3ms)
2025-10-23 13:07:06.472 🌐 [32minfo[39m: 📥 ✅ GET /api/reason-codes - 200 (3ms)
2025-10-23 13:14:00.836 🌐 [32minfo[39m: 📤 PUT /api/reason-codes/VD
2025-10-23 13:14:00.837 🗄️  [34mdebug[39m: 🔍 Query: UPDATE IT_CONF_REASONS 
                   SET REASON_DESC = ?, display_sequence = ?, ActiveStatus =...
2025-10-23 13:14:00.838 🗄️  [32minfo[39m: ✅ Query completed - 0 rows (1ms)
2025-10-23 13:14:00.839 🌐 [33mwarn[39m: 📥 ❌ PUT /api/reason-codes/VD - 404 (3ms)
2025-10-23 13:14:00.839 🌐 [33mwarn[39m: 📥 ❌ PUT /api/reason-codes/VD - 404 (3ms)
2025-10-23 13:30:21.396 🌐 [32minfo[39m: 📤 POST /api/reason-codes
2025-10-23 13:30:21.397 🗄️  [34mdebug[39m: 🔍 Query: INSERT INTO IT_CONF_REASONS 
                   (REASON_CODE, REASON_DESC, display_sequence, ActiveS...
2025-10-23 13:30:21.409 🗄️  [32minfo[39m: ✅ Query completed - 1 rows (13ms)
2025-10-23 13:30:21.410 🗄️  [34mdebug[39m: 🔍 Query: SELECT REASON_CODE AS reason_code, REASON_DESC AS reason_description, IFNULL(display_sequence,0) AS ...
2025-10-23 13:30:21.411 🗄️  [32minfo[39m: ✅ Query completed - 1 rows (1ms)
2025-10-23 13:30:21.411 🌐 [32minfo[39m: 📥 ✅ POST /api/reason-codes - 200 (15ms)
2025-10-23 13:30:21.411 🌐 [32minfo[39m: 📥 ✅ POST /api/reason-codes - 200 (15ms)
2025-10-23 13:30:21.425 🌐 [32minfo[39m: 📤 GET /api/reason-codes
2025-10-23 13:30:21.426 🗄️  [34mdebug[39m: 🔍 Query: SELECT
        REASON_CODE AS reason_code,
        REASON_DESC AS reason_description,
        IFNULL...
2025-10-23 13:30:21.427 🗄️  [32minfo[39m: ✅ Query completed - 2 rows (1ms)
2025-10-23 13:30:21.428 🌐 [32minfo[39m: 📥 ✅ GET /api/reason-codes - 200 (2ms)
2025-10-23 13:30:21.428 🌐 [32minfo[39m: 📥 ✅ GET /api/reason-codes - 200 (3ms)
2025-10-23 13:30:21.432 🌐 [32minfo[39m: 📤 PUT /api/reason-codes/IT_TEST
2025-10-23 13:30:21.433 🗄️  [34mdebug[39m: 🔍 Query: UPDATE IT_CONF_REASONS 
                   SET REASON_DESC = ?, display_sequence = ?, ActiveStatus =...
2025-10-23 13:30:21.443 🗄️  [32minfo[39m: ✅ Query completed - 1 rows (10ms)
2025-10-23 13:30:21.444 🗄️  [34mdebug[39m: 🔍 Query: SELECT REASON_CODE AS reason_code, REASON_DESC AS reason_description, IFNULL(display_sequence,0) AS ...
2025-10-23 13:30:21.445 🗄️  [32minfo[39m: ✅ Query completed - 1 rows (2ms)
2025-10-23 13:30:21.445 🌐 [32minfo[39m: 📥 ✅ PUT /api/reason-codes/IT_TEST - 200 (13ms)
2025-10-23 13:30:21.445 🌐 [32minfo[39m: 📥 ✅ PUT /api/reason-codes/IT_TEST - 200 (13ms)
2025-10-23 13:30:21.450 🌐 [32minfo[39m: 📤 DELETE /api/reason-codes/IT_TEST
2025-10-23 13:30:21.451 🗄️  [34mdebug[39m: 🔍 Query: DELETE FROM IT_CONF_REASONS WHERE REASON_CODE = ?
2025-10-23 13:30:21.464 🗄️  [32minfo[39m: ✅ Query completed - 1 rows (13ms)
2025-10-23 13:30:21.464 🌐 [32minfo[39m: 📥 ✅ DELETE /api/reason-codes/IT_TEST - 200 (14ms)
2025-10-23 13:30:21.464 🌐 [32minfo[39m: 📥 ✅ DELETE /api/reason-codes/IT_TEST - 200 (14ms)
2025-10-23 13:56:17.851 🌐 [32minfo[39m: 📤 POST /api/reason-codes
2025-10-23 13:56:17.852 🗄️  [34mdebug[39m: 🔍 Query: INSERT INTO IT_CONF_REASONS 
                   (REASON_CODE, REASON_DESC, display_sequence, ActiveS...
2025-10-23 13:56:17.867 🗄️  [32minfo[39m: ✅ Query completed - 1 rows (15ms)
2025-10-23 13:56:17.868 🗄️  [34mdebug[39m: 🔍 Query: SELECT REASON_CODE AS reason_code, REASON_DESC AS reason_description, IFNULL(display_sequence,0) AS ...
2025-10-23 13:56:17.870 🗄️  [32minfo[39m: ✅ Query completed - 1 rows (1ms)
2025-10-23 13:56:17.870 🌐 [32minfo[39m: 📥 ✅ POST /api/reason-codes - 200 (19ms)
2025-10-23 13:56:17.870 🌐 [32minfo[39m: 📥 ✅ POST /api/reason-codes - 200 (19ms)
2025-10-23 13:56:17.889 🌐 [32minfo[39m: 📤 GET /api/reason-codes
2025-10-23 13:56:17.890 🗄️  [34mdebug[39m: 🔍 Query: SELECT
        REASON_CODE AS reason_code,
        REASON_DESC AS reason_description,
        IFNULL...
2025-10-23 13:56:17.891 🗄️  [32minfo[39m: ✅ Query completed - 2 rows (2ms)
2025-10-23 13:56:17.892 🌐 [32minfo[39m: 📥 ✅ GET /api/reason-codes - 200 (3ms)
2025-10-23 13:56:17.892 🌐 [32minfo[39m: 📥 ✅ GET /api/reason-codes - 200 (3ms)
2025-10-23 13:56:17.903 🌐 [32minfo[39m: 📤 PUT /api/reason-codes/IT_TEST
2025-10-23 13:56:17.904 🗄️  [34mdebug[39m: 🔍 Query: UPDATE IT_CONF_REASONS 
                   SET REASON_DESC = ?, display_sequence = ?, ActiveStatus =...
2025-10-23 13:56:17.918 🗄️  [32minfo[39m: ✅ Query completed - 1 rows (14ms)
2025-10-23 13:56:17.919 🗄️  [34mdebug[39m: 🔍 Query: SELECT REASON_CODE AS reason_code, REASON_DESC AS reason_description, IFNULL(display_sequence,0) AS ...
2025-10-23 13:56:17.920 🗄️  [32minfo[39m: ✅ Query completed - 1 rows (1ms)
2025-10-23 13:56:17.921 🌐 [32minfo[39m: 📥 ✅ PUT /api/reason-codes/IT_TEST - 200 (18ms)
2025-10-23 13:56:17.921 🌐 [32minfo[39m: 📥 ✅ PUT /api/reason-codes/IT_TEST - 200 (18ms)
2025-10-23 13:56:17.927 🌐 [32minfo[39m: 📤 DELETE /api/reason-codes/IT_TEST
2025-10-23 13:56:17.927 🗄️  [34mdebug[39m: 🔍 Query: DELETE FROM IT_CONF_REASONS WHERE REASON_CODE = ?
2025-10-23 13:56:17.944 🗄️  [32minfo[39m: ✅ Query completed - 1 rows (16ms)
2025-10-23 13:56:17.944 🌐 [32minfo[39m: 📥 ✅ DELETE /api/reason-codes/IT_TEST - 200 (17ms)
2025-10-23 13:56:17.944 🌐 [32minfo[39m: 📥 ✅ DELETE /api/reason-codes/IT_TEST - 200 (17ms)
2025-10-23 13:59:22.147 🌐 [32minfo[39m: 📤 PUT /api/reason-codes/VD
2025-10-23 13:59:22.148 🗄️  [34mdebug[39m: 🔍 Query: UPDATE IT_CONF_REASONS 
                   SET REASON_DESC = ?, display_sequence = ?, ActiveStatus =...
2025-10-23 13:59:22.149 🗄️  [32minfo[39m: ✅ Query completed - 0 rows (1ms)
2025-10-23 13:59:22.149 🌐 [33mwarn[39m: 📥 ❌ PUT /api/reason-codes/VD - 404 (2ms)
2025-10-23 13:59:22.149 🌐 [33mwarn[39m: 📥 ❌ PUT /api/reason-codes/VD - 404 (2ms)
