2025-11-05 12:44:36.708 [INFO]: 📤 POST /api/login | {"method":"POST","url":"/api/login","bodySize":73,"user":"anonymous"}
2025-11-05 12:44:36.801 [INFO]: 📥 ✅ POST /api/login - 200 (93ms) | {"method":"POST","url":"/api/login","statusCode":200,"responseTime":"93ms","responseSize":"183 bytes"}
2025-11-05 12:44:36.801 [INFO]: 📥 ✅ POST /api/login - 200 (94ms) | {"method":"POST","url":"/api/login","statusCode":200,"responseTime":"94ms","responseSize":"183 bytes"}
2025-11-05 12:44:36.926 [INFO]: 📤 GET /favicon.ico | {"method":"GET","url":"/favicon.ico","bodySize":0,"user":"ADMIN"}
2025-11-05 12:44:40.591 [INFO]: 📤 GET /api/tax-codes | {"method":"GET","url":"/api/tax-codes","bodySize":0,"user":"ADMIN"}
2025-11-05 12:44:40.594 [INFO]: 📥 ✅ GET /api/tax-codes - 200 (4ms) | {"method":"GET","url":"/api/tax-codes","statusCode":200,"responseTime":"4ms","responseSize":"105 bytes"}
2025-11-05 12:44:40.595 [INFO]: 📥 ✅ GET /api/tax-codes - 200 (5ms) | {"method":"GET","url":"/api/tax-codes","statusCode":200,"responseTime":"5ms","responseSize":"105 bytes"}
2025-11-05 12:44:40.604 [INFO]: 📤 GET /api/tax-codes | {"method":"GET","url":"/api/tax-codes","bodySize":0,"user":"ADMIN"}
2025-11-05 12:44:40.608 [INFO]: 📥 ✅ GET /api/tax-codes - 200 (3ms) | {"method":"GET","url":"/api/tax-codes","statusCode":200,"responseTime":"3ms","responseSize":"105 bytes"}
2025-11-05 12:44:40.608 [INFO]: 📥 ✅ GET /api/tax-codes - 200 (4ms) | {"method":"GET","url":"/api/tax-codes","statusCode":200,"responseTime":"4ms","responseSize":"105 bytes"}
2025-11-05 15:47:11.896 [INFO]: 📤 GET /api/outlet-setup | {"method":"GET","url":"/api/outlet-setup","bodySize":0,"user":"anonymous"}
2025-11-05 15:47:11.903 [INFO]: 📤 GET /api/property-codes | {"method":"GET","url":"/api/property-codes","bodySize":0,"user":"ADMIN"}
2025-11-05 15:47:11.935 [INFO]: 📥 ✅ GET /api/outlet-setup - 200 (41ms) | {"method":"GET","url":"/api/outlet-setup","statusCode":200,"responseTime":"41ms","responseSize":"544 bytes"}
2025-11-05 15:47:11.936 [INFO]: 📥 ✅ GET /api/outlet-setup - 200 (41ms) | {"method":"GET","url":"/api/outlet-setup","statusCode":200,"responseTime":"41ms","responseSize":"544 bytes"}
2025-11-05 15:47:11.945 [INFO]: 📥 ✅ GET /api/property-codes - 200 (42ms) | {"method":"GET","url":"/api/property-codes","statusCode":200,"responseTime":"42ms","responseSize":"4604 bytes"}
2025-11-05 15:47:11.946 [INFO]: 📥 ✅ GET /api/property-codes - 200 (43ms) | {"method":"GET","url":"/api/property-codes","statusCode":200,"responseTime":"43ms","responseSize":"4604 bytes"}
2025-11-05 15:47:11.950 [INFO]: 📤 GET /api/outlet-setup | {"method":"GET","url":"/api/outlet-setup","bodySize":0,"user":"anonymous"}
2025-11-05 15:47:11.957 [INFO]: 📥 ✅ GET /api/outlet-setup - 200 (4ms) | {"method":"GET","url":"/api/outlet-setup","statusCode":200,"responseTime":"4ms","responseSize":"544 bytes"}
2025-11-05 15:47:11.959 [INFO]: 📥 ✅ GET /api/outlet-setup - 200 (9ms) | {"method":"GET","url":"/api/outlet-setup","statusCode":200,"responseTime":"9ms","responseSize":"544 bytes"}
2025-11-05 15:47:11.971 [INFO]: 📤 GET /api/property-codes | {"method":"GET","url":"/api/property-codes","bodySize":0,"user":"ADMIN"}
2025-11-05 15:47:11.976 [INFO]: 📥 ✅ GET /api/property-codes - 200 (6ms) | {"method":"GET","url":"/api/property-codes","statusCode":200,"responseTime":"6ms","responseSize":"4604 bytes"}
2025-11-05 15:47:11.977 [INFO]: 📥 ✅ GET /api/property-codes - 200 (6ms) | {"method":"GET","url":"/api/property-codes","statusCode":200,"responseTime":"6ms","responseSize":"4604 bytes"}
2025-11-05 15:49:16.067 [INFO]: 📤 GET /api/tax-structure | {"method":"GET","url":"/api/tax-structure","bodySize":0,"user":"ADMIN"}
2025-11-05 15:49:16.073 [INFO]: 📥 ✅ GET /api/tax-structure - 200 (6ms) | {"method":"GET","url":"/api/tax-structure","statusCode":200,"responseTime":"6ms","responseSize":"612 bytes"}
2025-11-05 15:49:16.075 [INFO]: 📥 ✅ GET /api/tax-structure - 200 (6ms) | {"method":"GET","url":"/api/tax-structure","statusCode":200,"responseTime":"6ms","responseSize":"612 bytes"}
2025-11-05 15:49:16.270 [INFO]: 📤 GET /api/tax-structure | {"method":"GET","url":"/api/tax-structure","bodySize":0,"user":"ADMIN"}
2025-11-05 15:49:16.274 [INFO]: 📥 ✅ GET /api/tax-structure - 200 (4ms) | {"method":"GET","url":"/api/tax-structure","statusCode":200,"responseTime":"4ms","responseSize":"612 bytes"}
2025-11-05 15:49:16.278 [INFO]: 📥 ✅ GET /api/tax-structure - 200 (4ms) | {"method":"GET","url":"/api/tax-structure","statusCode":200,"responseTime":"4ms","responseSize":"612 bytes"}
2025-11-05 15:51:44.637 [INFO]: 📤 GET /api/tax-structure | {"method":"GET","url":"/api/tax-structure","bodySize":0,"user":"ADMIN"}
2025-11-05 15:51:44.640 [INFO]: 📥 ✅ GET /api/tax-structure - 200 (4ms) | {"method":"GET","url":"/api/tax-structure","statusCode":200,"responseTime":"4ms","responseSize":"612 bytes"}
2025-11-05 15:51:44.641 [INFO]: 📥 ✅ GET /api/tax-structure - 200 (4ms) | {"method":"GET","url":"/api/tax-structure","statusCode":200,"responseTime":"4ms","responseSize":"612 bytes"}
2025-11-05 15:59:38.003 [INFO]: 📤 GET /api/tax-structure | {"method":"GET","url":"/api/tax-structure","bodySize":0,"user":"anonymous"}
2025-11-05 15:59:38.005 [INFO]: 📥 ✅ GET /api/tax-structure - 200 (3ms) | {"method":"GET","url":"/api/tax-structure","statusCode":200,"responseTime":"3ms","responseSize":"612 bytes"}
2025-11-05 15:59:38.006 [INFO]: 📥 ✅ GET /api/tax-structure - 200 (4ms) | {"method":"GET","url":"/api/tax-structure","statusCode":200,"responseTime":"4ms","responseSize":"612 bytes"}
2025-11-05 16:04:00.566 [INFO]: 📤 GET /api/tax-structure | {"method":"GET","url":"/api/tax-structure","bodySize":0,"user":"anonymous"}
2025-11-05 16:04:00.570 [INFO]: 📥 ✅ GET /api/tax-structure - 200 (3ms) | {"method":"GET","url":"/api/tax-structure","statusCode":200,"responseTime":"3ms","responseSize":"612 bytes"}
2025-11-05 16:04:00.570 [INFO]: 📥 ✅ GET /api/tax-structure - 200 (4ms) | {"method":"GET","url":"/api/tax-structure","statusCode":200,"responseTime":"4ms","responseSize":"612 bytes"}
2025-11-05 16:05:24.099 [INFO]: 📤 GET /api/tax-codes | {"method":"GET","url":"/api/tax-codes","bodySize":0,"user":"anonymous"}
2025-11-05 16:05:24.106 [INFO]: 📥 ✅ GET /api/tax-codes - 200 (9ms) | {"method":"GET","url":"/api/tax-codes","statusCode":200,"responseTime":"9ms","responseSize":"105 bytes"}
2025-11-05 16:05:24.107 [INFO]: 📥 ✅ GET /api/tax-codes - 200 (9ms) | {"method":"GET","url":"/api/tax-codes","statusCode":200,"responseTime":"9ms","responseSize":"105 bytes"}
2025-11-05 16:05:33.972 [INFO]: 📤 GET /api/tax-codes | {"method":"GET","url":"/api/tax-codes","bodySize":0,"user":"anonymous"}
2025-11-05 16:05:33.974 [INFO]: 📥 ✅ GET /api/tax-codes - 200 (3ms) | {"method":"GET","url":"/api/tax-codes","statusCode":200,"responseTime":"3ms","responseSize":"105 bytes"}
2025-11-05 16:05:33.974 [INFO]: 📥 ✅ GET /api/tax-codes - 200 (3ms) | {"method":"GET","url":"/api/tax-codes","statusCode":200,"responseTime":"3ms","responseSize":"105 bytes"}
2025-11-05 16:05:47.388 [INFO]: 📤 POST /api/tax-structure | {"method":"POST","url":"/api/tax-structure","bodySize":139,"user":"anonymous"}
2025-11-05 16:05:47.418 [ERROR]: 📥 ❌ POST /api/tax-structure - 500 (30ms) | {"method":"POST","url":"/api/tax-structure","statusCode":500,"responseTime":"30ms","responseSize":"134 bytes"}
2025-11-05 16:05:47.418 [ERROR]: 📥 ❌ POST /api/tax-structure - 500 (30ms) | {"method":"POST","url":"/api/tax-structure","statusCode":500,"responseTime":"30ms","responseSize":"134 bytes"}
2025-11-05 16:12:10.506 [INFO]: 📤 POST /api/tax-structure | {"method":"POST","url":"/api/tax-structure","bodySize":139,"user":"anonymous"}
2025-11-05 16:12:10.510 [ERROR]: 📥 ❌ POST /api/tax-structure - 500 (4ms) | {"method":"POST","url":"/api/tax-structure","statusCode":500,"responseTime":"4ms","responseSize":"134 bytes"}
2025-11-05 16:12:10.510 [ERROR]: 📥 ❌ POST /api/tax-structure - 500 (4ms) | {"method":"POST","url":"/api/tax-structure","statusCode":500,"responseTime":"4ms","responseSize":"134 bytes"}
2025-11-05 16:13:14.751 [INFO]: 📤 POST /api/tax-structure/legacy | {"method":"POST","url":"/api/tax-structure/legacy","bodySize":75,"user":"anonymous"}
2025-11-05 16:13:49.570 [INFO]: 📤 POST /api/tax-structure/legacy | {"method":"POST","url":"/api/tax-structure/legacy","bodySize":75,"user":"anonymous"}
2025-11-05 16:24:20.439 [INFO]: 📤 POST /api/tax-structure/legacy | {"method":"POST","url":"/api/tax-structure/legacy","bodySize":75,"user":"anonymous"}
2025-11-05 16:24:20.482 [INFO]: 📥 ✅ POST /api/tax-structure/legacy - 200 (43ms) | {"method":"POST","url":"/api/tax-structure/legacy","statusCode":200,"responseTime":"43ms","responseSize":"83 bytes"}
2025-11-05 16:24:20.483 [INFO]: 📥 ✅ POST /api/tax-structure/legacy - 200 (44ms) | {"method":"POST","url":"/api/tax-structure/legacy","statusCode":200,"responseTime":"44ms","responseSize":"83 bytes"}
2025-11-05 16:30:06.228 [INFO]: 📤 GET /api/tax-structure | {"method":"GET","url":"/api/tax-structure","bodySize":0,"user":"anonymous"}
2025-11-05 16:30:06.233 [ERROR]: 📥 ❌ GET /api/tax-structure - 500 (5ms) | {"method":"GET","url":"/api/tax-structure","statusCode":500,"responseTime":"5ms","responseSize":"119 bytes"}
2025-11-05 16:30:06.234 [ERROR]: 📥 ❌ GET /api/tax-structure - 500 (6ms) | {"method":"GET","url":"/api/tax-structure","statusCode":500,"responseTime":"6ms","responseSize":"119 bytes"}
2025-11-05 16:30:53.994 [INFO]: 📤 GET /api/tax-structure | {"method":"GET","url":"/api/tax-structure","bodySize":0,"user":"anonymous"}
2025-11-05 16:30:54.007 [ERROR]: 📥 ❌ GET /api/tax-structure - 500 (14ms) | {"method":"GET","url":"/api/tax-structure","statusCode":500,"responseTime":"14ms","responseSize":"125 bytes"}
2025-11-05 16:30:54.009 [ERROR]: 📥 ❌ GET /api/tax-structure - 500 (16ms) | {"method":"GET","url":"/api/tax-structure","statusCode":500,"responseTime":"16ms","responseSize":"125 bytes"}
2025-11-05 16:31:56.129 [INFO]: 📤 GET /api/tax-structure | {"method":"GET","url":"/api/tax-structure","bodySize":0,"user":"anonymous"}
2025-11-05 16:31:56.156 [INFO]: 📥 ✅ GET /api/tax-structure - 200 (29ms) | {"method":"GET","url":"/api/tax-structure","statusCode":200,"responseTime":"29ms","responseSize":"720 bytes"}
2025-11-05 16:31:56.158 [INFO]: 📥 ✅ GET /api/tax-structure - 200 (30ms) | {"method":"GET","url":"/api/tax-structure","statusCode":200,"responseTime":"30ms","responseSize":"720 bytes"}
2025-11-05 17:44:20.237 [INFO]: 📤 GET /api/tax-structure | {"method":"GET","url":"/api/tax-structure","bodySize":0,"user":"anonymous"}
2025-11-05 17:44:20.243 [INFO]: 📥 ✅ GET /api/tax-structure - 200 (6ms) | {"method":"GET","url":"/api/tax-structure","statusCode":200,"responseTime":"6ms","responseSize":"720 bytes"}
2025-11-05 17:44:20.244 [INFO]: 📥 ✅ GET /api/tax-structure - 200 (7ms) | {"method":"GET","url":"/api/tax-structure","statusCode":200,"responseTime":"7ms","responseSize":"720 bytes"}
