2025-11-05 12:06:45.818 [INFO]: 🔗 Database connected | {"host":"localhost","port":3307,"database":"pos_db"}
2025-11-05 12:44:36.709 [DEBUG]: 🔍 Query: SELECT * FROM IT_CONF_USER_SETUP WHERE user_name = ? AND password = ? AND is_active = 1 | {"sql":"SELECT * FROM IT_CONF_USER_SETUP WHERE user_name = ? AND password = ? AND is_active = 1","params":"[\"admin@ithots.com\",\"admin\"]","executionTime":null}
2025-11-05 12:44:36.799 [INFO]: ✅ Query completed - 1 rows (89ms) | {"sql":"SELECT * FROM IT_CONF_USER_SETUP WHERE user_name =","rowsAffected":1,"executionTime":"89ms"}
2025-11-05 12:44:40.592 [DEBUG]: 🔍 Query: SELECT TAX_CODE as tax_code, TAX_DESC as tax_name, RATE as tax_percentage, ActiveStatus as is_active... | {"sql":"SELECT TAX_CODE as tax_code, TAX_DESC as tax_name, RATE as tax_percentage, ActiveStatus as is_active FROM it_conf_taxcode ORDER BY TAX_CODE","params":null,"executionTime":null}
2025-11-05 12:44:40.594 [INFO]: ✅ Query completed - 1 rows (2ms) | {"sql":"SELECT TAX_CODE as tax_code, TAX_DESC as tax_name,","rowsAffected":1,"executionTime":"2ms"}
2025-11-05 12:44:40.605 [DEBUG]: 🔍 Query: SELECT TAX_CODE as tax_code, TAX_DESC as tax_name, RATE as tax_percentage, ActiveStatus as is_active... | {"sql":"SELECT TAX_CODE as tax_code, TAX_DESC as tax_name, RATE as tax_percentage, ActiveStatus as is_active FROM it_conf_taxcode ORDER BY TAX_CODE","params":null,"executionTime":null}
2025-11-05 12:44:40.607 [INFO]: ✅ Query completed - 1 rows (3ms) | {"sql":"SELECT TAX_CODE as tax_code, TAX_DESC as tax_name,","rowsAffected":1,"executionTime":"3ms"}
2025-11-05 15:47:11.898 [DEBUG]: 🔍 Query: SELECT 
        id, 
        property,
        applicable_from,
        outlet_code,
        outlet_... | {"sql":"SELECT id, property, applicable_from, outlet_code, outlet_name, short_name, outlet_type, item_price_level, check_prefix, check_format, receipt_format, kitchen_format, inactive, options, created_at, updated_at FROM IT_CONF_OUTSET WHERE inactive = FALSE ORDER BY outlet_code","params":null,"executionTime":null}
2025-11-05 15:47:11.906 [DEBUG]: 🔍 Query: SELECT 
                       id, applicable_from, property_code, property_name, nick_name, owner_n... | {"sql":"SELECT id, applicable_from, property_code, property_name, nick_name, owner_name, address_name, gst_number, pan_number, group_name, local_currency, currency_format, symbol, decimal_places, date_format, round_off, property_logo, created_at, updated_at, created_user_id, updated_user_id, reserve_1, reserve_2 FROM IT_CONF_PROPERTY ORDER BY property_code","params":null,"executionTime":null}
2025-11-05 15:47:11.934 [INFO]: ✅ Query completed - 1 rows (37ms) | {"sql":"SELECT id, property, applicable_from, outlet_code,","rowsAffected":1,"executionTime":"37ms"}
2025-11-05 15:47:11.944 [INFO]: ✅ Query completed - 10 rows (38ms) | {"sql":"SELECT id, applicable_from, property_code, propert","rowsAffected":10,"executionTime":"38ms"}
2025-11-05 15:47:11.950 [DEBUG]: 🔍 Query: SELECT 
        id, 
        property,
        applicable_from,
        outlet_code,
        outlet_... | {"sql":"SELECT id, property, applicable_from, outlet_code, outlet_name, short_name, outlet_type, item_price_level, check_prefix, check_format, receipt_format, kitchen_format, inactive, options, created_at, updated_at FROM IT_CONF_OUTSET WHERE inactive = FALSE ORDER BY outlet_code","params":null,"executionTime":null}
2025-11-05 15:47:11.953 [INFO]: ✅ Query completed - 1 rows (2ms) | {"sql":"SELECT id, property, applicable_from, outlet_code,","rowsAffected":1,"executionTime":"2ms"}
2025-11-05 15:47:11.972 [DEBUG]: 🔍 Query: SELECT 
                       id, applicable_from, property_code, property_name, nick_name, owner_n... | {"sql":"SELECT id, applicable_from, property_code, property_name, nick_name, owner_name, address_name, gst_number, pan_number, group_name, local_currency, currency_format, symbol, decimal_places, date_format, round_off, property_logo, created_at, updated_at, created_user_id, updated_user_id, reserve_1, reserve_2 FROM IT_CONF_PROPERTY ORDER BY property_code","params":null,"executionTime":null}
2025-11-05 15:47:11.975 [INFO]: ✅ Query completed - 10 rows (4ms) | {"sql":"SELECT id, applicable_from, property_code, propert","rowsAffected":10,"executionTime":"4ms"}
2025-11-05 15:49:16.069 [DEBUG]: 🔍 Query: SELECT TAXSTRCODE as tax_structure_code, TAXSTRNAME as tax_structure_name, DESCRIPTION as descriptio... | {"sql":"SELECT TAXSTRCODE as tax_structure_code, TAXSTRNAME as tax_structure_name, DESCRIPTION as description, ActiveStatus as is_active FROM IT_CONF_TAXSTRUCTURE WHERE ActiveStatus = 1 ORDER BY TAXSTRCODE","params":null,"executionTime":null}
2025-11-05 15:49:16.073 [INFO]: ✅ Query completed - 5 rows (4ms) | {"sql":"SELECT TAXSTRCODE as tax_structure_code, TAXSTRNAM","rowsAffected":5,"executionTime":"4ms"}
2025-11-05 15:49:16.271 [DEBUG]: 🔍 Query: SELECT TAXSTRCODE as tax_structure_code, TAXSTRNAME as tax_structure_name, DESCRIPTION as descriptio... | {"sql":"SELECT TAXSTRCODE as tax_structure_code, TAXSTRNAME as tax_structure_name, DESCRIPTION as description, ActiveStatus as is_active FROM IT_CONF_TAXSTRUCTURE WHERE ActiveStatus = 1 ORDER BY TAXSTRCODE","params":null,"executionTime":null}
2025-11-05 15:49:16.274 [INFO]: ✅ Query completed - 5 rows (3ms) | {"sql":"SELECT TAXSTRCODE as tax_structure_code, TAXSTRNAM","rowsAffected":5,"executionTime":"3ms"}
2025-11-05 15:51:44.638 [DEBUG]: 🔍 Query: SELECT TAXSTRCODE as tax_structure_code, TAXSTRNAME as tax_structure_name, DESCRIPTION as descriptio... | {"sql":"SELECT TAXSTRCODE as tax_structure_code, TAXSTRNAME as tax_structure_name, DESCRIPTION as description, ActiveStatus as is_active FROM IT_CONF_TAXSTRUCTURE WHERE ActiveStatus = 1 ORDER BY TAXSTRCODE","params":null,"executionTime":null}
2025-11-05 15:51:44.640 [INFO]: ✅ Query completed - 5 rows (2ms) | {"sql":"SELECT TAXSTRCODE as tax_structure_code, TAXSTRNAM","rowsAffected":5,"executionTime":"2ms"}
2025-11-05 15:59:38.003 [DEBUG]: 🔍 Query: SELECT TAXSTRCODE as tax_structure_code, TAXSTRNAME as tax_structure_name, DESCRIPTION as descriptio... | {"sql":"SELECT TAXSTRCODE as tax_structure_code, TAXSTRNAME as tax_structure_name, DESCRIPTION as description, ActiveStatus as is_active FROM IT_CONF_TAXSTRUCTURE WHERE ActiveStatus = 1 ORDER BY TAXSTRCODE","params":null,"executionTime":null}
2025-11-05 15:59:38.005 [INFO]: ✅ Query completed - 5 rows (2ms) | {"sql":"SELECT TAXSTRCODE as tax_structure_code, TAXSTRNAM","rowsAffected":5,"executionTime":"2ms"}
2025-11-05 16:04:00.567 [DEBUG]: 🔍 Query: SELECT TAXSTRCODE as tax_structure_code, TAXSTRNAME as tax_structure_name, DESCRIPTION as descriptio... | {"sql":"SELECT TAXSTRCODE as tax_structure_code, TAXSTRNAME as tax_structure_name, DESCRIPTION as description, ActiveStatus as is_active FROM IT_CONF_TAXSTRUCTURE WHERE ActiveStatus = 1 ORDER BY TAXSTRCODE","params":null,"executionTime":null}
2025-11-05 16:04:00.569 [INFO]: ✅ Query completed - 5 rows (2ms) | {"sql":"SELECT TAXSTRCODE as tax_structure_code, TAXSTRNAM","rowsAffected":5,"executionTime":"2ms"}
2025-11-05 16:05:24.100 [DEBUG]: 🔍 Query: SELECT TAX_CODE as tax_code, TAX_DESC as tax_name, RATE as tax_percentage, ActiveStatus as is_active... | {"sql":"SELECT TAX_CODE as tax_code, TAX_DESC as tax_name, RATE as tax_percentage, ActiveStatus as is_active FROM it_conf_taxcode ORDER BY TAX_CODE","params":null,"executionTime":null}
2025-11-05 16:05:24.105 [INFO]: ✅ Query completed - 1 rows (5ms) | {"sql":"SELECT TAX_CODE as tax_code, TAX_DESC as tax_name,","rowsAffected":1,"executionTime":"5ms"}
2025-11-05 16:05:33.972 [DEBUG]: 🔍 Query: SELECT TAX_CODE as tax_code, TAX_DESC as tax_name, RATE as tax_percentage, ActiveStatus as is_active... | {"sql":"SELECT TAX_CODE as tax_code, TAX_DESC as tax_name, RATE as tax_percentage, ActiveStatus as is_active FROM it_conf_taxcode ORDER BY TAX_CODE","params":null,"executionTime":null}
2025-11-05 16:05:33.974 [INFO]: ✅ Query completed - 1 rows (1ms) | {"sql":"SELECT TAX_CODE as tax_code, TAX_DESC as tax_name,","rowsAffected":1,"executionTime":"1ms"}
2025-11-05 16:05:47.389 [DEBUG]: 🔍 Query: INSERT INTO IT_CONF_TAXSTRUCTURE 
                   (tax_structure_code, tax_structure_name, outlet... | {"sql":"INSERT INTO IT_CONF_TAXSTRUCTURE (tax_structure_code, tax_structure_name, outlet_code, menu_type, serial_number, short_tax, tax_code, calculation_type, amount, target_tax, is_active, created_by) VALUES (?, ?, ?, ?, ?, ?, ?, ?, ?, ?, ?, 'admin')","params":"[\"TSTSTR01\",\"Test Structure 01\",null,null,null,null,\"VAT01\",\"Percentage\",0,0,1]","executionTime":null}
2025-11-05 16:05:47.414 [ERROR]: 💥 DB Error: Unknown column 'tax_structure_code' in 'field list' | {"sql":"INSERT INTO IT_CONF_TAXSTRUCTURE (tax_structure_code, tax_structure_name, outlet_code, menu_type, serial_number, short_tax, tax_code, calculation_type, amount, target_tax, is_active, created_by) VALUES (?, ?, ?, ?, ?, ?, ?, ?, ?, ?, ?, 'admin')","params":"[\"TSTSTR01\",\"Test Structure 01\",null,null,null,null,\"VAT01\",\"Percentage\",0,0,1]","error":"Unknown column 'tax_structure_code' in 'field list'","code":"ER_BAD_FIELD_ERROR"}
2025-11-05 16:12:10.507 [DEBUG]: 🔍 Query: INSERT INTO IT_CONF_TAXSTRUCTURE 
                   (tax_structure_code, tax_structure_name, outlet... | {"sql":"INSERT INTO IT_CONF_TAXSTRUCTURE (tax_structure_code, tax_structure_name, outlet_code, menu_type, serial_number, short_tax, tax_code, calculation_type, amount, target_tax, is_active, created_by) VALUES (?, ?, ?, ?, ?, ?, ?, ?, ?, ?, ?, 'admin')","params":"[\"TSTSTR01\",\"Test Structure 01\",null,null,null,null,\"VAT01\",\"Percentage\",0,0,1]","executionTime":null}
2025-11-05 16:12:10.509 [ERROR]: 💥 DB Error: Unknown column 'tax_structure_code' in 'field list' | {"sql":"INSERT INTO IT_CONF_TAXSTRUCTURE (tax_structure_code, tax_structure_name, outlet_code, menu_type, serial_number, short_tax, tax_code, calculation_type, amount, target_tax, is_active, created_by) VALUES (?, ?, ?, ?, ?, ?, ?, ?, ?, ?, ?, 'admin')","params":"[\"TSTSTR01\",\"Test Structure 01\",null,null,null,null,\"VAT01\",\"Percentage\",0,0,1]","error":"Unknown column 'tax_structure_code' in 'field list'","code":"ER_BAD_FIELD_ERROR"}
2025-11-05 16:18:01.273 [INFO]: 🔗 Database connected | {"host":"localhost","port":3307,"database":"pos_db"}
2025-11-05 16:19:20.016 [INFO]: 🔗 Database connected | {"host":"localhost","port":3307,"database":"pos_db"}
2025-11-05 16:24:20.443 [DEBUG]: 🔍 Query: SELECT IFNULL(MAX(TAXSTRCODE),0) + 1 AS nextCode FROM IT_CONF_TAXSTRUCTURE | {"sql":"SELECT IFNULL(MAX(TAXSTRCODE),0) + 1 AS nextCode FROM IT_CONF_TAXSTRUCTURE","params":null,"executionTime":null}
2025-11-05 16:24:20.453 [INFO]: ✅ Query completed - 1 rows (11ms) | {"sql":"SELECT IFNULL(MAX(TAXSTRCODE),0) + 1 AS nextCode F","rowsAffected":1,"executionTime":"11ms"}
2025-11-05 16:24:20.454 [DEBUG]: 🔍 Query: INSERT INTO IT_CONF_TAXSTRUCTURE (TAXSTRCODE, TAXSTRNAME, DESCRIPTION, ActiveStatus) VALUES (?, ?, ?... | {"sql":"INSERT INTO IT_CONF_TAXSTRUCTURE (TAXSTRCODE, TAXSTRNAME, DESCRIPTION, ActiveStatus) VALUES (?, ?, ?, ?)","params":"[\"6\",\"Test Structure 01\",\"Tax:VAT01\",1]","executionTime":null}
2025-11-05 16:24:20.481 [INFO]: ✅ Query completed - 1 rows (28ms) | {"sql":"INSERT INTO IT_CONF_TAXSTRUCTURE (TAXSTRCODE, TAXS","rowsAffected":1,"executionTime":"28ms"}
2025-11-05 16:29:06.231 [INFO]: 🔗 Database connected | {"host":"localhost","port":3307,"database":"pos_db"}
2025-11-05 16:30:06.229 [DEBUG]: 🔍 Query: 
            SELECT 
                COALESCE(t.id, NULL) as id,
                t.TAXSTRCODE as tax... | {"sql":"SELECT COALESCE(t.id, NULL) as id, t.TAXSTRCODE as tax_structure_code, t.TAXSTRNAME as tax_structure_name, t.tax_code as tax_code, tc.TAX_DESC as tax_name, tc.RATE as tax_percentage, t.DESCRIPTION as description, t.calculation_type as calculation_type, t.ActiveStatus as is_active FROM IT_CONF_TAXSTRUCTURE t LEFT JOIN it_conf_taxcode tc ON t.tax_code = tc.TAX_CODE WHERE t.ActiveStatus = 1 ORDER BY t.TAXSTRCODE","params":null,"executionTime":null}
2025-11-05 16:30:06.232 [ERROR]: 💥 DB Error: Unknown column 't.id' in 'field list' | {"sql":"SELECT COALESCE(t.id, NULL) as id, t.TAXSTRCODE as tax_structure_code, t.TAXSTRNAME as tax_structure_name, t.tax_code as tax_code, tc.TAX_DESC as tax_name, tc.RATE as tax_percentage, t.DESCRIPTION as description, t.calculation_type as calculation_type, t.ActiveStatus as is_active FROM IT_CONF_TAXSTRUCTURE t LEFT JOIN it_conf_taxcode tc ON t.tax_code = tc.TAX_CODE WHERE t.ActiveStatus = 1 ORDER BY t.TAXSTRCODE","params":null,"error":"Unknown column 't.id' in 'field list'","code":"ER_BAD_FIELD_ERROR"}
2025-11-05 16:30:41.444 [INFO]: 🔗 Database connected | {"host":"localhost","port":3307,"database":"pos_db"}
2025-11-05 16:30:53.997 [DEBUG]: 🔍 Query: 
                SELECT 
                    t.TAXSTRCODE as tax_structure_code,
                t.T... | {"sql":"SELECT t.TAXSTRCODE as tax_structure_code, t.TAXSTRNAME as tax_structure_name, t.tax_code as tax_code, tc.TAX_DESC as tax_name, tc.RATE as tax_percentage, t.DESCRIPTION as description, t.calculation_type as calculation_type, t.ActiveStatus as is_active FROM IT_CONF_TAXSTRUCTURE t LEFT JOIN it_conf_taxcode tc ON t.tax_code = tc.TAX_CODE WHERE t.ActiveStatus = 1 ORDER BY t.TAXSTRCODE","params":null,"executionTime":null}
2025-11-05 16:30:54.004 [ERROR]: 💥 DB Error: Unknown column 't.tax_code' in 'field list' | {"sql":"SELECT t.TAXSTRCODE as tax_structure_code, t.TAXSTRNAME as tax_structure_name, t.tax_code as tax_code, tc.TAX_DESC as tax_name, tc.RATE as tax_percentage, t.DESCRIPTION as description, t.calculation_type as calculation_type, t.ActiveStatus as is_active FROM IT_CONF_TAXSTRUCTURE t LEFT JOIN it_conf_taxcode tc ON t.tax_code = tc.TAX_CODE WHERE t.ActiveStatus = 1 ORDER BY t.TAXSTRCODE","params":null,"error":"Unknown column 't.tax_code' in 'field list'","code":"ER_BAD_FIELD_ERROR"}
2025-11-05 16:31:30.759 [INFO]: 🔗 Database connected | {"host":"localhost","port":3307,"database":"pos_db"}
2025-11-05 16:31:56.133 [DEBUG]: 🔍 Query: SELECT TAXSTRCODE as tax_structure_code, TAXSTRNAME as tax_structure_name, DESCRIPTION as descriptio... | {"sql":"SELECT TAXSTRCODE as tax_structure_code, TAXSTRNAME as tax_structure_name, DESCRIPTION as description, ActiveStatus as is_active FROM IT_CONF_TAXSTRUCTURE WHERE ActiveStatus = 1 ORDER BY TAXSTRCODE","params":null,"executionTime":null}
2025-11-05 16:31:56.155 [INFO]: ✅ Query completed - 6 rows (23ms) | {"sql":"SELECT TAXSTRCODE as tax_structure_code, TAXSTRNAM","rowsAffected":6,"executionTime":"23ms"}
2025-11-05 17:42:25.109 [DEBUG]: 🔍 Query: SELECT COUNT(*) AS cnt FROM INFORMATION_SCHEMA.COLUMNS WHERE TABLE_SCHEMA = ? AND TABLE_NAME = 'IT_C... | {"sql":"SELECT COUNT(*) AS cnt FROM INFORMATION_SCHEMA.COLUMNS WHERE TABLE_SCHEMA = ? AND TABLE_NAME = 'IT_CONF_TAXSTRUCTURE' AND COLUMN_NAME = 'id'","params":"[\"pos_db\"]","executionTime":null}
2025-11-05 17:42:25.155 [INFO]: 🔗 Database connected | {"host":"localhost","port":3307,"database":"pos_db"}
2025-11-05 17:42:25.169 [INFO]: ✅ Query completed - 1 rows (63ms) | {"sql":"SELECT COUNT(*) AS cnt FROM INFORMATION_SCHEMA.COL","rowsAffected":1,"executionTime":"63ms"}
2025-11-05 17:44:20.239 [DEBUG]: 🔍 Query: SELECT TAXSTRCODE as tax_structure_code, TAXSTRNAME as tax_structure_name, DESCRIPTION as descriptio... | {"sql":"SELECT TAXSTRCODE as tax_structure_code, TAXSTRNAME as tax_structure_name, DESCRIPTION as description, ActiveStatus as is_active FROM IT_CONF_TAXSTRUCTURE WHERE ActiveStatus = 1 ORDER BY TAXSTRCODE","params":null,"executionTime":null}
2025-11-05 17:44:20.243 [INFO]: ✅ Query completed - 6 rows (3ms) | {"sql":"SELECT TAXSTRCODE as tax_structure_code, TAXSTRNAM","rowsAffected":6,"executionTime":"3ms"}
