2025-11-04 21:38:23.188 [INFO]: 🔗 Database connected | {"host":"localhost","port":3307,"database":"pos_db"}
2025-11-04 21:39:10.101 [DEBUG]: 🔍 Query: SELECT * FROM IT_CONF_USER_SETUP WHERE user_name = ? AND password = ? AND is_active = 1 | {"sql":"SELECT * FROM IT_CONF_USER_SETUP WHERE user_name = ? AND password = ? AND is_active = 1","params":"[\"admin@ithots.com\",\"admin\"]","executionTime":null}
2025-11-04 21:39:10.121 [INFO]: ✅ Query completed - 1 rows (21ms) | {"sql":"SELECT * FROM IT_CONF_USER_SETUP WHERE user_name =","rowsAffected":1,"executionTime":"21ms"}
2025-11-04 21:39:19.598 [DEBUG]: 🔍 Query: SELECT * FROM IT_CONF_USER_SETUP WHERE user_name = ? AND password = ? AND is_active = 1 | {"sql":"SELECT * FROM IT_CONF_USER_SETUP WHERE user_name = ? AND password = ? AND is_active = 1","params":"[\"admin@ithots.com\",\"admin\"]","executionTime":null}
2025-11-04 21:39:19.600 [INFO]: ✅ Query completed - 1 rows (2ms) | {"sql":"SELECT * FROM IT_CONF_USER_SETUP WHERE user_name =","rowsAffected":1,"executionTime":"2ms"}
2025-11-04 21:39:31.611 [DEBUG]: 🔍 Query: SELECT * FROM IT_CONF_USER_SETUP WHERE user_name = ? AND password = ? AND is_active = 1 | {"sql":"SELECT * FROM IT_CONF_USER_SETUP WHERE user_name = ? AND password = ? AND is_active = 1","params":"[\"admin@ithots.com\",\"admin\"]","executionTime":null}
2025-11-04 21:39:31.617 [INFO]: ✅ Query completed - 1 rows (6ms) | {"sql":"SELECT * FROM IT_CONF_USER_SETUP WHERE user_name =","rowsAffected":1,"executionTime":"6ms"}
2025-11-04 21:44:41.971 [DEBUG]: 🔍 Query: INSERT INTO IT_CONF_UOM (UOM_CODE, UOM_NAME, DESCRIPTION, ActiveStatus) VALUES (?, ?, ?, ?) | {"sql":"INSERT INTO IT_CONF_UOM (UOM_CODE, UOM_NAME, DESCRIPTION, ActiveStatus) VALUES (?, ?, ?, ?)","params":"[\"POR\",\"POR\",null,1]","executionTime":null}
2025-11-04 21:44:42.053 [INFO]: ✅ Query completed - 1 rows (82ms) | {"sql":"INSERT INTO IT_CONF_UOM (UOM_CODE, UOM_NAME, DESCR","rowsAffected":1,"executionTime":"82ms"}
2025-11-04 21:44:42.055 [DEBUG]: 🔍 Query: SELECT UOM_CODE AS uom_code, UOM_NAME AS uom_name, DESCRIPTION AS description, ActiveStatus AS is_ac... | {"sql":"SELECT UOM_CODE AS uom_code, UOM_NAME AS uom_name, DESCRIPTION AS description, ActiveStatus AS is_active FROM IT_CONF_UOM WHERE UOM_CODE = ?","params":"[\"POR\"]","executionTime":null}
2025-11-04 21:44:42.059 [INFO]: ✅ Query completed - 1 rows (4ms) | {"sql":"SELECT UOM_CODE AS uom_code, UOM_NAME AS uom_name,","rowsAffected":1,"executionTime":"4ms"}
2025-11-04 21:56:59.501 [DEBUG]: 🔍 Query: INSERT INTO IT_CONF_UOM (UOM_CODE, UOM_NAME, DESCRIPTION, ActiveStatus) VALUES (?, ?, ?, ?) | {"sql":"INSERT INTO IT_CONF_UOM (UOM_CODE, UOM_NAME, DESCRIPTION, ActiveStatus) VALUES (?, ?, ?, ?)","params":"[\"NEWPOS\",\"Newpos\",null,1]","executionTime":null}
2025-11-04 21:56:59.518 [INFO]: ✅ Query completed - 1 rows (15ms) | {"sql":"INSERT INTO IT_CONF_UOM (UOM_CODE, UOM_NAME, DESCR","rowsAffected":1,"executionTime":"15ms"}
2025-11-04 21:56:59.521 [DEBUG]: 🔍 Query: SELECT UOM_CODE AS uom_code, UOM_NAME AS uom_name, DESCRIPTION AS description, ActiveStatus AS is_ac... | {"sql":"SELECT UOM_CODE AS uom_code, UOM_NAME AS uom_name, DESCRIPTION AS description, ActiveStatus AS is_active FROM IT_CONF_UOM WHERE UOM_CODE = ?","params":"[\"NEWPOS\"]","executionTime":null}
2025-11-04 21:56:59.524 [INFO]: ✅ Query completed - 1 rows (4ms) | {"sql":"SELECT UOM_CODE AS uom_code, UOM_NAME AS uom_name,","rowsAffected":1,"executionTime":"4ms"}
2025-11-04 22:12:34.672 [DEBUG]: 🔍 Query: SELECT
        REASON_CODE AS reason_code,
        REASON_DESC AS reason_description,
              ... | {"sql":"SELECT REASON_CODE AS reason_code, REASON_DESC AS reason_description, IFNULL(OPERATION_TYPE, 'General') AS operation_type, IFNULL(display_sequence, 0) AS display_sequence, IFNULL(ActiveStatus, 1) AS is_active FROM IT_CONF_REASONS ORDER BY REASON_CODE","params":null,"executionTime":null}
2025-11-04 22:12:34.678 [INFO]: ✅ Query completed - 6 rows (7ms) | {"sql":"SELECT REASON_CODE AS reason_code, REASON_DESC AS ","rowsAffected":6,"executionTime":"7ms"}
2025-11-04 22:12:34.913 [DEBUG]: 🔍 Query: SELECT
        REASON_CODE AS reason_code,
        REASON_DESC AS reason_description,
              ... | {"sql":"SELECT REASON_CODE AS reason_code, REASON_DESC AS reason_description, IFNULL(OPERATION_TYPE, 'General') AS operation_type, IFNULL(display_sequence, 0) AS display_sequence, IFNULL(ActiveStatus, 1) AS is_active FROM IT_CONF_REASONS ORDER BY REASON_CODE","params":null,"executionTime":null}
2025-11-04 22:12:34.916 [INFO]: ✅ Query completed - 6 rows (3ms) | {"sql":"SELECT REASON_CODE AS reason_code, REASON_DESC AS ","rowsAffected":6,"executionTime":"3ms"}
2025-11-04 22:12:48.497 [DEBUG]: 🔍 Query: SELECT TAX_CODE as tax_code, TAX_DESC as tax_name, RATE as tax_percentage, ActiveStatus as is_active... | {"sql":"SELECT TAX_CODE as tax_code, TAX_DESC as tax_name, RATE as tax_percentage, ActiveStatus as is_active FROM it_conf_taxcode ORDER BY TAX_CODE","params":null,"executionTime":null}
2025-11-04 22:12:48.513 [INFO]: ✅ Query completed - 0 rows (13ms) | {"sql":"SELECT TAX_CODE as tax_code, TAX_DESC as tax_name,","rowsAffected":0,"executionTime":"13ms"}
2025-11-04 22:12:48.591 [DEBUG]: 🔍 Query: SELECT TAX_CODE as tax_code, TAX_DESC as tax_name, RATE as tax_percentage, ActiveStatus as is_active... | {"sql":"SELECT TAX_CODE as tax_code, TAX_DESC as tax_name, RATE as tax_percentage, ActiveStatus as is_active FROM it_conf_taxcode ORDER BY TAX_CODE","params":null,"executionTime":null}
2025-11-04 22:12:48.596 [INFO]: ✅ Query completed - 0 rows (5ms) | {"sql":"SELECT TAX_CODE as tax_code, TAX_DESC as tax_name,","rowsAffected":0,"executionTime":"5ms"}
2025-11-04 22:13:06.777 [DEBUG]: 🔍 Query: SELECT TAX_CODE as tax_code, TAX_DESC as tax_name, RATE as tax_percentage, ActiveStatus as is_active... | {"sql":"SELECT TAX_CODE as tax_code, TAX_DESC as tax_name, RATE as tax_percentage, ActiveStatus as is_active FROM it_conf_taxcode ORDER BY TAX_CODE","params":null,"executionTime":null}
2025-11-04 22:13:06.780 [INFO]: ✅ Query completed - 0 rows (3ms) | {"sql":"SELECT TAX_CODE as tax_code, TAX_DESC as tax_name,","rowsAffected":0,"executionTime":"3ms"}
2025-11-04 22:13:52.836 [DEBUG]: 🔍 Query: SELECT TAX_CODE as tax_code, TAX_DESC as tax_name, RATE as tax_percentage, ActiveStatus as is_active... | {"sql":"SELECT TAX_CODE as tax_code, TAX_DESC as tax_name, RATE as tax_percentage, ActiveStatus as is_active FROM it_conf_taxcode ORDER BY TAX_CODE","params":null,"executionTime":null}
2025-11-04 22:13:52.843 [INFO]: ✅ Query completed - 0 rows (5ms) | {"sql":"SELECT TAX_CODE as tax_code, TAX_DESC as tax_name,","rowsAffected":0,"executionTime":"5ms"}
2025-11-04 22:16:09.025 [DEBUG]: 🔍 Query: INSERT INTO it_conf_taxcode (TAX_CODE, TAX_DESC, RATE, ActiveStatus) VALUES (?, ?, ?, ?) | {"sql":"INSERT INTO it_conf_taxcode (TAX_CODE, TAX_DESC, RATE, ActiveStatus) VALUES (?, ?, ?, ?)","params":"[\"VAT01\",\"VAT1%\",1,1]","executionTime":null}
2025-11-04 22:16:09.042 [INFO]: ✅ Query completed - 1 rows (17ms) | {"sql":"INSERT INTO it_conf_taxcode (TAX_CODE, TAX_DESC, R","rowsAffected":1,"executionTime":"17ms"}
2025-11-04 22:16:09.287 [DEBUG]: 🔍 Query: SELECT TAX_CODE as tax_code, TAX_DESC as tax_name, RATE as tax_percentage, ActiveStatus as is_active... | {"sql":"SELECT TAX_CODE as tax_code, TAX_DESC as tax_name, RATE as tax_percentage, ActiveStatus as is_active FROM it_conf_taxcode ORDER BY TAX_CODE","params":null,"executionTime":null}
2025-11-04 22:16:09.296 [INFO]: ✅ Query completed - 1 rows (4ms) | {"sql":"SELECT TAX_CODE as tax_code, TAX_DESC as tax_name,","rowsAffected":1,"executionTime":"4ms"}
2025-11-04 22:16:42.438 [DEBUG]: 🔍 Query: SELECT TAX_CODE as tax_code, TAX_DESC as tax_name, RATE as tax_percentage, ActiveStatus as is_active... | {"sql":"SELECT TAX_CODE as tax_code, TAX_DESC as tax_name, RATE as tax_percentage, ActiveStatus as is_active FROM it_conf_taxcode ORDER BY TAX_CODE","params":null,"executionTime":null}
2025-11-04 22:16:42.441 [INFO]: ✅ Query completed - 1 rows (2ms) | {"sql":"SELECT TAX_CODE as tax_code, TAX_DESC as tax_name,","rowsAffected":1,"executionTime":"2ms"}
2025-11-04 22:16:42.683 [DEBUG]: 🔍 Query: SELECT TAX_CODE as tax_code, TAX_DESC as tax_name, RATE as tax_percentage, ActiveStatus as is_active... | {"sql":"SELECT TAX_CODE as tax_code, TAX_DESC as tax_name, RATE as tax_percentage, ActiveStatus as is_active FROM it_conf_taxcode ORDER BY TAX_CODE","params":null,"executionTime":null}
2025-11-04 22:16:42.686 [INFO]: ✅ Query completed - 1 rows (2ms) | {"sql":"SELECT TAX_CODE as tax_code, TAX_DESC as tax_name,","rowsAffected":1,"executionTime":"2ms"}
2025-11-04 22:17:11.037 [DEBUG]: 🔍 Query: UPDATE it_conf_taxcode SET TAX_CODE = ?, TAX_DESC = ?, RATE = ?, ActiveStatus = ? WHERE TAX_CODE = ? | {"sql":"UPDATE it_conf_taxcode SET TAX_CODE = ?, TAX_DESC = ?, RATE = ?, ActiveStatus = ? WHERE TAX_CODE = ?","params":"[\"VAT01\",\"VAT01%\",1,1,\"VAT01\"]","executionTime":null}
2025-11-04 22:17:11.062 [INFO]: ✅ Query completed - 1 rows (25ms) | {"sql":"UPDATE it_conf_taxcode SET TAX_CODE = ?, TAX_DESC ","rowsAffected":1,"executionTime":"25ms"}
2025-11-04 22:17:11.292 [DEBUG]: 🔍 Query: SELECT TAX_CODE as tax_code, TAX_DESC as tax_name, RATE as tax_percentage, ActiveStatus as is_active... | {"sql":"SELECT TAX_CODE as tax_code, TAX_DESC as tax_name, RATE as tax_percentage, ActiveStatus as is_active FROM it_conf_taxcode ORDER BY TAX_CODE","params":null,"executionTime":null}
2025-11-04 22:17:11.294 [INFO]: ✅ Query completed - 1 rows (2ms) | {"sql":"SELECT TAX_CODE as tax_code, TAX_DESC as tax_name,","rowsAffected":1,"executionTime":"2ms"}
