2025-10-23 11:18:49.887 [INFO]: 🔗 Database connected | {"host":"localhost","port":3307,"database":"pos_db"}
2025-10-23 11:19:12.757 [DEBUG]: 🔍 Query: SELECT * FROM IT_CONF_USER_SETUP WHERE user_name = ? AND password = ? AND is_active = 1 | {"sql":"SELECT * FROM IT_CONF_USER_SETUP WHERE user_name = ? AND password = ? AND is_active = 1","params":"[\"admin@ithots.com\",\"admin\"]","executionTime":null}
2025-10-23 11:19:12.762 [INFO]: ✅ Query completed - 1 rows (6ms) | {"sql":"SELECT * FROM IT_CONF_USER_SETUP WHERE user_name =","rowsAffected":1,"executionTime":"6ms"}
2025-10-23 11:19:29.597 [DEBUG]: 🔍 Query: SELECT * FROM IT_CONF_USER_SETUP WHERE user_name = ? AND password = ? AND is_active = 1 | {"sql":"SELECT * FROM IT_CONF_USER_SETUP WHERE user_name = ? AND password = ? AND is_active = 1","params":"[\"admin@ithots.com\",\"admin\"]","executionTime":null}
2025-10-23 11:19:29.598 [INFO]: ✅ Query completed - 1 rows (1ms) | {"sql":"SELECT * FROM IT_CONF_USER_SETUP WHERE user_name =","rowsAffected":1,"executionTime":"1ms"}
2025-10-23 11:19:35.395 [DEBUG]: 🔍 Query: SELECT 
                       id, applicable_from, property_code, property_name, nick_name, owner_n... | {"sql":"SELECT id, applicable_from, property_code, property_name, nick_name, owner_name, address_name, gst_number, pan_number, group_name, local_currency, currency_format, symbol, decimal_places, date_format, round_off, property_logo, created_at, updated_at FROM IT_CONF_PROPERTY ORDER BY property_code","params":null,"executionTime":null}
2025-10-23 11:19:35.398 [INFO]: ✅ Query completed - 1 rows (3ms) | {"sql":"SELECT id, applicable_from, property_code, propert","rowsAffected":1,"executionTime":"3ms"}
2025-10-23 11:19:35.403 [DEBUG]: 🔍 Query: SELECT 
                       id, applicable_from, property_code, property_name, nick_name, owner_n... | {"sql":"SELECT id, applicable_from, property_code, property_name, nick_name, owner_name, address_name, gst_number, pan_number, group_name, local_currency, currency_format, symbol, decimal_places, date_format, round_off, property_logo, created_at, updated_at FROM IT_CONF_PROPERTY ORDER BY property_code","params":null,"executionTime":null}
2025-10-23 11:19:35.405 [INFO]: ✅ Query completed - 1 rows (2ms) | {"sql":"SELECT id, applicable_from, property_code, propert","rowsAffected":1,"executionTime":"2ms"}
2025-10-23 11:19:35.410 [DEBUG]: 🔍 Query: SELECT 
                       id, applicable_from, property_code, property_name, nick_name, owner_n... | {"sql":"SELECT id, applicable_from, property_code, property_name, nick_name, owner_name, address_name, gst_number, pan_number, group_name, local_currency, currency_format, symbol, decimal_places, date_format, round_off, property_logo, created_at, updated_at FROM IT_CONF_PROPERTY ORDER BY property_code","params":null,"executionTime":null}
2025-10-23 11:19:35.414 [INFO]: ✅ Query completed - 1 rows (3ms) | {"sql":"SELECT id, applicable_from, property_code, propert","rowsAffected":1,"executionTime":"3ms"}
2025-10-23 11:19:35.421 [DEBUG]: 🔍 Query: SELECT 
                       id, applicable_from, property_code, property_name, nick_name, owner_n... | {"sql":"SELECT id, applicable_from, property_code, property_name, nick_name, owner_name, address_name, gst_number, pan_number, group_name, local_currency, currency_format, symbol, decimal_places, date_format, round_off, property_logo, created_at, updated_at FROM IT_CONF_PROPERTY ORDER BY property_code","params":null,"executionTime":null}
2025-10-23 11:19:35.430 [INFO]: ✅ Query completed - 1 rows (2ms) | {"sql":"SELECT id, applicable_from, property_code, propert","rowsAffected":1,"executionTime":"2ms"}
2025-10-23 11:19:36.964 [DEBUG]: 🔍 Query: SELECT 
                       id, applicable_from, property_code, property_name, nick_name, owner_n... | {"sql":"SELECT id, applicable_from, property_code, property_name, nick_name, owner_name, address_name, gst_number, pan_number, group_name, local_currency, currency_format, symbol, decimal_places, date_format, round_off, property_logo, created_at, updated_at FROM IT_CONF_PROPERTY ORDER BY property_code","params":null,"executionTime":null}
2025-10-23 11:19:36.966 [INFO]: ✅ Query completed - 1 rows (2ms) | {"sql":"SELECT id, applicable_from, property_code, propert","rowsAffected":1,"executionTime":"2ms"}
2025-10-23 11:53:32.398 [DEBUG]: 🔍 Query: SELECT 
                       id, applicable_from, property_code, property_name, nick_name, owner_n... | {"sql":"SELECT id, applicable_from, property_code, property_name, nick_name, owner_name, address_name, gst_number, pan_number, group_name, local_currency, currency_format, symbol, decimal_places, date_format, round_off, property_logo, created_at, updated_at FROM IT_CONF_PROPERTY ORDER BY property_code","params":null,"executionTime":null}
2025-10-23 11:53:32.401 [INFO]: ✅ Query completed - 1 rows (3ms) | {"sql":"SELECT id, applicable_from, property_code, propert","rowsAffected":1,"executionTime":"3ms"}
2025-10-23 11:53:32.407 [DEBUG]: 🔍 Query: SELECT 
                       id, applicable_from, property_code, property_name, nick_name, owner_n... | {"sql":"SELECT id, applicable_from, property_code, property_name, nick_name, owner_name, address_name, gst_number, pan_number, group_name, local_currency, currency_format, symbol, decimal_places, date_format, round_off, property_logo, created_at, updated_at FROM IT_CONF_PROPERTY ORDER BY property_code","params":null,"executionTime":null}
2025-10-23 11:53:32.409 [INFO]: ✅ Query completed - 1 rows (2ms) | {"sql":"SELECT id, applicable_from, property_code, propert","rowsAffected":1,"executionTime":"2ms"}
2025-10-23 11:53:32.416 [DEBUG]: 🔍 Query: SELECT 
                       id, applicable_from, property_code, property_name, nick_name, owner_n... | {"sql":"SELECT id, applicable_from, property_code, property_name, nick_name, owner_name, address_name, gst_number, pan_number, group_name, local_currency, currency_format, symbol, decimal_places, date_format, round_off, property_logo, created_at, updated_at FROM IT_CONF_PROPERTY ORDER BY property_code","params":null,"executionTime":null}
2025-10-23 11:53:32.419 [INFO]: ✅ Query completed - 1 rows (3ms) | {"sql":"SELECT id, applicable_from, property_code, propert","rowsAffected":1,"executionTime":"3ms"}
2025-10-23 11:53:32.429 [DEBUG]: 🔍 Query: SELECT 
                       id, applicable_from, property_code, property_name, nick_name, owner_n... | {"sql":"SELECT id, applicable_from, property_code, property_name, nick_name, owner_name, address_name, gst_number, pan_number, group_name, local_currency, currency_format, symbol, decimal_places, date_format, round_off, property_logo, created_at, updated_at FROM IT_CONF_PROPERTY ORDER BY property_code","params":null,"executionTime":null}
2025-10-23 11:53:32.431 [INFO]: ✅ Query completed - 1 rows (5ms) | {"sql":"SELECT id, applicable_from, property_code, propert","rowsAffected":1,"executionTime":"5ms"}
2025-10-23 11:53:48.020 [DEBUG]: 🔍 Query: SELECT 
                       id, applicable_from, property_code, property_name, nick_name, owner_n... | {"sql":"SELECT id, applicable_from, property_code, property_name, nick_name, owner_name, address_name, gst_number, pan_number, group_name, local_currency, currency_format, symbol, decimal_places, date_format, round_off, property_logo, created_at, updated_at FROM IT_CONF_PROPERTY ORDER BY property_code","params":null,"executionTime":null}
2025-10-23 11:53:48.022 [INFO]: ✅ Query completed - 1 rows (2ms) | {"sql":"SELECT id, applicable_from, property_code, propert","rowsAffected":1,"executionTime":"2ms"}
2025-10-23 11:53:48.027 [DEBUG]: 🔍 Query: SELECT 
                       id, applicable_from, property_code, property_name, nick_name, owner_n... | {"sql":"SELECT id, applicable_from, property_code, property_name, nick_name, owner_name, address_name, gst_number, pan_number, group_name, local_currency, currency_format, symbol, decimal_places, date_format, round_off, property_logo, created_at, updated_at FROM IT_CONF_PROPERTY ORDER BY property_code","params":null,"executionTime":null}
2025-10-23 11:53:48.029 [INFO]: ✅ Query completed - 1 rows (2ms) | {"sql":"SELECT id, applicable_from, property_code, propert","rowsAffected":1,"executionTime":"2ms"}
2025-10-23 11:53:48.037 [DEBUG]: 🔍 Query: SELECT 
                       id, applicable_from, property_code, property_name, nick_name, owner_n... | {"sql":"SELECT id, applicable_from, property_code, property_name, nick_name, owner_name, address_name, gst_number, pan_number, group_name, local_currency, currency_format, symbol, decimal_places, date_format, round_off, property_logo, created_at, updated_at FROM IT_CONF_PROPERTY ORDER BY property_code","params":null,"executionTime":null}
2025-10-23 11:53:48.039 [INFO]: ✅ Query completed - 1 rows (2ms) | {"sql":"SELECT id, applicable_from, property_code, propert","rowsAffected":1,"executionTime":"2ms"}
2025-10-23 11:53:48.046 [DEBUG]: 🔍 Query: SELECT 
                       id, applicable_from, property_code, property_name, nick_name, owner_n... | {"sql":"SELECT id, applicable_from, property_code, property_name, nick_name, owner_name, address_name, gst_number, pan_number, group_name, local_currency, currency_format, symbol, decimal_places, date_format, round_off, property_logo, created_at, updated_at FROM IT_CONF_PROPERTY ORDER BY property_code","params":null,"executionTime":null}
2025-10-23 11:53:48.048 [INFO]: ✅ Query completed - 1 rows (2ms) | {"sql":"SELECT id, applicable_from, property_code, propert","rowsAffected":1,"executionTime":"2ms"}
2025-10-23 11:59:11.090 [INFO]: 🔗 Database connected | {"host":"localhost","port":3307,"database":"pos_db"}
2025-10-23 12:16:47.903 [DEBUG]: 🔍 Query: SELECT 
                       id, applicable_from, property_code, property_name, nick_name, owner_n... | {"sql":"SELECT id, applicable_from, property_code, property_name, nick_name, owner_name, address_name, gst_number, pan_number, group_name, local_currency, currency_format, symbol, decimal_places, date_format, round_off, property_logo, created_at, updated_at FROM IT_CONF_PROPERTY ORDER BY property_code","params":null,"executionTime":null}
2025-10-23 12:16:47.906 [INFO]: ✅ Query completed - 1 rows (3ms) | {"sql":"SELECT id, applicable_from, property_code, propert","rowsAffected":1,"executionTime":"3ms"}
2025-10-23 12:26:43.598 [DEBUG]: 🔍 Query: SELECT 
                       id, applicable_from, property_code, property_name, nick_name, owner_n... | {"sql":"SELECT id, applicable_from, property_code, property_name, nick_name, owner_name, address_name, gst_number, pan_number, group_name, local_currency, currency_format, symbol, decimal_places, date_format, round_off, property_logo, created_at, updated_at FROM IT_CONF_PROPERTY ORDER BY property_code","params":null,"executionTime":null}
2025-10-23 12:26:43.601 [INFO]: ✅ Query completed - 1 rows (2ms) | {"sql":"SELECT id, applicable_from, property_code, propert","rowsAffected":1,"executionTime":"2ms"}
2025-10-23 12:26:43.605 [DEBUG]: 🔍 Query: SELECT 
                       id, applicable_from, property_code, property_name, nick_name, owner_n... | {"sql":"SELECT id, applicable_from, property_code, property_name, nick_name, owner_name, address_name, gst_number, pan_number, group_name, local_currency, currency_format, symbol, decimal_places, date_format, round_off, property_logo, created_at, updated_at FROM IT_CONF_PROPERTY ORDER BY property_code","params":null,"executionTime":null}
2025-10-23 12:26:43.609 [INFO]: ✅ Query completed - 1 rows (2ms) | {"sql":"SELECT id, applicable_from, property_code, propert","rowsAffected":1,"executionTime":"2ms"}
2025-10-23 12:26:43.617 [DEBUG]: 🔍 Query: SELECT 
                       id, applicable_from, property_code, property_name, nick_name, owner_n... | {"sql":"SELECT id, applicable_from, property_code, property_name, nick_name, owner_name, address_name, gst_number, pan_number, group_name, local_currency, currency_format, symbol, decimal_places, date_format, round_off, property_logo, created_at, updated_at FROM IT_CONF_PROPERTY ORDER BY property_code","params":null,"executionTime":null}
2025-10-23 12:26:43.619 [INFO]: ✅ Query completed - 1 rows (2ms) | {"sql":"SELECT id, applicable_from, property_code, propert","rowsAffected":1,"executionTime":"2ms"}
2025-10-23 12:26:43.631 [DEBUG]: 🔍 Query: SELECT 
                       id, applicable_from, property_code, property_name, nick_name, owner_n... | {"sql":"SELECT id, applicable_from, property_code, property_name, nick_name, owner_name, address_name, gst_number, pan_number, group_name, local_currency, currency_format, symbol, decimal_places, date_format, round_off, property_logo, created_at, updated_at FROM IT_CONF_PROPERTY ORDER BY property_code","params":null,"executionTime":null}
2025-10-23 12:26:43.635 [INFO]: ✅ Query completed - 1 rows (3ms) | {"sql":"SELECT id, applicable_from, property_code, propert","rowsAffected":1,"executionTime":"3ms"}
2025-10-23 12:36:21.015 [DEBUG]: 🔍 Query: SELECT * FROM IT_CONF_REASONS ORDER BY reason_code | {"sql":"SELECT * FROM IT_CONF_REASONS ORDER BY reason_code","params":null,"executionTime":null}
2025-10-23 12:36:21.018 [INFO]: ✅ Query completed - 0 rows (3ms) | {"sql":"SELECT * FROM IT_CONF_REASONS ORDER BY reason_code","rowsAffected":0,"executionTime":"3ms"}
2025-10-23 12:41:22.680 [DEBUG]: 🔍 Query: SELECT * FROM IT_CONF_REASONS ORDER BY reason_code | {"sql":"SELECT * FROM IT_CONF_REASONS ORDER BY reason_code","params":null,"executionTime":null}
2025-10-23 12:41:22.682 [INFO]: ✅ Query completed - 0 rows (2ms) | {"sql":"SELECT * FROM IT_CONF_REASONS ORDER BY reason_code","rowsAffected":0,"executionTime":"2ms"}
2025-10-23 12:46:14.468 [INFO]: 🔗 Database connected | {"host":"localhost","port":3307,"database":"pos_db"}
2025-10-23 12:48:10.326 [INFO]: 🔗 Database connected | {"host":"localhost","port":3307,"database":"pos_db"}
2025-10-23 12:48:39.236 [DEBUG]: 🔍 Query: INSERT INTO IT_CONF_REASONS 
                   (reason_code, reason_name, reason_type, display_sequ... | {"sql":"INSERT INTO IT_CONF_REASONS (reason_code, reason_name, reason_type, display_sequence, is_active, created_by) VALUES (?, ?, ?, ?, ?, 'admin')","params":"[\"TST1\",\"Test Reason\",\"General\",1,1]","executionTime":null}
2025-10-23 12:48:39.239 [ERROR]: 💥 DB Error: Unknown column 'reason_name' in 'field list' | {"sql":"INSERT INTO IT_CONF_REASONS (reason_code, reason_name, reason_type, display_sequence, is_active, created_by) VALUES (?, ?, ?, ?, ?, 'admin')","params":"[\"TST1\",\"Test Reason\",\"General\",1,1]","error":"Unknown column 'reason_name' in 'field list'","code":"ER_BAD_FIELD_ERROR"}
2025-10-23 12:48:39.257 [DEBUG]: 🔍 Query: SELECT
        id,
        reason_code,
        reason_name AS reason_description,
        reason_ty... | {"sql":"SELECT id, reason_code, reason_name AS reason_description, reason_type AS operation_type, display_sequence, is_active, created_at, updated_at FROM IT_CONF_REASONS ORDER BY reason_code","params":null,"executionTime":null}
2025-10-23 12:48:39.259 [ERROR]: 💥 DB Error: Unknown column 'id' in 'field list' | {"sql":"SELECT id, reason_code, reason_name AS reason_description, reason_type AS operation_type, display_sequence, is_active, created_at, updated_at FROM IT_CONF_REASONS ORDER BY reason_code","params":null,"error":"Unknown column 'id' in 'field list'","code":"ER_BAD_FIELD_ERROR"}
2025-10-23 12:50:55.046 [DEBUG]: 🔍 Query: SELECT
        id,
        reason_code,
        reason_name AS reason_description,
        reason_ty... | {"sql":"SELECT id, reason_code, reason_name AS reason_description, reason_type AS operation_type, display_sequence, is_active, created_at, updated_at FROM IT_CONF_REASONS ORDER BY reason_code","params":null,"executionTime":null}
2025-10-23 12:50:55.047 [ERROR]: 💥 DB Error: Unknown column 'id' in 'field list' | {"sql":"SELECT id, reason_code, reason_name AS reason_description, reason_type AS operation_type, display_sequence, is_active, created_at, updated_at FROM IT_CONF_REASONS ORDER BY reason_code","params":null,"error":"Unknown column 'id' in 'field list'","code":"ER_BAD_FIELD_ERROR"}
2025-10-23 13:05:45.177 [INFO]: 🔗 Database connected | {"host":"localhost","port":3307,"database":"pos_db"}
2025-10-23 13:06:44.938 [INFO]: 🔗 Database connected | {"host":"localhost","port":3307,"database":"pos_db"}
2025-10-23 13:07:06.440 [DEBUG]: 🔍 Query: INSERT INTO IT_CONF_REASONS 
                   (REASON_CODE, REASON_DESC, display_sequence, ActiveS... | {"sql":"INSERT INTO IT_CONF_REASONS (REASON_CODE, REASON_DESC, display_sequence, ActiveStatus) VALUES (?, ?, ?, ?)","params":"[\"TST1\",\"Test Reason\",1,1]","executionTime":null}
2025-10-23 13:07:06.450 [INFO]: ✅ Query completed - 1 rows (13ms) | {"sql":"INSERT INTO IT_CONF_REASONS (REASON_CODE, REASON_D","rowsAffected":1,"executionTime":"13ms"}
2025-10-23 13:07:06.451 [DEBUG]: 🔍 Query: SELECT REASON_CODE AS reason_code, REASON_DESC AS reason_description, IFNULL(display_sequence,0) AS ... | {"sql":"SELECT REASON_CODE AS reason_code, REASON_DESC AS reason_description, IFNULL(display_sequence,0) AS display_sequence, IFNULL(ActiveStatus,1) AS is_active FROM IT_CONF_REASONS WHERE REASON_CODE = ?","params":"[\"TST1\"]","executionTime":null}
2025-10-23 13:07:06.454 [INFO]: ✅ Query completed - 1 rows (3ms) | {"sql":"SELECT REASON_CODE AS reason_code, REASON_DESC AS ","rowsAffected":1,"executionTime":"3ms"}
2025-10-23 13:07:06.470 [DEBUG]: 🔍 Query: SELECT
        REASON_CODE AS reason_code,
        REASON_DESC AS reason_description,
        IFNULL... | {"sql":"SELECT REASON_CODE AS reason_code, REASON_DESC AS reason_description, IFNULL(display_sequence, 0) AS display_sequence, IFNULL(ActiveStatus, 1) AS is_active FROM IT_CONF_REASONS ORDER BY REASON_CODE","params":null,"executionTime":null}
2025-10-23 13:07:06.472 [INFO]: ✅ Query completed - 1 rows (1ms) | {"sql":"SELECT REASON_CODE AS reason_code, REASON_DESC AS ","rowsAffected":1,"executionTime":"1ms"}
2025-10-23 13:14:00.837 [DEBUG]: 🔍 Query: UPDATE IT_CONF_REASONS 
                   SET REASON_DESC = ?, display_sequence = ?, ActiveStatus =... | {"sql":"UPDATE IT_CONF_REASONS SET REASON_DESC = ?, display_sequence = ?, ActiveStatus = ? WHERE REASON_CODE = ?","params":"[\"Void Discoun\",4,false,\"VD\"]","executionTime":null}
2025-10-23 13:14:00.839 [INFO]: ✅ Query completed - 0 rows (1ms) | {"sql":"UPDATE IT_CONF_REASONS SET REASON_DESC = ?, displa","rowsAffected":0,"executionTime":"1ms"}
2025-10-23 13:30:21.397 [DEBUG]: 🔍 Query: INSERT INTO IT_CONF_REASONS 
                   (REASON_CODE, REASON_DESC, display_sequence, ActiveS... | {"sql":"INSERT INTO IT_CONF_REASONS (REASON_CODE, REASON_DESC, display_sequence, ActiveStatus) VALUES (?, ?, ?, ?)","params":"[\"IT_TEST\",\"Integration test reason\",99,1]","executionTime":null}
2025-10-23 13:30:21.410 [INFO]: ✅ Query completed - 1 rows (13ms) | {"sql":"INSERT INTO IT_CONF_REASONS (REASON_CODE, REASON_D","rowsAffected":1,"executionTime":"13ms"}
2025-10-23 13:30:21.410 [DEBUG]: 🔍 Query: SELECT REASON_CODE AS reason_code, REASON_DESC AS reason_description, IFNULL(display_sequence,0) AS ... | {"sql":"SELECT REASON_CODE AS reason_code, REASON_DESC AS reason_description, IFNULL(display_sequence,0) AS display_sequence, IFNULL(ActiveStatus,1) AS is_active FROM IT_CONF_REASONS WHERE REASON_CODE = ?","params":"[\"IT_TEST\"]","executionTime":null}
2025-10-23 13:30:21.411 [INFO]: ✅ Query completed - 1 rows (1ms) | {"sql":"SELECT REASON_CODE AS reason_code, REASON_DESC AS ","rowsAffected":1,"executionTime":"1ms"}
2025-10-23 13:30:21.426 [DEBUG]: 🔍 Query: SELECT
        REASON_CODE AS reason_code,
        REASON_DESC AS reason_description,
        IFNULL... | {"sql":"SELECT REASON_CODE AS reason_code, REASON_DESC AS reason_description, IFNULL(display_sequence, 0) AS display_sequence, IFNULL(ActiveStatus, 1) AS is_active FROM IT_CONF_REASONS ORDER BY REASON_CODE","params":null,"executionTime":null}
2025-10-23 13:30:21.427 [INFO]: ✅ Query completed - 2 rows (1ms) | {"sql":"SELECT REASON_CODE AS reason_code, REASON_DESC AS ","rowsAffected":2,"executionTime":"1ms"}
2025-10-23 13:30:21.433 [DEBUG]: 🔍 Query: UPDATE IT_CONF_REASONS 
                   SET REASON_DESC = ?, display_sequence = ?, ActiveStatus =... | {"sql":"UPDATE IT_CONF_REASONS SET REASON_DESC = ?, display_sequence = ?, ActiveStatus = ? WHERE REASON_CODE = ?","params":"[\"Updated by integration test\",100,1,\"IT_TEST\"]","executionTime":null}
2025-10-23 13:30:21.443 [INFO]: ✅ Query completed - 1 rows (10ms) | {"sql":"UPDATE IT_CONF_REASONS SET REASON_DESC = ?, displa","rowsAffected":1,"executionTime":"10ms"}
2025-10-23 13:30:21.444 [DEBUG]: 🔍 Query: SELECT REASON_CODE AS reason_code, REASON_DESC AS reason_description, IFNULL(display_sequence,0) AS ... | {"sql":"SELECT REASON_CODE AS reason_code, REASON_DESC AS reason_description, IFNULL(display_sequence,0) AS display_sequence, IFNULL(ActiveStatus,1) AS is_active FROM IT_CONF_REASONS WHERE REASON_CODE = ?","params":"[\"IT_TEST\"]","executionTime":null}
2025-10-23 13:30:21.445 [INFO]: ✅ Query completed - 1 rows (2ms) | {"sql":"SELECT REASON_CODE AS reason_code, REASON_DESC AS ","rowsAffected":1,"executionTime":"2ms"}
2025-10-23 13:30:21.451 [DEBUG]: 🔍 Query: DELETE FROM IT_CONF_REASONS WHERE REASON_CODE = ? | {"sql":"DELETE FROM IT_CONF_REASONS WHERE REASON_CODE = ?","params":"[\"IT_TEST\"]","executionTime":null}
2025-10-23 13:30:21.464 [INFO]: ✅ Query completed - 1 rows (13ms) | {"sql":"DELETE FROM IT_CONF_REASONS WHERE REASON_CODE = ?","rowsAffected":1,"executionTime":"13ms"}
2025-10-23 13:56:17.852 [DEBUG]: 🔍 Query: INSERT INTO IT_CONF_REASONS 
                   (REASON_CODE, REASON_DESC, display_sequence, ActiveS... | {"sql":"INSERT INTO IT_CONF_REASONS (REASON_CODE, REASON_DESC, display_sequence, ActiveStatus) VALUES (?, ?, ?, ?)","params":"[\"IT_TEST\",\"Integration test reason\",99,1]","executionTime":null}
2025-10-23 13:56:17.867 [INFO]: ✅ Query completed - 1 rows (15ms) | {"sql":"INSERT INTO IT_CONF_REASONS (REASON_CODE, REASON_D","rowsAffected":1,"executionTime":"15ms"}
2025-10-23 13:56:17.868 [DEBUG]: 🔍 Query: SELECT REASON_CODE AS reason_code, REASON_DESC AS reason_description, IFNULL(display_sequence,0) AS ... | {"sql":"SELECT REASON_CODE AS reason_code, REASON_DESC AS reason_description, IFNULL(display_sequence,0) AS display_sequence, IFNULL(ActiveStatus,1) AS is_active FROM IT_CONF_REASONS WHERE REASON_CODE = ?","params":"[\"IT_TEST\"]","executionTime":null}
2025-10-23 13:56:17.870 [INFO]: ✅ Query completed - 1 rows (1ms) | {"sql":"SELECT REASON_CODE AS reason_code, REASON_DESC AS ","rowsAffected":1,"executionTime":"1ms"}
2025-10-23 13:56:17.890 [DEBUG]: 🔍 Query: SELECT
        REASON_CODE AS reason_code,
        REASON_DESC AS reason_description,
        IFNULL... | {"sql":"SELECT REASON_CODE AS reason_code, REASON_DESC AS reason_description, IFNULL(display_sequence, 0) AS display_sequence, IFNULL(ActiveStatus, 1) AS is_active FROM IT_CONF_REASONS ORDER BY REASON_CODE","params":null,"executionTime":null}
2025-10-23 13:56:17.892 [INFO]: ✅ Query completed - 2 rows (2ms) | {"sql":"SELECT REASON_CODE AS reason_code, REASON_DESC AS ","rowsAffected":2,"executionTime":"2ms"}
2025-10-23 13:56:17.904 [DEBUG]: 🔍 Query: UPDATE IT_CONF_REASONS 
                   SET REASON_DESC = ?, display_sequence = ?, ActiveStatus =... | {"sql":"UPDATE IT_CONF_REASONS SET REASON_DESC = ?, display_sequence = ?, ActiveStatus = ? WHERE REASON_CODE = ?","params":"[\"Updated by integration test\",100,1,\"IT_TEST\"]","executionTime":null}
2025-10-23 13:56:17.918 [INFO]: ✅ Query completed - 1 rows (14ms) | {"sql":"UPDATE IT_CONF_REASONS SET REASON_DESC = ?, displa","rowsAffected":1,"executionTime":"14ms"}
2025-10-23 13:56:17.919 [DEBUG]: 🔍 Query: SELECT REASON_CODE AS reason_code, REASON_DESC AS reason_description, IFNULL(display_sequence,0) AS ... | {"sql":"SELECT REASON_CODE AS reason_code, REASON_DESC AS reason_description, IFNULL(display_sequence,0) AS display_sequence, IFNULL(ActiveStatus,1) AS is_active FROM IT_CONF_REASONS WHERE REASON_CODE = ?","params":"[\"IT_TEST\"]","executionTime":null}
2025-10-23 13:56:17.921 [INFO]: ✅ Query completed - 1 rows (1ms) | {"sql":"SELECT REASON_CODE AS reason_code, REASON_DESC AS ","rowsAffected":1,"executionTime":"1ms"}
2025-10-23 13:56:17.927 [DEBUG]: 🔍 Query: DELETE FROM IT_CONF_REASONS WHERE REASON_CODE = ? | {"sql":"DELETE FROM IT_CONF_REASONS WHERE REASON_CODE = ?","params":"[\"IT_TEST\"]","executionTime":null}
2025-10-23 13:56:17.944 [INFO]: ✅ Query completed - 1 rows (16ms) | {"sql":"DELETE FROM IT_CONF_REASONS WHERE REASON_CODE = ?","rowsAffected":1,"executionTime":"16ms"}
2025-10-23 13:59:22.148 [DEBUG]: 🔍 Query: UPDATE IT_CONF_REASONS 
                   SET REASON_DESC = ?, display_sequence = ?, ActiveStatus =... | {"sql":"UPDATE IT_CONF_REASONS SET REASON_DESC = ?, display_sequence = ?, ActiveStatus = ? WHERE REASON_CODE = ?","params":"[\"Void Discount\",4,false,\"VD\"]","executionTime":null}
2025-10-23 13:59:22.149 [INFO]: ✅ Query completed - 0 rows (1ms) | {"sql":"UPDATE IT_CONF_REASONS SET REASON_DESC = ?, displa","rowsAffected":0,"executionTime":"1ms"}
