2025-10-26 17:38:35.265 [DEBUG]: 🔍 Query: SELECT 
                       id, applicable_from, property_code, property_name, nick_name, owner_n... | {"sql":"SELECT id, applicable_from, property_code, property_name, nick_name, owner_name, address_name, gst_number, pan_number, group_name, local_currency, currency_format, symbol, decimal_places, date_format, round_off, property_logo, created_at, updated_at, created_user_id, updated_user_id, reserve_1, reserve_2 FROM IT_CONF_PROPERTY ORDER BY property_code","params":null,"executionTime":null}
2025-10-26 17:38:35.271 [INFO]: ✅ Query completed - 4 rows (6ms) | {"sql":"SELECT id, applicable_from, property_code, propert","rowsAffected":4,"executionTime":"6ms"}
2025-10-26 17:38:53.567 [DEBUG]: 🔍 Query: SELECT * FROM IT_CONF_USER_SETUP WHERE user_name = ? AND password = ? AND is_active = 1 | {"sql":"SELECT * FROM IT_CONF_USER_SETUP WHERE user_name = ? AND password = ? AND is_active = 1","params":"[\"admin@ithots.com\",\"admin\"]","executionTime":null}
2025-10-26 17:38:53.570 [INFO]: ✅ Query completed - 1 rows (2ms) | {"sql":"SELECT * FROM IT_CONF_USER_SETUP WHERE user_name =","rowsAffected":1,"executionTime":"2ms"}
2025-10-26 17:39:07.030 [DEBUG]: 🔍 Query: SELECT * FROM IT_CONF_USER_SETUP WHERE user_name = ? AND password = ? AND is_active = 1 | {"sql":"SELECT * FROM IT_CONF_USER_SETUP WHERE user_name = ? AND password = ? AND is_active = 1","params":"[\"admin@ithots.com\",\"admin\"]","executionTime":null}
2025-10-26 17:39:07.032 [INFO]: ✅ Query completed - 1 rows (2ms) | {"sql":"SELECT * FROM IT_CONF_USER_SETUP WHERE user_name =","rowsAffected":1,"executionTime":"2ms"}
2025-10-26 17:39:10.849 [DEBUG]: 🔍 Query: SELECT 
                       id, applicable_from, property_code, property_name, nick_name, owner_n... | {"sql":"SELECT id, applicable_from, property_code, property_name, nick_name, owner_name, address_name, gst_number, pan_number, group_name, local_currency, currency_format, symbol, decimal_places, date_format, round_off, property_logo, created_at, updated_at, created_user_id, updated_user_id, reserve_1, reserve_2 FROM IT_CONF_PROPERTY ORDER BY property_code","params":null,"executionTime":null}
2025-10-26 17:39:10.851 [INFO]: ✅ Query completed - 4 rows (2ms) | {"sql":"SELECT id, applicable_from, property_code, propert","rowsAffected":4,"executionTime":"2ms"}
2025-10-26 17:39:10.856 [DEBUG]: 🔍 Query: SELECT 
                       id, applicable_from, property_code, property_name, nick_name, owner_n... | {"sql":"SELECT id, applicable_from, property_code, property_name, nick_name, owner_name, address_name, gst_number, pan_number, group_name, local_currency, currency_format, symbol, decimal_places, date_format, round_off, property_logo, created_at, updated_at, created_user_id, updated_user_id, reserve_1, reserve_2 FROM IT_CONF_PROPERTY ORDER BY property_code","params":null,"executionTime":null}
2025-10-26 17:39:10.862 [INFO]: ✅ Query completed - 4 rows (4ms) | {"sql":"SELECT id, applicable_from, property_code, propert","rowsAffected":4,"executionTime":"4ms"}
2025-10-26 17:39:10.872 [DEBUG]: 🔍 Query: SELECT 
                       id, applicable_from, property_code, property_name, nick_name, owner_n... | {"sql":"SELECT id, applicable_from, property_code, property_name, nick_name, owner_name, address_name, gst_number, pan_number, group_name, local_currency, currency_format, symbol, decimal_places, date_format, round_off, property_logo, created_at, updated_at, created_user_id, updated_user_id, reserve_1, reserve_2 FROM IT_CONF_PROPERTY ORDER BY property_code","params":null,"executionTime":null}
2025-10-26 17:39:10.874 [INFO]: ✅ Query completed - 4 rows (2ms) | {"sql":"SELECT id, applicable_from, property_code, propert","rowsAffected":4,"executionTime":"2ms"}
2025-10-26 17:39:10.881 [DEBUG]: 🔍 Query: SELECT 
                       id, applicable_from, property_code, property_name, nick_name, owner_n... | {"sql":"SELECT id, applicable_from, property_code, property_name, nick_name, owner_name, address_name, gst_number, pan_number, group_name, local_currency, currency_format, symbol, decimal_places, date_format, round_off, property_logo, created_at, updated_at, created_user_id, updated_user_id, reserve_1, reserve_2 FROM IT_CONF_PROPERTY ORDER BY property_code","params":null,"executionTime":null}
2025-10-26 17:39:10.885 [INFO]: ✅ Query completed - 4 rows (5ms) | {"sql":"SELECT id, applicable_from, property_code, propert","rowsAffected":4,"executionTime":"5ms"}
2025-10-26 17:39:12.437 [DEBUG]: 🔍 Query: SELECT 
                       id, applicable_from, property_code, property_name, nick_name, owner_n... | {"sql":"SELECT id, applicable_from, property_code, property_name, nick_name, owner_name, address_name, gst_number, pan_number, group_name, local_currency, currency_format, symbol, decimal_places, date_format, round_off, property_logo, created_at, updated_at, created_user_id, updated_user_id, reserve_1, reserve_2 FROM IT_CONF_PROPERTY ORDER BY property_code","params":null,"executionTime":null}
2025-10-26 17:39:12.439 [INFO]: ✅ Query completed - 4 rows (3ms) | {"sql":"SELECT id, applicable_from, property_code, propert","rowsAffected":4,"executionTime":"3ms"}
2025-10-26 17:39:46.236 [DEBUG]: 🔍 Query: INSERT INTO IT_CONF_PROPERTY 
                   (applicable_from, property_code, property_name, nic... | {"sql":"INSERT INTO IT_CONF_PROPERTY (applicable_from, property_code, property_name, nick_name, owner_name, address_name, gst_number, pan_number, group_name, local_currency, currency_format, symbol, decimal_places, date_format, round_off, property_logo, created_user_id, updated_user_id, reserve_1, reserve_2) VALUES (?, ?, ?, ?, ?, ?, ?, ?, ?, ?, ?, ?, ?, ?, ?, ?, ?, ?, ?, ?)","params":"[\"2025-10-26\",\"ABC\",\"ABC HOTEL\",\"ABC\",\"Amitabh\",\"ADDRESS 1\",\"GST457812NTR\",\"ABCPAN45785\",\"ABC INTERNATIONAL\",\"INR\",\"0.00\",\"₹\",\"2\",\"DDMMYY\",\"1\",null,null,null,null,null]","executionTime":null}
2025-10-26 17:39:46.253 [INFO]: ✅ Query completed - 1 rows (17ms) | {"sql":"INSERT INTO IT_CONF_PROPERTY (applicable_from, pro","rowsAffected":1,"executionTime":"17ms"}
2025-10-26 17:39:46.262 [DEBUG]: 🔍 Query: SELECT 
                       id, applicable_from, property_code, property_name, nick_name, owner_n... | {"sql":"SELECT id, applicable_from, property_code, property_name, nick_name, owner_name, address_name, gst_number, pan_number, group_name, local_currency, currency_format, symbol, decimal_places, date_format, round_off, property_logo, created_at, updated_at, created_user_id, updated_user_id, reserve_1, reserve_2 FROM IT_CONF_PROPERTY ORDER BY property_code","params":null,"executionTime":null}
2025-10-26 17:39:46.264 [INFO]: ✅ Query completed - 5 rows (3ms) | {"sql":"SELECT id, applicable_from, property_code, propert","rowsAffected":5,"executionTime":"3ms"}
2025-10-26 17:39:48.293 [DEBUG]: 🔍 Query: SELECT 
                       id, applicable_from, property_code, property_name, nick_name, owner_n... | {"sql":"SELECT id, applicable_from, property_code, property_name, nick_name, owner_name, address_name, gst_number, pan_number, group_name, local_currency, currency_format, symbol, decimal_places, date_format, round_off, property_logo, created_at, updated_at, created_user_id, updated_user_id, reserve_1, reserve_2 FROM IT_CONF_PROPERTY ORDER BY property_code","params":null,"executionTime":null}
2025-10-26 17:39:48.295 [INFO]: ✅ Query completed - 5 rows (2ms) | {"sql":"SELECT id, applicable_from, property_code, propert","rowsAffected":5,"executionTime":"2ms"}
2025-10-26 17:43:43.816 [DEBUG]: 🔍 Query: SELECT 
                       id, applicable_from, property_code, property_name, nick_name, owner_n... | {"sql":"SELECT id, applicable_from, property_code, property_name, nick_name, owner_name, address_name, gst_number, pan_number, group_name, local_currency, currency_format, symbol, decimal_places, date_format, round_off, property_logo, created_at, updated_at, created_user_id, updated_user_id, reserve_1, reserve_2 FROM IT_CONF_PROPERTY ORDER BY property_code","params":null,"executionTime":null}
2025-10-26 17:43:43.818 [INFO]: ✅ Query completed - 5 rows (2ms) | {"sql":"SELECT id, applicable_from, property_code, propert","rowsAffected":5,"executionTime":"2ms"}
2025-10-26 17:43:43.822 [DEBUG]: 🔍 Query: SELECT 
                       id, applicable_from, property_code, property_name, nick_name, owner_n... | {"sql":"SELECT id, applicable_from, property_code, property_name, nick_name, owner_name, address_name, gst_number, pan_number, group_name, local_currency, currency_format, symbol, decimal_places, date_format, round_off, property_logo, created_at, updated_at, created_user_id, updated_user_id, reserve_1, reserve_2 FROM IT_CONF_PROPERTY ORDER BY property_code","params":null,"executionTime":null}
2025-10-26 17:43:43.824 [INFO]: ✅ Query completed - 5 rows (1ms) | {"sql":"SELECT id, applicable_from, property_code, propert","rowsAffected":5,"executionTime":"1ms"}
2025-10-26 17:45:13.892 [DEBUG]: 🔍 Query: SELECT 
                       id, applicable_from, property_code, property_name, nick_name, owner_n... | {"sql":"SELECT id, applicable_from, property_code, property_name, nick_name, owner_name, address_name, gst_number, pan_number, group_name, local_currency, currency_format, symbol, decimal_places, date_format, round_off, property_logo, created_at, updated_at, created_user_id, updated_user_id, reserve_1, reserve_2 FROM IT_CONF_PROPERTY ORDER BY property_code","params":null,"executionTime":null}
2025-10-26 17:45:13.897 [INFO]: ✅ Query completed - 5 rows (4ms) | {"sql":"SELECT id, applicable_from, property_code, propert","rowsAffected":5,"executionTime":"4ms"}
2025-10-26 17:45:13.923 [DEBUG]: 🔍 Query: SELECT 
                       id, applicable_from, property_code, property_name, nick_name, owner_n... | {"sql":"SELECT id, applicable_from, property_code, property_name, nick_name, owner_name, address_name, gst_number, pan_number, group_name, local_currency, currency_format, symbol, decimal_places, date_format, round_off, property_logo, created_at, updated_at, created_user_id, updated_user_id, reserve_1, reserve_2 FROM IT_CONF_PROPERTY ORDER BY property_code","params":null,"executionTime":null}
2025-10-26 17:45:13.937 [INFO]: ✅ Query completed - 5 rows (12ms) | {"sql":"SELECT id, applicable_from, property_code, propert","rowsAffected":5,"executionTime":"12ms"}
2025-10-26 17:45:32.504 [DEBUG]: 🔍 Query: INSERT INTO IT_CONF_PROPERTY 
                   (applicable_from, property_code, property_name, nic... | {"sql":"INSERT INTO IT_CONF_PROPERTY (applicable_from, property_code, property_name, nick_name, owner_name, address_name, gst_number, pan_number, group_name, local_currency, currency_format, symbol, decimal_places, date_format, round_off, property_logo, created_user_id, updated_user_id, reserve_1, reserve_2) VALUES (?, ?, ?, ?, ?, ?, ?, ?, ?, ?, ?, ?, ?, ?, ?, ?, ?, ?, ?, ?)","params":"[\"2025-10-26\",\"TZTEST\",\"TZ Test\",\"TZ\",\"TZ\",\"Addr\",\"GSTTZ\",\"PANTZ\",\"TZ Group\",\"INR\",\"0.00\",\"?\",2,\"DDMMYY\",\"1\",null,null,null,null,null]","executionTime":null}
2025-10-26 17:45:32.516 [INFO]: ✅ Query completed - 1 rows (12ms) | {"sql":"INSERT INTO IT_CONF_PROPERTY (applicable_from, pro","rowsAffected":1,"executionTime":"12ms"}
2025-10-26 17:45:53.692 [DEBUG]: 🔍 Query: SELECT 
                       id, applicable_from, property_code, property_name, nick_name, owner_n... | {"sql":"SELECT id, applicable_from, property_code, property_name, nick_name, owner_name, address_name, gst_number, pan_number, group_name, local_currency, currency_format, symbol, decimal_places, date_format, round_off, property_logo, created_at, updated_at, created_user_id, updated_user_id, reserve_1, reserve_2 FROM IT_CONF_PROPERTY ORDER BY property_code","params":null,"executionTime":null}
2025-10-26 17:45:53.694 [INFO]: ✅ Query completed - 6 rows (2ms) | {"sql":"SELECT id, applicable_from, property_code, propert","rowsAffected":6,"executionTime":"2ms"}
2025-10-26 17:46:00.325 [DEBUG]: 🔍 Query: SELECT 
                       id, applicable_from, property_code, property_name, nick_name, owner_n... | {"sql":"SELECT id, applicable_from, property_code, property_name, nick_name, owner_name, address_name, gst_number, pan_number, group_name, local_currency, currency_format, symbol, decimal_places, date_format, round_off, property_logo, created_at, updated_at, created_user_id, updated_user_id, reserve_1, reserve_2 FROM IT_CONF_PROPERTY ORDER BY property_code","params":null,"executionTime":null}
2025-10-26 17:46:00.327 [INFO]: ✅ Query completed - 6 rows (2ms) | {"sql":"SELECT id, applicable_from, property_code, propert","rowsAffected":6,"executionTime":"2ms"}
2025-10-26 17:47:21.989 [DEBUG]: 🔍 Query: INSERT INTO IT_CONF_PROPERTY 
                   (applicable_from, property_code, property_name, nic... | {"sql":"INSERT INTO IT_CONF_PROPERTY (applicable_from, property_code, property_name, nick_name, owner_name, address_name, gst_number, pan_number, group_name, local_currency, currency_format, symbol, decimal_places, date_format, round_off, property_logo, created_user_id, updated_user_id, reserve_1, reserve_2) VALUES (?, ?, ?, ?, ?, ?, ?, ?, ?, ?, ?, ?, ?, ?, ?, ?, ?, ?, ?, ?)","params":"[\"2025-10-26\",\"TZTEST2\",\"TZ Test2\",\"TZ\",\"TZ\",\"Addr\",\"GSTTZ\",\"PANTZ\",\"TZ Group\",\"INR\",\"0.00\",\"?\",2,\"DDMMYY\",\"1\",null,null,null,null,null]","executionTime":null}
2025-10-26 17:47:22.000 [INFO]: ✅ Query completed - 1 rows (11ms) | {"sql":"INSERT INTO IT_CONF_PROPERTY (applicable_from, pro","rowsAffected":1,"executionTime":"11ms"}
2025-10-26 17:48:49.386 [DEBUG]: 🔍 Query: SELECT 
                       id, applicable_from, property_code, property_name, nick_name, owner_n... | {"sql":"SELECT id, applicable_from, property_code, property_name, nick_name, owner_name, address_name, gst_number, pan_number, group_name, local_currency, currency_format, symbol, decimal_places, date_format, round_off, property_logo, created_at, updated_at, created_user_id, updated_user_id, reserve_1, reserve_2 FROM IT_CONF_PROPERTY ORDER BY property_code","params":null,"executionTime":null}
2025-10-26 17:48:49.388 [INFO]: ✅ Query completed - 7 rows (2ms) | {"sql":"SELECT id, applicable_from, property_code, propert","rowsAffected":7,"executionTime":"2ms"}
2025-10-26 17:50:08.926 [DEBUG]: 🔍 Query: INSERT INTO IT_CONF_PROPERTY 
                   (applicable_from, property_code, property_name, nic... | {"sql":"INSERT INTO IT_CONF_PROPERTY (applicable_from, property_code, property_name, nick_name, owner_name, address_name, gst_number, pan_number, group_name, local_currency, currency_format, symbol, decimal_places, date_format, round_off, property_logo, created_user_id, updated_user_id, reserve_1, reserve_2) VALUES (?, ?, ?, ?, ?, ?, ?, ?, ?, ?, ?, ?, ?, ?, ?, ?, ?, ?, ?, ?)","params":"[\"2025-10-26\",\"TZTEST3\",\"TZ Test3\",\"TZ\",\"TZ\",\"Addr\",\"GSTTZ\",\"PANTZ\",\"TZ Group\",\"INR\",\"0.00\",\"?\",2,\"DDMMYY\",\"1\",null,null,null,null,null]","executionTime":null}
2025-10-26 17:50:08.939 [INFO]: ✅ Query completed - 1 rows (12ms) | {"sql":"INSERT INTO IT_CONF_PROPERTY (applicable_from, pro","rowsAffected":1,"executionTime":"12ms"}
2025-10-26 17:52:26.219 [DEBUG]: 🔍 Query: SELECT 
                       id, applicable_from, property_code, property_name, nick_name, owner_n... | {"sql":"SELECT id, applicable_from, property_code, property_name, nick_name, owner_name, address_name, gst_number, pan_number, group_name, local_currency, currency_format, symbol, decimal_places, date_format, round_off, property_logo, created_at, updated_at, created_user_id, updated_user_id, reserve_1, reserve_2 FROM IT_CONF_PROPERTY ORDER BY property_code","params":null,"executionTime":null}
2025-10-26 17:52:26.222 [INFO]: ✅ Query completed - 8 rows (2ms) | {"sql":"SELECT id, applicable_from, property_code, propert","rowsAffected":8,"executionTime":"2ms"}
2025-10-26 17:57:33.510 [INFO]: 🔗 Database connected | {"host":"localhost","port":3307,"database":"pos_db"}
2025-10-26 17:57:52.484 [INFO]: 🔗 Database connected | {"host":"localhost","port":3307,"database":"pos_db"}
2025-10-26 18:02:56.696 [DEBUG]: 🔍 Query: SELECT 
                       id, applicable_from, property_code, property_name, nick_name, owner_n... | {"sql":"SELECT id, applicable_from, property_code, property_name, nick_name, owner_name, address_name, gst_number, pan_number, group_name, local_currency, currency_format, symbol, decimal_places, date_format, round_off, property_logo, created_at, updated_at, created_user_id, updated_user_id, reserve_1, reserve_2 FROM IT_CONF_PROPERTY ORDER BY property_code","params":null,"executionTime":null}
2025-10-26 18:02:56.712 [INFO]: ✅ Query completed - 8 rows (16ms) | {"sql":"SELECT id, applicable_from, property_code, propert","rowsAffected":8,"executionTime":"16ms"}
2025-10-26 18:24:42.916 [DEBUG]: 🔍 Query: INSERT INTO IT_CONF_PROPERTY 
                   (applicable_from, property_code, property_name, nic... | {"sql":"INSERT INTO IT_CONF_PROPERTY (applicable_from, property_code, property_name, nick_name, owner_name, address_name, gst_number, pan_number, group_name, local_currency, currency_format, symbol, decimal_places, date_format, round_off, property_logo, created_user_id, updated_user_id, reserve_1, reserve_2) VALUES (STR_TO_DATE(?, '%Y-%m-%d'), ?, ?, ?, ?, ?, ?, ?, ?, ?, ?, ?, ?, ?, ?, ?, ?, ?, ?, ?)","params":"[\"2025-10-31\",\"ABC\",\"ABC HOTEL\",\"ABC\",\"Amitabh\",\"ADDRESS 1\",\"GST457812NTR\",\"ABCPAN45785\",\"ABC INTERNATIONAL\",\"INR\",\"0.00\",\"₹\",\"2\",\"DDMMYY\",\"1\",null,null,null,null,null]","executionTime":null}
2025-10-26 18:24:42.929 [INFO]: ✅ Query completed - 1 rows (14ms) | {"sql":"INSERT INTO IT_CONF_PROPERTY (applicable_from, pro","rowsAffected":1,"executionTime":"14ms"}
2025-10-26 18:24:42.935 [DEBUG]: 🔍 Query: SELECT 
                       id, applicable_from, property_code, property_name, nick_name, owner_n... | {"sql":"SELECT id, applicable_from, property_code, property_name, nick_name, owner_name, address_name, gst_number, pan_number, group_name, local_currency, currency_format, symbol, decimal_places, date_format, round_off, property_logo, created_at, updated_at, created_user_id, updated_user_id, reserve_1, reserve_2 FROM IT_CONF_PROPERTY ORDER BY property_code","params":null,"executionTime":null}
2025-10-26 18:24:42.940 [INFO]: ✅ Query completed - 9 rows (2ms) | {"sql":"SELECT id, applicable_from, property_code, propert","rowsAffected":9,"executionTime":"2ms"}
2025-10-26 18:24:44.412 [DEBUG]: 🔍 Query: SELECT 
                       id, applicable_from, property_code, property_name, nick_name, owner_n... | {"sql":"SELECT id, applicable_from, property_code, property_name, nick_name, owner_name, address_name, gst_number, pan_number, group_name, local_currency, currency_format, symbol, decimal_places, date_format, round_off, property_logo, created_at, updated_at, created_user_id, updated_user_id, reserve_1, reserve_2 FROM IT_CONF_PROPERTY ORDER BY property_code","params":null,"executionTime":null}
2025-10-26 18:24:44.413 [INFO]: ✅ Query completed - 9 rows (2ms) | {"sql":"SELECT id, applicable_from, property_code, propert","rowsAffected":9,"executionTime":"2ms"}
2025-10-26 18:25:02.760 [DEBUG]: 🔍 Query: SELECT 
                       id, applicable_from, property_code, property_name, nick_name, owner_n... | {"sql":"SELECT id, applicable_from, property_code, property_name, nick_name, owner_name, address_name, gst_number, pan_number, group_name, local_currency, currency_format, symbol, decimal_places, date_format, round_off, property_logo, created_at, updated_at, created_user_id, updated_user_id, reserve_1, reserve_2 FROM IT_CONF_PROPERTY ORDER BY property_code","params":null,"executionTime":null}
2025-10-26 18:25:02.762 [INFO]: ✅ Query completed - 9 rows (2ms) | {"sql":"SELECT id, applicable_from, property_code, propert","rowsAffected":9,"executionTime":"2ms"}
2025-10-26 18:25:09.946 [DEBUG]: 🔍 Query: UPDATE IT_CONF_PROPERTY 
                   SET applicable_from = STR_TO_DATE(?, '%Y-%m-%d'), proper...
2025-10-26 18:25:09.961 [INFO]: ✅ Query completed - 1 rows (15ms) | {"sql":"UPDATE IT_CONF_PROPERTY SET applicable_from = STR_","rowsAffected":1,"executionTime":"15ms"}
2025-10-26 18:25:09.967 [DEBUG]: 🔍 Query: SELECT 
                       id, applicable_from, property_code, property_name, nick_name, owner_n... | {"sql":"SELECT id, applicable_from, property_code, property_name, nick_name, owner_name, address_name, gst_number, pan_number, group_name, local_currency, currency_format, symbol, decimal_places, date_format, round_off, property_logo, created_at, updated_at, created_user_id, updated_user_id, reserve_1, reserve_2 FROM IT_CONF_PROPERTY ORDER BY property_code","params":null,"executionTime":null}
2025-10-26 18:25:09.969 [INFO]: ✅ Query completed - 9 rows (2ms) | {"sql":"SELECT id, applicable_from, property_code, propert","rowsAffected":9,"executionTime":"2ms"}
2025-10-26 18:32:00.862 [DEBUG]: 🔍 Query: SELECT 
                       id, applicable_from, property_code, property_name, nick_name, owner_n... | {"sql":"SELECT id, applicable_from, property_code, property_name, nick_name, owner_name, address_name, gst_number, pan_number, group_name, local_currency, currency_format, symbol, decimal_places, date_format, round_off, property_logo, created_at, updated_at, created_user_id, updated_user_id, reserve_1, reserve_2 FROM IT_CONF_PROPERTY ORDER BY property_code","params":null,"executionTime":null}
2025-10-26 18:32:00.865 [INFO]: ✅ Query completed - 9 rows (3ms) | {"sql":"SELECT id, applicable_from, property_code, propert","rowsAffected":9,"executionTime":"3ms"}
2025-10-26 18:32:00.871 [DEBUG]: 🔍 Query: SELECT 
                       id, applicable_from, property_code, property_name, nick_name, owner_n... | {"sql":"SELECT id, applicable_from, property_code, property_name, nick_name, owner_name, address_name, gst_number, pan_number, group_name, local_currency, currency_format, symbol, decimal_places, date_format, round_off, property_logo, created_at, updated_at, created_user_id, updated_user_id, reserve_1, reserve_2 FROM IT_CONF_PROPERTY ORDER BY property_code","params":null,"executionTime":null}
2025-10-26 18:32:00.873 [INFO]: ✅ Query completed - 9 rows (2ms) | {"sql":"SELECT id, applicable_from, property_code, propert","rowsAffected":9,"executionTime":"2ms"}
2025-10-26 18:32:00.877 [DEBUG]: 🔍 Query: SELECT 
                       id, applicable_from, property_code, property_name, nick_name, owner_n... | {"sql":"SELECT id, applicable_from, property_code, property_name, nick_name, owner_name, address_name, gst_number, pan_number, group_name, local_currency, currency_format, symbol, decimal_places, date_format, round_off, property_logo, created_at, updated_at, created_user_id, updated_user_id, reserve_1, reserve_2 FROM IT_CONF_PROPERTY ORDER BY property_code","params":null,"executionTime":null}
2025-10-26 18:32:00.878 [INFO]: ✅ Query completed - 9 rows (2ms) | {"sql":"SELECT id, applicable_from, property_code, propert","rowsAffected":9,"executionTime":"2ms"}
2025-10-26 18:32:00.884 [DEBUG]: 🔍 Query: SELECT 
                       id, applicable_from, property_code, property_name, nick_name, owner_n... | {"sql":"SELECT id, applicable_from, property_code, property_name, nick_name, owner_name, address_name, gst_number, pan_number, group_name, local_currency, currency_format, symbol, decimal_places, date_format, round_off, property_logo, created_at, updated_at, created_user_id, updated_user_id, reserve_1, reserve_2 FROM IT_CONF_PROPERTY ORDER BY property_code","params":null,"executionTime":null}
2025-10-26 18:32:00.885 [INFO]: ✅ Query completed - 9 rows (2ms) | {"sql":"SELECT id, applicable_from, property_code, propert","rowsAffected":9,"executionTime":"2ms"}
2025-10-26 18:32:02.384 [DEBUG]: 🔍 Query: SELECT 
                       id, applicable_from, property_code, property_name, nick_name, owner_n... | {"sql":"SELECT id, applicable_from, property_code, property_name, nick_name, owner_name, address_name, gst_number, pan_number, group_name, local_currency, currency_format, symbol, decimal_places, date_format, round_off, property_logo, created_at, updated_at, created_user_id, updated_user_id, reserve_1, reserve_2 FROM IT_CONF_PROPERTY ORDER BY property_code","params":null,"executionTime":null}
2025-10-26 18:32:02.386 [INFO]: ✅ Query completed - 9 rows (2ms) | {"sql":"SELECT id, applicable_from, property_code, propert","rowsAffected":9,"executionTime":"2ms"}
2025-10-26 18:32:08.281 [DEBUG]: 🔍 Query: UPDATE IT_CONF_PROPERTY 
                   SET applicable_from = STR_TO_DATE(?, '%Y-%m-%d'), proper...
2025-10-26 18:32:08.297 [INFO]: ✅ Query completed - 1 rows (16ms) | {"sql":"UPDATE IT_CONF_PROPERTY SET applicable_from = STR_","rowsAffected":1,"executionTime":"16ms"}
2025-10-26 18:32:08.306 [DEBUG]: 🔍 Query: SELECT 
                       id, applicable_from, property_code, property_name, nick_name, owner_n... | {"sql":"SELECT id, applicable_from, property_code, property_name, nick_name, owner_name, address_name, gst_number, pan_number, group_name, local_currency, currency_format, symbol, decimal_places, date_format, round_off, property_logo, created_at, updated_at, created_user_id, updated_user_id, reserve_1, reserve_2 FROM IT_CONF_PROPERTY ORDER BY property_code","params":null,"executionTime":null}
2025-10-26 18:32:08.308 [INFO]: ✅ Query completed - 9 rows (2ms) | {"sql":"SELECT id, applicable_from, property_code, propert","rowsAffected":9,"executionTime":"2ms"}
2025-10-26 18:32:11.271 [DEBUG]: 🔍 Query: SELECT 
                       id, applicable_from, property_code, property_name, nick_name, owner_n... | {"sql":"SELECT id, applicable_from, property_code, property_name, nick_name, owner_name, address_name, gst_number, pan_number, group_name, local_currency, currency_format, symbol, decimal_places, date_format, round_off, property_logo, created_at, updated_at, created_user_id, updated_user_id, reserve_1, reserve_2 FROM IT_CONF_PROPERTY ORDER BY property_code","params":null,"executionTime":null}
2025-10-26 18:32:11.273 [INFO]: ✅ Query completed - 9 rows (2ms) | {"sql":"SELECT id, applicable_from, property_code, propert","rowsAffected":9,"executionTime":"2ms"}
2025-10-26 18:32:29.877 [DEBUG]: 🔍 Query: INSERT INTO IT_CONF_REASONS 
                   (REASON_CODE, REASON_DESC, OPERATION_TYPE, display_s... | {"sql":"INSERT INTO IT_CONF_REASONS (REASON_CODE, REASON_DESC, OPERATION_TYPE, display_sequence, ActiveStatus) VALUES (?, ?, ?, ?, ?)","params":"[\"TEST_SAVE\",\"Test save from CLI\",\"POS\",1,1]","executionTime":null}
2025-10-26 18:32:29.890 [INFO]: ✅ Query completed - 1 rows (13ms) | {"sql":"INSERT INTO IT_CONF_REASONS (REASON_CODE, REASON_D","rowsAffected":1,"executionTime":"13ms"}
2025-10-26 18:32:29.891 [DEBUG]: 🔍 Query: SELECT REASON_CODE AS reason_code, REASON_DESC AS reason_description, IFNULL(OPERATION_TYPE,'General... | {"sql":"SELECT REASON_CODE AS reason_code, REASON_DESC AS reason_description, IFNULL(OPERATION_TYPE,'General') AS operation_type, IFNULL(display_sequence,0) AS display_sequence, IFNULL(ActiveStatus,1) AS is_active FROM IT_CONF_REASONS WHERE REASON_CODE = ?","params":"[\"TEST_SAVE\"]","executionTime":null}
2025-10-26 18:32:29.894 [INFO]: ✅ Query completed - 1 rows (3ms) | {"sql":"SELECT REASON_CODE AS reason_code, REASON_DESC AS ","rowsAffected":1,"executionTime":"3ms"}
2025-10-26 18:33:26.708 [DEBUG]: 🔍 Query: SELECT
        REASON_CODE AS reason_code,
        REASON_DESC AS reason_description,
              ... | {"sql":"SELECT REASON_CODE AS reason_code, REASON_DESC AS reason_description, IFNULL(OPERATION_TYPE, 'General') AS operation_type, IFNULL(display_sequence, 0) AS display_sequence, IFNULL(ActiveStatus, 1) AS is_active FROM IT_CONF_REASONS ORDER BY REASON_CODE","params":null,"executionTime":null}
2025-10-26 18:33:26.709 [INFO]: ✅ Query completed - 2 rows (1ms) | {"sql":"SELECT REASON_CODE AS reason_code, REASON_DESC AS ","rowsAffected":2,"executionTime":"1ms"}
2025-10-26 18:44:04.189 [DEBUG]: 🔍 Query: SELECT * FROM IT_CONF_USER_SETUP WHERE user_code = ? AND is_active = 1 | {"sql":"SELECT * FROM IT_CONF_USER_SETUP WHERE user_code = ? AND is_active = 1","params":"[\"test\"]","executionTime":null}
2025-10-26 18:44:04.193 [INFO]: ✅ Query completed - 0 rows (4ms) | {"sql":"SELECT * FROM IT_CONF_USER_SETUP WHERE user_code =","rowsAffected":0,"executionTime":"4ms"}
2025-10-26 18:44:32.663 [DEBUG]: 🔍 Query: SELECT * FROM IT_CONF_USER_SETUP WHERE user_name = ? AND password = ? AND is_active = 1 | {"sql":"SELECT * FROM IT_CONF_USER_SETUP WHERE user_name = ? AND password = ? AND is_active = 1","params":"[\"admin@ithots.com\",\"admin\"]","executionTime":null}
2025-10-26 18:44:32.665 [INFO]: ✅ Query completed - 1 rows (2ms) | {"sql":"SELECT * FROM IT_CONF_USER_SETUP WHERE user_name =","rowsAffected":1,"executionTime":"2ms"}
2025-10-26 18:47:51.904 [DEBUG]: 🔍 Query: SELECT * FROM IT_CONF_USER_SETUP WHERE user_name = ? AND password = ? AND is_active = 1 | {"sql":"SELECT * FROM IT_CONF_USER_SETUP WHERE user_name = ? AND password = ? AND is_active = 1","params":"[\"admin@ithots.com\",\"admin\"]","executionTime":null}
2025-10-26 18:47:51.906 [INFO]: ✅ Query completed - 1 rows (2ms) | {"sql":"SELECT * FROM IT_CONF_USER_SETUP WHERE user_name =","rowsAffected":1,"executionTime":"2ms"}
2025-10-26 18:48:01.631 [DEBUG]: 🔍 Query: SELECT * FROM IT_CONF_USER_SETUP WHERE user_name = ? AND password = ? AND is_active = 1 | {"sql":"SELECT * FROM IT_CONF_USER_SETUP WHERE user_name = ? AND password = ? AND is_active = 1","params":"[\"admin@ithots.com\",\"admin\"]","executionTime":null}
2025-10-26 18:48:01.633 [INFO]: ✅ Query completed - 1 rows (2ms) | {"sql":"SELECT * FROM IT_CONF_USER_SETUP WHERE user_name =","rowsAffected":1,"executionTime":"2ms"}
2025-10-26 18:48:06.189 [DEBUG]: 🔍 Query: SELECT
        REASON_CODE AS reason_code,
        REASON_DESC AS reason_description,
              ... | {"sql":"SELECT REASON_CODE AS reason_code, REASON_DESC AS reason_description, IFNULL(OPERATION_TYPE, 'General') AS operation_type, IFNULL(display_sequence, 0) AS display_sequence, IFNULL(ActiveStatus, 1) AS is_active FROM IT_CONF_REASONS ORDER BY REASON_CODE","params":null,"executionTime":null}
2025-10-26 18:48:06.192 [INFO]: ✅ Query completed - 2 rows (2ms) | {"sql":"SELECT REASON_CODE AS reason_code, REASON_DESC AS ","rowsAffected":2,"executionTime":"2ms"}
2025-10-26 18:48:06.512 [DEBUG]: 🔍 Query: SELECT
        REASON_CODE AS reason_code,
        REASON_DESC AS reason_description,
              ... | {"sql":"SELECT REASON_CODE AS reason_code, REASON_DESC AS reason_description, IFNULL(OPERATION_TYPE, 'General') AS operation_type, IFNULL(display_sequence, 0) AS display_sequence, IFNULL(ActiveStatus, 1) AS is_active FROM IT_CONF_REASONS ORDER BY REASON_CODE","params":null,"executionTime":null}
2025-10-26 18:48:06.514 [INFO]: ✅ Query completed - 2 rows (2ms) | {"sql":"SELECT REASON_CODE AS reason_code, REASON_DESC AS ","rowsAffected":2,"executionTime":"2ms"}
2025-10-26 18:48:54.429 [DEBUG]: 🔍 Query: INSERT INTO IT_CONF_REASONS 
                   (REASON_CODE, REASON_DESC, OPERATION_TYPE, display_s... | {"sql":"INSERT INTO IT_CONF_REASONS (REASON_CODE, REASON_DESC, OPERATION_TYPE, display_sequence, ActiveStatus) VALUES (?, ?, ?, ?, ?)","params":"[\"ORDER\",\"ORDER CANCELLED\",\"POS\",2,true]","executionTime":null}
2025-10-26 18:48:54.446 [INFO]: ✅ Query completed - 1 rows (17ms) | {"sql":"INSERT INTO IT_CONF_REASONS (REASON_CODE, REASON_D","rowsAffected":1,"executionTime":"17ms"}
2025-10-26 18:48:54.447 [DEBUG]: 🔍 Query: SELECT REASON_CODE AS reason_code, REASON_DESC AS reason_description, IFNULL(OPERATION_TYPE,'General... | {"sql":"SELECT REASON_CODE AS reason_code, REASON_DESC AS reason_description, IFNULL(OPERATION_TYPE,'General') AS operation_type, IFNULL(display_sequence,0) AS display_sequence, IFNULL(ActiveStatus,1) AS is_active FROM IT_CONF_REASONS WHERE REASON_CODE = ?","params":"[\"ORDER\"]","executionTime":null}
2025-10-26 18:48:54.450 [INFO]: ✅ Query completed - 1 rows (3ms) | {"sql":"SELECT REASON_CODE AS reason_code, REASON_DESC AS ","rowsAffected":1,"executionTime":"3ms"}
2025-10-26 18:49:10.166 [DEBUG]: 🔍 Query: INSERT INTO IT_CONF_REASONS 
                   (REASON_CODE, REASON_DESC, OPERATION_TYPE, display_s... | {"sql":"INSERT INTO IT_CONF_REASONS (REASON_CODE, REASON_DESC, OPERATION_TYPE, display_sequence, ActiveStatus) VALUES (?, ?, ?, ?, ?)","params":"[\"ORDER1\",\"ORDER CANCELLED\",\"POS\",3,true]","executionTime":null}
2025-10-26 18:49:10.179 [INFO]: ✅ Query completed - 1 rows (13ms) | {"sql":"INSERT INTO IT_CONF_REASONS (REASON_CODE, REASON_D","rowsAffected":1,"executionTime":"13ms"}
2025-10-26 18:49:10.180 [DEBUG]: 🔍 Query: SELECT REASON_CODE AS reason_code, REASON_DESC AS reason_description, IFNULL(OPERATION_TYPE,'General... | {"sql":"SELECT REASON_CODE AS reason_code, REASON_DESC AS reason_description, IFNULL(OPERATION_TYPE,'General') AS operation_type, IFNULL(display_sequence,0) AS display_sequence, IFNULL(ActiveStatus,1) AS is_active FROM IT_CONF_REASONS WHERE REASON_CODE = ?","params":"[\"ORDER1\"]","executionTime":null}
2025-10-26 18:49:10.182 [INFO]: ✅ Query completed - 1 rows (2ms) | {"sql":"SELECT REASON_CODE AS reason_code, REASON_DESC AS ","rowsAffected":1,"executionTime":"2ms"}
2025-10-26 18:50:23.321 [DEBUG]: 🔍 Query: INSERT INTO IT_CONF_REASONS 
                   (REASON_CODE, REASON_DESC, OPERATION_TYPE, display_s... | {"sql":"INSERT INTO IT_CONF_REASONS (REASON_CODE, REASON_DESC, OPERATION_TYPE, display_sequence, ActiveStatus) VALUES (?, ?, ?, ?, ?)","params":"[\"ORDER2\",\"ORDER CANCELLED\",\"Payment\",4,true]","executionTime":null}
2025-10-26 18:50:23.334 [INFO]: ✅ Query completed - 1 rows (13ms) | {"sql":"INSERT INTO IT_CONF_REASONS (REASON_CODE, REASON_D","rowsAffected":1,"executionTime":"13ms"}
2025-10-26 18:50:23.335 [DEBUG]: 🔍 Query: SELECT REASON_CODE AS reason_code, REASON_DESC AS reason_description, IFNULL(OPERATION_TYPE,'General... | {"sql":"SELECT REASON_CODE AS reason_code, REASON_DESC AS reason_description, IFNULL(OPERATION_TYPE,'General') AS operation_type, IFNULL(display_sequence,0) AS display_sequence, IFNULL(ActiveStatus,1) AS is_active FROM IT_CONF_REASONS WHERE REASON_CODE = ?","params":"[\"ORDER2\"]","executionTime":null}
2025-10-26 18:50:23.337 [INFO]: ✅ Query completed - 1 rows (2ms) | {"sql":"SELECT REASON_CODE AS reason_code, REASON_DESC AS ","rowsAffected":1,"executionTime":"2ms"}
2025-10-26 18:50:31.530 [DEBUG]: 🔍 Query: UPDATE IT_CONF_REASONS 
                   SET REASON_DESC = ?, OPERATION_TYPE = ?, display_sequence... | {"sql":"UPDATE IT_CONF_REASONS SET REASON_DESC = ?, OPERATION_TYPE = ?, display_sequence = ?, ActiveStatus = ? WHERE REASON_CODE = ?","params":"[\"Test Reason\",\"General\",1,false,\"TST1\"]","executionTime":null}
2025-10-26 18:50:31.544 [INFO]: ✅ Query completed - 1 rows (13ms) | {"sql":"UPDATE IT_CONF_REASONS SET REASON_DESC = ?, OPERAT","rowsAffected":1,"executionTime":"13ms"}
2025-10-26 18:50:31.545 [DEBUG]: 🔍 Query: SELECT REASON_CODE AS reason_code, REASON_DESC AS reason_description, IFNULL(OPERATION_TYPE,'General... | {"sql":"SELECT REASON_CODE AS reason_code, REASON_DESC AS reason_description, IFNULL(OPERATION_TYPE,'General') AS operation_type, IFNULL(display_sequence,0) AS display_sequence, IFNULL(ActiveStatus,1) AS is_active FROM IT_CONF_REASONS WHERE REASON_CODE = ?","params":"[\"TST1\"]","executionTime":null}
2025-10-26 18:50:31.546 [INFO]: ✅ Query completed - 1 rows (2ms) | {"sql":"SELECT REASON_CODE AS reason_code, REASON_DESC AS ","rowsAffected":1,"executionTime":"2ms"}
2025-10-26 18:53:40.546 [DEBUG]: 🔍 Query: SELECT 
                       id, applicable_from, property_code, property_name, nick_name, owner_n... | {"sql":"SELECT id, applicable_from, property_code, property_name, nick_name, owner_name, address_name, gst_number, pan_number, group_name, local_currency, currency_format, symbol, decimal_places, date_format, round_off, property_logo, created_at, updated_at, created_user_id, updated_user_id, reserve_1, reserve_2 FROM IT_CONF_PROPERTY ORDER BY property_code","params":null,"executionTime":null}
2025-10-26 18:53:40.549 [INFO]: ✅ Query completed - 9 rows (2ms) | {"sql":"SELECT id, applicable_from, property_code, propert","rowsAffected":9,"executionTime":"2ms"}
2025-10-26 18:53:40.555 [DEBUG]: 🔍 Query: SELECT 
                       id, applicable_from, property_code, property_name, nick_name, owner_n... | {"sql":"SELECT id, applicable_from, property_code, property_name, nick_name, owner_name, address_name, gst_number, pan_number, group_name, local_currency, currency_format, symbol, decimal_places, date_format, round_off, property_logo, created_at, updated_at, created_user_id, updated_user_id, reserve_1, reserve_2 FROM IT_CONF_PROPERTY ORDER BY property_code","params":null,"executionTime":null}
2025-10-26 18:53:40.558 [INFO]: ✅ Query completed - 9 rows (3ms) | {"sql":"SELECT id, applicable_from, property_code, propert","rowsAffected":9,"executionTime":"3ms"}
2025-10-26 18:53:40.564 [DEBUG]: 🔍 Query: SELECT 
                       id, applicable_from, property_code, property_name, nick_name, owner_n... | {"sql":"SELECT id, applicable_from, property_code, property_name, nick_name, owner_name, address_name, gst_number, pan_number, group_name, local_currency, currency_format, symbol, decimal_places, date_format, round_off, property_logo, created_at, updated_at, created_user_id, updated_user_id, reserve_1, reserve_2 FROM IT_CONF_PROPERTY ORDER BY property_code","params":null,"executionTime":null}
2025-10-26 18:53:40.566 [INFO]: ✅ Query completed - 9 rows (2ms) | {"sql":"SELECT id, applicable_from, property_code, propert","rowsAffected":9,"executionTime":"2ms"}
2025-10-26 18:53:40.570 [DEBUG]: 🔍 Query: SELECT 
                       id, applicable_from, property_code, property_name, nick_name, owner_n... | {"sql":"SELECT id, applicable_from, property_code, property_name, nick_name, owner_name, address_name, gst_number, pan_number, group_name, local_currency, currency_format, symbol, decimal_places, date_format, round_off, property_logo, created_at, updated_at, created_user_id, updated_user_id, reserve_1, reserve_2 FROM IT_CONF_PROPERTY ORDER BY property_code","params":null,"executionTime":null}
2025-10-26 18:53:40.573 [INFO]: ✅ Query completed - 9 rows (2ms) | {"sql":"SELECT id, applicable_from, property_code, propert","rowsAffected":9,"executionTime":"2ms"}
2025-10-26 18:53:43.241 [DEBUG]: 🔍 Query: SELECT 
                       id, applicable_from, property_code, property_name, nick_name, owner_n... | {"sql":"SELECT id, applicable_from, property_code, property_name, nick_name, owner_name, address_name, gst_number, pan_number, group_name, local_currency, currency_format, symbol, decimal_places, date_format, round_off, property_logo, created_at, updated_at, created_user_id, updated_user_id, reserve_1, reserve_2 FROM IT_CONF_PROPERTY ORDER BY property_code","params":null,"executionTime":null}
2025-10-26 18:53:43.243 [INFO]: ✅ Query completed - 9 rows (3ms) | {"sql":"SELECT id, applicable_from, property_code, propert","rowsAffected":9,"executionTime":"3ms"}
2025-10-26 19:03:03.871 [DEBUG]: 🔍 Query: SELECT * FROM IT_CONF_USER_SETUP WHERE user_name = ? AND password = ? AND is_active = 1 | {"sql":"SELECT * FROM IT_CONF_USER_SETUP WHERE user_name = ? AND password = ? AND is_active = 1","params":"[\"admin@ithots.com\",\"admin\"]","executionTime":null}
2025-10-26 19:03:03.873 [INFO]: ✅ Query completed - 1 rows (1ms) | {"sql":"SELECT * FROM IT_CONF_USER_SETUP WHERE user_name =","rowsAffected":1,"executionTime":"1ms"}
2025-10-26 19:05:46.281 [DEBUG]: 🔍 Query: INSERT INTO IT_CONF_UOM 
                   (uom_code, uom_name, container_unit, container_size, 
  ... | {"sql":"INSERT INTO IT_CONF_UOM (uom_code, uom_name, container_unit, container_size, contained_unit, is_active, created_by) VALUES (?, ?, ?, ?, ?, ?, 'admin')","params":"[\"POR\",\"Portion\",null,null,null,1]","executionTime":null}
2025-10-26 19:05:46.288 [ERROR]: 💥 DB Error: Unknown column 'container_unit' in 'field list' | {"sql":"INSERT INTO IT_CONF_UOM (uom_code, uom_name, container_unit, container_size, contained_unit, is_active, created_by) VALUES (?, ?, ?, ?, ?, ?, 'admin')","params":"[\"POR\",\"Portion\",null,null,null,1]","error":"Unknown column 'container_unit' in 'field list'","code":"ER_BAD_FIELD_ERROR"}
2025-10-26 19:25:49.746 [DEBUG]: 🔍 Query: SELECT * FROM IT_CONF_USER_SETUP WHERE user_name = ? AND password = ? AND is_active = 1 | {"sql":"SELECT * FROM IT_CONF_USER_SETUP WHERE user_name = ? AND password = ? AND is_active = 1","params":"[\"admin@ithots.com\",\"admin\"]","executionTime":null}
2025-10-26 19:25:49.748 [INFO]: ✅ Query completed - 1 rows (3ms) | {"sql":"SELECT * FROM IT_CONF_USER_SETUP WHERE user_name =","rowsAffected":1,"executionTime":"3ms"}
2025-10-26 19:30:28.429 [DEBUG]: 🔍 Query: SELECT * FROM IT_CONF_USER_SETUP WHERE user_name = ? AND password = ? AND is_active = 1 | {"sql":"SELECT * FROM IT_CONF_USER_SETUP WHERE user_name = ? AND password = ? AND is_active = 1","params":"[\"admin@ithots.com\",\"admin\"]","executionTime":null}
2025-10-26 19:30:28.431 [INFO]: ✅ Query completed - 1 rows (2ms) | {"sql":"SELECT * FROM IT_CONF_USER_SETUP WHERE user_name =","rowsAffected":1,"executionTime":"2ms"}
2025-10-26 19:30:33.540 [DEBUG]: 🔍 Query: SELECT
        REASON_CODE AS reason_code,
        REASON_DESC AS reason_description,
              ... | {"sql":"SELECT REASON_CODE AS reason_code, REASON_DESC AS reason_description, IFNULL(OPERATION_TYPE, 'General') AS operation_type, IFNULL(display_sequence, 0) AS display_sequence, IFNULL(ActiveStatus, 1) AS is_active FROM IT_CONF_REASONS ORDER BY REASON_CODE","params":null,"executionTime":null}
2025-10-26 19:30:33.542 [INFO]: ✅ Query completed - 5 rows (2ms) | {"sql":"SELECT REASON_CODE AS reason_code, REASON_DESC AS ","rowsAffected":5,"executionTime":"2ms"}
2025-10-26 19:30:33.554 [DEBUG]: 🔍 Query: SELECT
        REASON_CODE AS reason_code,
        REASON_DESC AS reason_description,
              ... | {"sql":"SELECT REASON_CODE AS reason_code, REASON_DESC AS reason_description, IFNULL(OPERATION_TYPE, 'General') AS operation_type, IFNULL(display_sequence, 0) AS display_sequence, IFNULL(ActiveStatus, 1) AS is_active FROM IT_CONF_REASONS ORDER BY REASON_CODE","params":null,"executionTime":null}
2025-10-26 19:30:33.557 [INFO]: ✅ Query completed - 5 rows (3ms) | {"sql":"SELECT REASON_CODE AS reason_code, REASON_DESC AS ","rowsAffected":5,"executionTime":"3ms"}
2025-10-26 19:30:55.502 [DEBUG]: 🔍 Query: INSERT INTO IT_CONF_UOM 
                   (uom_code, uom_name, container_unit, container_size, 
  ... | {"sql":"INSERT INTO IT_CONF_UOM (uom_code, uom_name, container_unit, container_size, contained_unit, is_active, created_by) VALUES (?, ?, ?, ?, ?, ?, 'admin')","params":"[\"POR\",\"Portion\",null,null,null,1]","executionTime":null}
2025-10-26 19:30:55.505 [ERROR]: 💥 DB Error: Unknown column 'container_unit' in 'field list' | {"sql":"INSERT INTO IT_CONF_UOM (uom_code, uom_name, container_unit, container_size, contained_unit, is_active, created_by) VALUES (?, ?, ?, ?, ?, ?, 'admin')","params":"[\"POR\",\"Portion\",null,null,null,1]","error":"Unknown column 'container_unit' in 'field list'","code":"ER_BAD_FIELD_ERROR"}
2025-10-26 20:17:22.601 [DEBUG]: 🔍 Query: SELECT * FROM IT_CONF_USER_SETUP WHERE user_name = ? AND password = ? AND is_active = 1 | {"sql":"SELECT * FROM IT_CONF_USER_SETUP WHERE user_name = ? AND password = ? AND is_active = 1","params":"[\"admin@ithots.com\",\"admin\"]","executionTime":null}
2025-10-26 20:17:22.605 [INFO]: ✅ Query completed - 1 rows (4ms) | {"sql":"SELECT * FROM IT_CONF_USER_SETUP WHERE user_name =","rowsAffected":1,"executionTime":"4ms"}
2025-10-26 20:17:40.924 [DEBUG]: 🔍 Query: INSERT INTO IT_CONF_UOM 
                   (uom_code, uom_name, container_unit, container_size, 
  ... | {"sql":"INSERT INTO IT_CONF_UOM (uom_code, uom_name, container_unit, container_size, contained_unit, is_active, created_by) VALUES (?, ?, ?, ?, ?, ?, 'admin')","params":"[\"POR\",\"portion\",null,null,null,1]","executionTime":null}
2025-10-26 20:17:40.926 [ERROR]: 💥 DB Error: Unknown column 'container_unit' in 'field list' | {"sql":"INSERT INTO IT_CONF_UOM (uom_code, uom_name, container_unit, container_size, contained_unit, is_active, created_by) VALUES (?, ?, ?, ?, ?, ?, 'admin')","params":"[\"POR\",\"portion\",null,null,null,1]","error":"Unknown column 'container_unit' in 'field list'","code":"ER_BAD_FIELD_ERROR"}
2025-10-26 20:20:03.426 [INFO]: 🔗 Database connected | {"host":"localhost","port":3307,"database":"pos_db"}
2025-10-26 20:22:53.803 [INFO]: 🔗 Database connected | {"host":"localhost","port":3307,"database":"pos_db"}
