2025-10-25 11:40:44.989 [INFO]: 🔗 Database connected | {"host":"localhost","port":3307,"database":"pos_db"}
2025-10-25 11:40:58.369 [DEBUG]: 🔍 Query: SELECT * FROM IT_CONF_USER_SETUP WHERE user_name = ? AND password = ? AND is_active = 1 | {"sql":"SELECT * FROM IT_CONF_USER_SETUP WHERE user_name = ? AND password = ? AND is_active = 1","params":"[\"admin@ithots.com\",\"admin\"]","executionTime":null}
2025-10-25 11:40:58.388 [INFO]: ✅ Query completed - 1 rows (20ms) | {"sql":"SELECT * FROM IT_CONF_USER_SETUP WHERE user_name =","rowsAffected":1,"executionTime":"20ms"}
2025-10-25 11:41:10.485 [DEBUG]: 🔍 Query: SELECT * FROM IT_CONF_USER_SETUP WHERE user_name = ? AND password = ? AND is_active = 1 | {"sql":"SELECT * FROM IT_CONF_USER_SETUP WHERE user_name = ? AND password = ? AND is_active = 1","params":"[\"admin@ithots.com\",\"admin\"]","executionTime":null}
2025-10-25 11:41:10.487 [INFO]: ✅ Query completed - 1 rows (3ms) | {"sql":"SELECT * FROM IT_CONF_USER_SETUP WHERE user_name =","rowsAffected":1,"executionTime":"3ms"}
2025-10-25 11:41:14.471 [DEBUG]: 🔍 Query: SELECT 
                       id, applicable_from, property_code, property_name, nick_name, owner_n... | {"sql":"SELECT id, applicable_from, property_code, property_name, nick_name, owner_name, address_name, gst_number, pan_number, group_name, local_currency, currency_format, symbol, decimal_places, date_format, round_off, property_logo, created_at, updated_at, created_user_id, updated_user_id, reserve_1, reserve_2 FROM IT_CONF_PROPERTY ORDER BY property_code","params":null,"executionTime":null}
2025-10-25 11:41:14.478 [INFO]: ✅ Query completed - 2 rows (6ms) | {"sql":"SELECT id, applicable_from, property_code, propert","rowsAffected":2,"executionTime":"6ms"}
2025-10-25 11:41:14.489 [DEBUG]: 🔍 Query: SELECT 
                       id, applicable_from, property_code, property_name, nick_name, owner_n... | {"sql":"SELECT id, applicable_from, property_code, property_name, nick_name, owner_name, address_name, gst_number, pan_number, group_name, local_currency, currency_format, symbol, decimal_places, date_format, round_off, property_logo, created_at, updated_at, created_user_id, updated_user_id, reserve_1, reserve_2 FROM IT_CONF_PROPERTY ORDER BY property_code","params":null,"executionTime":null}
2025-10-25 11:41:14.493 [INFO]: ✅ Query completed - 2 rows (4ms) | {"sql":"SELECT id, applicable_from, property_code, propert","rowsAffected":2,"executionTime":"4ms"}
2025-10-25 11:41:14.508 [DEBUG]: 🔍 Query: SELECT 
                       id, applicable_from, property_code, property_name, nick_name, owner_n... | {"sql":"SELECT id, applicable_from, property_code, property_name, nick_name, owner_name, address_name, gst_number, pan_number, group_name, local_currency, currency_format, symbol, decimal_places, date_format, round_off, property_logo, created_at, updated_at, created_user_id, updated_user_id, reserve_1, reserve_2 FROM IT_CONF_PROPERTY ORDER BY property_code","params":null,"executionTime":null}
2025-10-25 11:41:14.512 [INFO]: ✅ Query completed - 2 rows (4ms) | {"sql":"SELECT id, applicable_from, property_code, propert","rowsAffected":2,"executionTime":"4ms"}
2025-10-25 11:41:14.521 [DEBUG]: 🔍 Query: SELECT 
                       id, applicable_from, property_code, property_name, nick_name, owner_n... | {"sql":"SELECT id, applicable_from, property_code, property_name, nick_name, owner_name, address_name, gst_number, pan_number, group_name, local_currency, currency_format, symbol, decimal_places, date_format, round_off, property_logo, created_at, updated_at, created_user_id, updated_user_id, reserve_1, reserve_2 FROM IT_CONF_PROPERTY ORDER BY property_code","params":null,"executionTime":null}
2025-10-25 11:41:14.525 [INFO]: ✅ Query completed - 2 rows (3ms) | {"sql":"SELECT id, applicable_from, property_code, propert","rowsAffected":2,"executionTime":"3ms"}
2025-10-25 11:41:15.995 [DEBUG]: 🔍 Query: SELECT 
                       id, applicable_from, property_code, property_name, nick_name, owner_n... | {"sql":"SELECT id, applicable_from, property_code, property_name, nick_name, owner_name, address_name, gst_number, pan_number, group_name, local_currency, currency_format, symbol, decimal_places, date_format, round_off, property_logo, created_at, updated_at, created_user_id, updated_user_id, reserve_1, reserve_2 FROM IT_CONF_PROPERTY ORDER BY property_code","params":null,"executionTime":null}
2025-10-25 11:41:15.997 [INFO]: ✅ Query completed - 2 rows (3ms) | {"sql":"SELECT id, applicable_from, property_code, propert","rowsAffected":2,"executionTime":"3ms"}
2025-10-25 11:42:23.245 [DEBUG]: 🔍 Query: INSERT INTO IT_CONF_PROPERTY 
                   (applicable_from, property_code, property_name, nic... | {"sql":"INSERT INTO IT_CONF_PROPERTY (applicable_from, property_code, property_name, nick_name, owner_name, address_name, gst_number, pan_number, group_name, local_currency, currency_format, symbol, decimal_places, date_format, round_off, property_logo, created_user_id, updated_user_id, reserve_1, reserve_2) VALUES (?, ?, ?, ?, ?, ?, ?, ?, ?, ?, ?, ?, ?, ?, ?, ?, ?, ?, ?, ?)","params":"[\"2025-10-25\",\"abc\",\"abc\",\"abc\",\"abc\",\"address\",\"gst001\",\"pan001\",\"abc int\",\"inr\",\"0.00\",\"₹\",\"2\",\"DDMMYY\",\"1\",null,\"system\",\"system\",null,null]","executionTime":null}
2025-10-25 11:42:23.250 [ERROR]: 💥 DB Error: Incorrect integer value: 'system' for column 'created_user_id' at row 1 | {"sql":"INSERT INTO IT_CONF_PROPERTY (applicable_from, property_code, property_name, nick_name, owner_name, address_name, gst_number, pan_number, group_name, local_currency, currency_format, symbol, decimal_places, date_format, round_off, property_logo, created_user_id, updated_user_id, reserve_1, reserve_2) VALUES (?, ?, ?, ?, ?, ?, ?, ?, ?, ?, ?, ?, ?, ?, ?, ?, ?, ?, ?, ?)","params":"[\"2025-10-25\",\"abc\",\"abc\",\"abc\",\"abc\",\"address\",\"gst001\",\"pan001\",\"abc int\",\"inr\",\"0.00\",\"₹\",\"2\",\"DDMMYY\",\"1\",null,\"system\",\"system\",null,null]","error":"Incorrect integer value: 'system' for column 'created_user_id' at row 1","code":"ER_TRUNCATED_WRONG_VALUE_FOR_FIELD"}
2025-10-25 11:44:02.490 [DEBUG]: 🔍 Query: INSERT INTO IT_CONF_PROPERTY 
                   (applicable_from, property_code, property_name, nic... | {"sql":"INSERT INTO IT_CONF_PROPERTY (applicable_from, property_code, property_name, nick_name, owner_name, address_name, gst_number, pan_number, group_name, local_currency, currency_format, symbol, decimal_places, date_format, round_off, property_logo, created_user_id, updated_user_id, reserve_1, reserve_2) VALUES (?, ?, ?, ?, ?, ?, ?, ?, ?, ?, ?, ?, ?, ?, ?, ?, ?, ?, ?, ?)","params":"[\"2025-10-25\",\"abc\",\"abc\",\"abc\",\"abc\",\"address\",\"gst001\",\"pan001\",\"abc int\",\"inr\",\"0.00\",\"₹\",\"2\",\"DDMMYY\",\"1\",null,\"system\",\"system\",null,null]","executionTime":null}
2025-10-25 11:44:02.493 [ERROR]: 💥 DB Error: Incorrect integer value: 'system' for column 'created_user_id' at row 1 | {"sql":"INSERT INTO IT_CONF_PROPERTY (applicable_from, property_code, property_name, nick_name, owner_name, address_name, gst_number, pan_number, group_name, local_currency, currency_format, symbol, decimal_places, date_format, round_off, property_logo, created_user_id, updated_user_id, reserve_1, reserve_2) VALUES (?, ?, ?, ?, ?, ?, ?, ?, ?, ?, ?, ?, ?, ?, ?, ?, ?, ?, ?, ?)","params":"[\"2025-10-25\",\"abc\",\"abc\",\"abc\",\"abc\",\"address\",\"gst001\",\"pan001\",\"abc int\",\"inr\",\"0.00\",\"₹\",\"2\",\"DDMMYY\",\"1\",null,\"system\",\"system\",null,null]","error":"Incorrect integer value: 'system' for column 'created_user_id' at row 1","code":"ER_TRUNCATED_WRONG_VALUE_FOR_FIELD"}
2025-10-25 11:45:26.802 [DEBUG]: 🔍 Query: INSERT INTO IT_CONF_PROPERTY 
                   (applicable_from, property_code, property_name, nic... | {"sql":"INSERT INTO IT_CONF_PROPERTY (applicable_from, property_code, property_name, nick_name, owner_name, address_name, gst_number, pan_number, group_name, local_currency, currency_format, symbol, decimal_places, date_format, round_off, property_logo, created_user_id, updated_user_id, reserve_1, reserve_2) VALUES (?, ?, ?, ?, ?, ?, ?, ?, ?, ?, ?, ?, ?, ?, ?, ?, ?, ?, ?, ?)","params":"[\"2025-10-25\",\"abc\",\"abc\",\"abc\",\"abc\",\"address\",\"gst001\",\"pan001\",\"abc int\",\"inr\",\"0.00\",\"?\",2,\"DDMMYY\",\"1\",null,\"system\",\"system\",null,null]","executionTime":null}
2025-10-25 11:45:26.804 [ERROR]: 💥 DB Error: Incorrect integer value: 'system' for column 'created_user_id' at row 1 | {"sql":"INSERT INTO IT_CONF_PROPERTY (applicable_from, property_code, property_name, nick_name, owner_name, address_name, gst_number, pan_number, group_name, local_currency, currency_format, symbol, decimal_places, date_format, round_off, property_logo, created_user_id, updated_user_id, reserve_1, reserve_2) VALUES (?, ?, ?, ?, ?, ?, ?, ?, ?, ?, ?, ?, ?, ?, ?, ?, ?, ?, ?, ?)","params":"[\"2025-10-25\",\"abc\",\"abc\",\"abc\",\"abc\",\"address\",\"gst001\",\"pan001\",\"abc int\",\"inr\",\"0.00\",\"?\",2,\"DDMMYY\",\"1\",null,\"system\",\"system\",null,null]","error":"Incorrect integer value: 'system' for column 'created_user_id' at row 1","code":"ER_TRUNCATED_WRONG_VALUE_FOR_FIELD"}
2025-10-25 11:51:52.003 [INFO]: 🔗 Database connected | {"host":"localhost","port":3307,"database":"pos_db"}
2025-10-25 11:52:26.794 [INFO]: 🔗 Database connected | {"host":"localhost","port":3307,"database":"pos_db"}
2025-10-25 11:52:39.813 [DEBUG]: 🔍 Query: INSERT INTO IT_CONF_PROPERTY 
                   (applicable_from, property_code, property_name, nic... | {"sql":"INSERT INTO IT_CONF_PROPERTY (applicable_from, property_code, property_name, nick_name, owner_name, address_name, gst_number, pan_number, group_name, local_currency, currency_format, symbol, decimal_places, date_format, round_off, property_logo, created_user_id, updated_user_id, reserve_1, reserve_2) VALUES (?, ?, ?, ?, ?, ?, ?, ?, ?, ?, ?, ?, ?, ?, ?, ?, ?, ?, ?, ?)","params":"[\"2025-10-25\",\"ABC2\",\"ABC HOTEL 2\",\"ABC2\",\"Owner2\",\"Address2\",\"GST002\",\"PAN002\",\"Group2\",\"INR\",\"0.00\",\"?\",2,\"DDMMYY\",\"1\",null,null,null,null,null]","executionTime":null}
2025-10-25 11:52:39.835 [INFO]: ✅ Query completed - 1 rows (21ms) | {"sql":"INSERT INTO IT_CONF_PROPERTY (applicable_from, pro","rowsAffected":1,"executionTime":"21ms"}
2025-10-25 11:53:00.777 [DEBUG]: 🔍 Query: INSERT INTO IT_CONF_PROPERTY 
                   (applicable_from, property_code, property_name, nic... | {"sql":"INSERT INTO IT_CONF_PROPERTY (applicable_from, property_code, property_name, nick_name, owner_name, address_name, gst_number, pan_number, group_name, local_currency, currency_format, symbol, decimal_places, date_format, round_off, property_logo, created_user_id, updated_user_id, reserve_1, reserve_2) VALUES (?, ?, ?, ?, ?, ?, ?, ?, ?, ?, ?, ?, ?, ?, ?, ?, ?, ?, ?, ?)","params":"[\"2025-10-25\",\"ABC2\",\"ABC HOTEL 2\",\"ABC2\",\"Owner2\",\"Address2\",\"GST002\",\"PAN002\",\"Group2\",\"INR\",\"0.00\",\"?\",2,\"DDMMYY\",\"1\",null,null,null,null,null]","executionTime":null}
2025-10-25 11:53:00.789 [ERROR]: 💥 DB Error: Duplicate entry 'ABC2-2025-10-25' for key 'it_conf_property.uq_property_code_applicable' | {"sql":"INSERT INTO IT_CONF_PROPERTY (applicable_from, property_code, property_name, nick_name, owner_name, address_name, gst_number, pan_number, group_name, local_currency, currency_format, symbol, decimal_places, date_format, round_off, property_logo, created_user_id, updated_user_id, reserve_1, reserve_2) VALUES (?, ?, ?, ?, ?, ?, ?, ?, ?, ?, ?, ?, ?, ?, ?, ?, ?, ?, ?, ?)","params":"[\"2025-10-25\",\"ABC2\",\"ABC HOTEL 2\",\"ABC2\",\"Owner2\",\"Address2\",\"GST002\",\"PAN002\",\"Group2\",\"INR\",\"0.00\",\"?\",2,\"DDMMYY\",\"1\",null,null,null,null,null]","error":"Duplicate entry 'ABC2-2025-10-25' for key 'it_conf_property.uq_property_code_applicable'","code":"ER_DUP_ENTRY"}
2025-10-25 11:53:55.625 [DEBUG]: 🔍 Query: INSERT INTO IT_CONF_PROPERTY 
                   (applicable_from, property_code, property_name, nic... | {"sql":"INSERT INTO IT_CONF_PROPERTY (applicable_from, property_code, property_name, nick_name, owner_name, address_name, gst_number, pan_number, group_name, local_currency, currency_format, symbol, decimal_places, date_format, round_off, property_logo, created_user_id, updated_user_id, reserve_1, reserve_2) VALUES (?, ?, ?, ?, ?, ?, ?, ?, ?, ?, ?, ?, ?, ?, ?, ?, ?, ?, ?, ?)","params":"[\"2025-10-25\",\"ABC2\",\"ABC HOTEL 2\",\"ABC2\",\"Owner2\",\"Address2\",\"GST002\",\"PAN002\",\"Group2\",\"INR\",\"0.00\",\"?\",2,\"DDMMYY\",\"1\",null,null,null,null,null]","executionTime":null}
2025-10-25 11:53:55.635 [ERROR]: 💥 DB Error: Duplicate entry 'ABC2-2025-10-25' for key 'it_conf_property.uq_property_code_applicable' | {"sql":"INSERT INTO IT_CONF_PROPERTY (applicable_from, property_code, property_name, nick_name, owner_name, address_name, gst_number, pan_number, group_name, local_currency, currency_format, symbol, decimal_places, date_format, round_off, property_logo, created_user_id, updated_user_id, reserve_1, reserve_2) VALUES (?, ?, ?, ?, ?, ?, ?, ?, ?, ?, ?, ?, ?, ?, ?, ?, ?, ?, ?, ?)","params":"[\"2025-10-25\",\"ABC2\",\"ABC HOTEL 2\",\"ABC2\",\"Owner2\",\"Address2\",\"GST002\",\"PAN002\",\"Group2\",\"INR\",\"0.00\",\"?\",2,\"DDMMYY\",\"1\",null,null,null,null,null]","error":"Duplicate entry 'ABC2-2025-10-25' for key 'it_conf_property.uq_property_code_applicable'","code":"ER_DUP_ENTRY"}
2025-10-25 11:54:11.834 [DEBUG]: 🔍 Query: SELECT 
                       id, applicable_from, property_code, property_name, nick_name, owner_n... | {"sql":"SELECT id, applicable_from, property_code, property_name, nick_name, owner_name, address_name, gst_number, pan_number, group_name, local_currency, currency_format, symbol, decimal_places, date_format, round_off, property_logo, created_at, updated_at, created_user_id, updated_user_id, reserve_1, reserve_2 FROM IT_CONF_PROPERTY ORDER BY property_code","params":null,"executionTime":null}
2025-10-25 11:54:11.838 [INFO]: ✅ Query completed - 3 rows (4ms) | {"sql":"SELECT id, applicable_from, property_code, propert","rowsAffected":3,"executionTime":"4ms"}
2025-10-25 11:54:38.893 [DEBUG]: 🔍 Query: SELECT * FROM IT_CONF_USER_SETUP WHERE user_name = ? AND password = ? AND is_active = 1 | {"sql":"SELECT * FROM IT_CONF_USER_SETUP WHERE user_name = ? AND password = ? AND is_active = 1","params":"[\"admin@pos.com\",\"admin\"]","executionTime":null}
2025-10-25 11:54:38.897 [INFO]: ✅ Query completed - 0 rows (3ms) | {"sql":"SELECT * FROM IT_CONF_USER_SETUP WHERE user_name =","rowsAffected":0,"executionTime":"3ms"}
2025-10-25 11:54:45.574 [DEBUG]: 🔍 Query: SELECT * FROM IT_CONF_USER_SETUP WHERE user_name = ? AND password = ? AND is_active = 1 | {"sql":"SELECT * FROM IT_CONF_USER_SETUP WHERE user_name = ? AND password = ? AND is_active = 1","params":"[\"admin@ithots.com\",\"admin\"]","executionTime":null}
2025-10-25 11:54:45.577 [INFO]: ✅ Query completed - 1 rows (4ms) | {"sql":"SELECT * FROM IT_CONF_USER_SETUP WHERE user_name =","rowsAffected":1,"executionTime":"4ms"}
2025-10-25 11:54:58.604 [DEBUG]: 🔍 Query: SELECT 
                       id, applicable_from, property_code, property_name, nick_name, owner_n... | {"sql":"SELECT id, applicable_from, property_code, property_name, nick_name, owner_name, address_name, gst_number, pan_number, group_name, local_currency, currency_format, symbol, decimal_places, date_format, round_off, property_logo, created_at, updated_at, created_user_id, updated_user_id, reserve_1, reserve_2 FROM IT_CONF_PROPERTY ORDER BY property_code","params":null,"executionTime":null}
2025-10-25 11:54:58.607 [INFO]: ✅ Query completed - 3 rows (3ms) | {"sql":"SELECT id, applicable_from, property_code, propert","rowsAffected":3,"executionTime":"3ms"}
2025-10-25 11:54:58.624 [DEBUG]: 🔍 Query: SELECT 
                       id, applicable_from, property_code, property_name, nick_name, owner_n... | {"sql":"SELECT id, applicable_from, property_code, property_name, nick_name, owner_name, address_name, gst_number, pan_number, group_name, local_currency, currency_format, symbol, decimal_places, date_format, round_off, property_logo, created_at, updated_at, created_user_id, updated_user_id, reserve_1, reserve_2 FROM IT_CONF_PROPERTY ORDER BY property_code","params":null,"executionTime":null}
2025-10-25 11:54:58.627 [INFO]: ✅ Query completed - 3 rows (3ms) | {"sql":"SELECT id, applicable_from, property_code, propert","rowsAffected":3,"executionTime":"3ms"}
2025-10-25 11:54:58.634 [DEBUG]: 🔍 Query: SELECT 
                       id, applicable_from, property_code, property_name, nick_name, owner_n... | {"sql":"SELECT id, applicable_from, property_code, property_name, nick_name, owner_name, address_name, gst_number, pan_number, group_name, local_currency, currency_format, symbol, decimal_places, date_format, round_off, property_logo, created_at, updated_at, created_user_id, updated_user_id, reserve_1, reserve_2 FROM IT_CONF_PROPERTY ORDER BY property_code","params":null,"executionTime":null}
2025-10-25 11:54:58.638 [INFO]: ✅ Query completed - 3 rows (4ms) | {"sql":"SELECT id, applicable_from, property_code, propert","rowsAffected":3,"executionTime":"4ms"}
2025-10-25 11:54:58.649 [DEBUG]: 🔍 Query: SELECT 
                       id, applicable_from, property_code, property_name, nick_name, owner_n... | {"sql":"SELECT id, applicable_from, property_code, property_name, nick_name, owner_name, address_name, gst_number, pan_number, group_name, local_currency, currency_format, symbol, decimal_places, date_format, round_off, property_logo, created_at, updated_at, created_user_id, updated_user_id, reserve_1, reserve_2 FROM IT_CONF_PROPERTY ORDER BY property_code","params":null,"executionTime":null}
2025-10-25 11:54:58.653 [INFO]: ✅ Query completed - 3 rows (4ms) | {"sql":"SELECT id, applicable_from, property_code, propert","rowsAffected":3,"executionTime":"4ms"}
2025-10-25 11:55:18.916 [DEBUG]: 🔍 Query: SELECT 
                       id, applicable_from, property_code, property_name, nick_name, owner_n... | {"sql":"SELECT id, applicable_from, property_code, property_name, nick_name, owner_name, address_name, gst_number, pan_number, group_name, local_currency, currency_format, symbol, decimal_places, date_format, round_off, property_logo, created_at, updated_at, created_user_id, updated_user_id, reserve_1, reserve_2 FROM IT_CONF_PROPERTY ORDER BY property_code","params":null,"executionTime":null}
2025-10-25 11:55:18.932 [INFO]: ✅ Query completed - 3 rows (13ms) | {"sql":"SELECT id, applicable_from, property_code, propert","rowsAffected":3,"executionTime":"13ms"}
2025-10-25 11:59:44.193 [DEBUG]: 🔍 Query: INSERT INTO IT_CONF_PROPERTY 
                   (applicable_from, property_code, property_name, nic... | {"sql":"INSERT INTO IT_CONF_PROPERTY (applicable_from, property_code, property_name, nick_name, owner_name, address_name, gst_number, pan_number, group_name, local_currency, currency_format, symbol, decimal_places, date_format, round_off, property_logo, created_user_id, updated_user_id, reserve_1, reserve_2) VALUES (?, ?, ?, ?, ?, ?, ?, ?, ?, ?, ?, ?, ?, ?, ?, ?, ?, ?, ?, ?)","params":"[\"2025-10-25\",\"ABCNEW\",\"ABC HOTEL NEW\",\"ABC N\",\"Hotel Owner\",\"XYZ HNO\",\"123456789AB\",\"ABCPAN45775\",\"ABC INTERNATIONAL NEW\",\"INR\",\"0.00\",\"₹\",\"2\",\"DDMMYY\",\"1\",null,null,null,null,null]","executionTime":null}
2025-10-25 11:59:44.207 [INFO]: ✅ Query completed - 1 rows (14ms) | {"sql":"INSERT INTO IT_CONF_PROPERTY (applicable_from, pro","rowsAffected":1,"executionTime":"14ms"}
2025-10-25 11:59:44.215 [DEBUG]: 🔍 Query: SELECT 
                       id, applicable_from, property_code, property_name, nick_name, owner_n... | {"sql":"SELECT id, applicable_from, property_code, property_name, nick_name, owner_name, address_name, gst_number, pan_number, group_name, local_currency, currency_format, symbol, decimal_places, date_format, round_off, property_logo, created_at, updated_at, created_user_id, updated_user_id, reserve_1, reserve_2 FROM IT_CONF_PROPERTY ORDER BY property_code","params":null,"executionTime":null}
2025-10-25 11:59:44.217 [INFO]: ✅ Query completed - 4 rows (2ms) | {"sql":"SELECT id, applicable_from, property_code, propert","rowsAffected":4,"executionTime":"2ms"}
