2025-11-10 21:03:51.651 [DEBUG]: 🔍 Query: SELECT COUNT(*) AS cnt FROM INFORMATION_SCHEMA.COLUMNS WHERE TABLE_SCHEMA = ? AND TABLE_NAME = 'IT_C... | {"sql":"SELECT COUNT(*) AS cnt FROM INFORMATION_SCHEMA.COLUMNS WHERE TABLE_SCHEMA = ? AND TABLE_NAME = 'IT_CONF_TAXSTRUCTURE' AND COLUMN_NAME = 'id'","params":"[\"pos_db\"]","executionTime":null}
2025-11-10 21:03:51.699 [INFO]: 🔗 Database connected | {"host":"localhost","port":3307,"database":"pos_db"}
2025-11-10 21:03:51.714 [INFO]: ✅ Query completed - 1 rows (65ms) | {"sql":"SELECT COUNT(*) AS cnt FROM INFORMATION_SCHEMA.COL","rowsAffected":1,"executionTime":"65ms"}
2025-11-10 21:04:28.716 [DEBUG]: 🔍 Query: SELECT * FROM IT_CONF_USER_SETUP WHERE user_name = ? AND password = ? AND is_active = 1 | {"sql":"SELECT * FROM IT_CONF_USER_SETUP WHERE user_name = ? AND password = ? AND is_active = 1","params":"[\"admin@ithots.com\",\"admin\"]","executionTime":null}
2025-11-10 21:04:28.743 [INFO]: ✅ Query completed - 1 rows (28ms) | {"sql":"SELECT * FROM IT_CONF_USER_SETUP WHERE user_name =","rowsAffected":1,"executionTime":"28ms"}
2025-11-10 21:20:53.485 [DEBUG]: 🔍 Query: SELECT COUNT(*) AS cnt FROM INFORMATION_SCHEMA.COLUMNS WHERE TABLE_SCHEMA = ? AND TABLE_NAME = 'IT_C... | {"sql":"SELECT COUNT(*) AS cnt FROM INFORMATION_SCHEMA.COLUMNS WHERE TABLE_SCHEMA = ? AND TABLE_NAME = 'IT_CONF_TAXSTRUCTURE' AND COLUMN_NAME = 'id'","params":"[\"pos_db\"]","executionTime":null}
2025-11-10 21:20:53.525 [INFO]: 🔗 Database connected | {"host":"localhost","port":3307,"database":"pos_db"}
2025-11-10 21:20:53.532 [INFO]: ✅ Query completed - 1 rows (51ms) | {"sql":"SELECT COUNT(*) AS cnt FROM INFORMATION_SCHEMA.COL","rowsAffected":1,"executionTime":"51ms"}
2025-11-10 21:20:53.533 [DEBUG]: 🔍 Query: 
                CREATE TABLE IF NOT EXISTS IT_CONF_TAXSTRUCTURE_TAX (
                    id INT AU... | {"sql":"CREATE TABLE IF NOT EXISTS IT_CONF_TAXSTRUCTURE_TAX ( id INT AUTO_INCREMENT PRIMARY KEY, tax_structure_id INT NOT NULL, tax_code VARCHAR(16) NOT NULL, sequence INT NOT NULL, calculation_method VARCHAR(64) DEFAULT 'Percentage', created_at TIMESTAMP DEFAULT CURRENT_TIMESTAMP, INDEX idx_tax_structure_id (tax_structure_id), CONSTRAINT fk_taxstructure_tax FOREIGN KEY (tax_structure_id) REFERENCES IT_CONF_TAXSTRUCTURE(id) ON DELETE CASCADE ON UPDATE CASCADE ) ENGINE=InnoDB DEFAULT CHARSET=utf8mb4;","params":null,"executionTime":null}
2025-11-10 21:20:53.544 [INFO]: ✅ Query completed - 0 rows (9ms) | {"sql":"CREATE TABLE IF NOT EXISTS IT_CONF_TAXSTRUCTURE_TA","rowsAffected":0,"executionTime":"9ms"}
2025-11-10 21:21:12.320 [DEBUG]: 🔍 Query: SELECT id, tax_structure_code, tax_structure_name, outlet_code, menu_type, serial_number, short_tax,... | {"sql":"SELECT id, tax_structure_code, tax_structure_name, outlet_code, menu_type, serial_number, short_tax, calculation_type, amount, target_tax, is_active, created_at FROM IT_CONF_TAXSTRUCTURE WHERE is_active = 1 ORDER BY tax_structure_code","params":null,"executionTime":null}
2025-11-10 21:21:12.327 [ERROR]: 💥 DB Error: Unknown column 'outlet_code' in 'field list' | {"sql":"SELECT id, tax_structure_code, tax_structure_name, outlet_code, menu_type, serial_number, short_tax, calculation_type, amount, target_tax, is_active, created_at FROM IT_CONF_TAXSTRUCTURE WHERE is_active = 1 ORDER BY tax_structure_code","params":null,"error":"Unknown column 'outlet_code' in 'field list'","code":"ER_BAD_FIELD_ERROR"}
2025-11-10 21:21:12.562 [DEBUG]: 🔍 Query: SELECT id, tax_structure_code, tax_structure_name, outlet_code, menu_type, serial_number, short_tax,... | {"sql":"SELECT id, tax_structure_code, tax_structure_name, outlet_code, menu_type, serial_number, short_tax, calculation_type, amount, target_tax, is_active, created_at FROM IT_CONF_TAXSTRUCTURE WHERE is_active = 1 ORDER BY tax_structure_code","params":null,"executionTime":null}
2025-11-10 21:21:12.564 [ERROR]: 💥 DB Error: Unknown column 'outlet_code' in 'field list' | {"sql":"SELECT id, tax_structure_code, tax_structure_name, outlet_code, menu_type, serial_number, short_tax, calculation_type, amount, target_tax, is_active, created_at FROM IT_CONF_TAXSTRUCTURE WHERE is_active = 1 ORDER BY tax_structure_code","params":null,"error":"Unknown column 'outlet_code' in 'field list'","code":"ER_BAD_FIELD_ERROR"}
2025-11-10 21:21:16.366 [DEBUG]: 🔍 Query: SELECT TAX_CODE as tax_code, TAX_DESC as tax_name, RATE as tax_percentage, ActiveStatus as is_active... | {"sql":"SELECT TAX_CODE as tax_code, TAX_DESC as tax_name, RATE as tax_percentage, ActiveStatus as is_active FROM it_conf_taxcode ORDER BY TAX_CODE","params":null,"executionTime":null}
2025-11-10 21:21:16.394 [INFO]: ✅ Query completed - 1 rows (27ms) | {"sql":"SELECT TAX_CODE as tax_code, TAX_DESC as tax_name,","rowsAffected":1,"executionTime":"27ms"}
2025-11-10 21:21:16.727 [DEBUG]: 🔍 Query: SELECT TAX_CODE as tax_code, TAX_DESC as tax_name, RATE as tax_percentage, ActiveStatus as is_active... | {"sql":"SELECT TAX_CODE as tax_code, TAX_DESC as tax_name, RATE as tax_percentage, ActiveStatus as is_active FROM it_conf_taxcode ORDER BY TAX_CODE","params":null,"executionTime":null}
2025-11-10 21:21:16.729 [INFO]: ✅ Query completed - 1 rows (3ms) | {"sql":"SELECT TAX_CODE as tax_code, TAX_DESC as tax_name,","rowsAffected":1,"executionTime":"3ms"}
2025-11-10 21:21:18.818 [DEBUG]: 🔍 Query: SELECT id, tax_structure_code, tax_structure_name, outlet_code, menu_type, serial_number, short_tax,... | {"sql":"SELECT id, tax_structure_code, tax_structure_name, outlet_code, menu_type, serial_number, short_tax, calculation_type, amount, target_tax, is_active, created_at FROM IT_CONF_TAXSTRUCTURE WHERE is_active = 1 ORDER BY tax_structure_code","params":null,"executionTime":null}
2025-11-10 21:21:18.821 [ERROR]: 💥 DB Error: Unknown column 'outlet_code' in 'field list' | {"sql":"SELECT id, tax_structure_code, tax_structure_name, outlet_code, menu_type, serial_number, short_tax, calculation_type, amount, target_tax, is_active, created_at FROM IT_CONF_TAXSTRUCTURE WHERE is_active = 1 ORDER BY tax_structure_code","params":null,"error":"Unknown column 'outlet_code' in 'field list'","code":"ER_BAD_FIELD_ERROR"}
2025-11-10 21:21:19.150 [DEBUG]: 🔍 Query: SELECT id, tax_structure_code, tax_structure_name, outlet_code, menu_type, serial_number, short_tax,... | {"sql":"SELECT id, tax_structure_code, tax_structure_name, outlet_code, menu_type, serial_number, short_tax, calculation_type, amount, target_tax, is_active, created_at FROM IT_CONF_TAXSTRUCTURE WHERE is_active = 1 ORDER BY tax_structure_code","params":null,"executionTime":null}
2025-11-10 21:21:19.152 [ERROR]: 💥 DB Error: Unknown column 'outlet_code' in 'field list' | {"sql":"SELECT id, tax_structure_code, tax_structure_name, outlet_code, menu_type, serial_number, short_tax, calculation_type, amount, target_tax, is_active, created_at FROM IT_CONF_TAXSTRUCTURE WHERE is_active = 1 ORDER BY tax_structure_code","params":null,"error":"Unknown column 'outlet_code' in 'field list'","code":"ER_BAD_FIELD_ERROR"}
2025-11-10 21:22:20.463 [DEBUG]: 🔍 Query: INSERT INTO IT_CONF_TAXSTRUCTURE 
                   (tax_structure_code, tax_structure_name, outlet... | {"sql":"INSERT INTO IT_CONF_TAXSTRUCTURE (tax_structure_code, tax_structure_name, outlet_code, menu_type, serial_number, short_tax, tax_code, calculation_type, amount, target_tax, is_active, created_by) VALUES (?, ?, ?, ?, ?, ?, ?, ?, ?, ?, ?, 'admin')","params":"[\"VAT10\",\"VAT10%\",null,null,null,null,null,\"Percentage\",0,0,1]","executionTime":null}
2025-11-10 21:22:20.465 [ERROR]: 💥 DB Error: Unknown column 'outlet_code' in 'field list' | {"sql":"INSERT INTO IT_CONF_TAXSTRUCTURE (tax_structure_code, tax_structure_name, outlet_code, menu_type, serial_number, short_tax, tax_code, calculation_type, amount, target_tax, is_active, created_by) VALUES (?, ?, ?, ?, ?, ?, ?, ?, ?, ?, ?, 'admin')","params":"[\"VAT10\",\"VAT10%\",null,null,null,null,null,\"Percentage\",0,0,1]","error":"Unknown column 'outlet_code' in 'field list'","code":"ER_BAD_FIELD_ERROR"}
2025-11-10 21:22:20.467 [DEBUG]: 🔍 Query: SELECT IFNULL(MAX(TAXSTRCODE),0) + 1 AS nextCode FROM IT_CONF_TAXSTRUCTURE | {"sql":"SELECT IFNULL(MAX(TAXSTRCODE),0) + 1 AS nextCode FROM IT_CONF_TAXSTRUCTURE","params":null,"executionTime":null}
2025-11-10 21:22:20.469 [ERROR]: 💥 DB Error: Unknown column 'TAXSTRCODE' in 'field list' | {"sql":"SELECT IFNULL(MAX(TAXSTRCODE),0) + 1 AS nextCode FROM IT_CONF_TAXSTRUCTURE","params":null,"error":"Unknown column 'TAXSTRCODE' in 'field list'","code":"ER_BAD_FIELD_ERROR"}
2025-11-10 21:26:02.777 [DEBUG]: 🔍 Query: SELECT COUNT(*) AS cnt FROM INFORMATION_SCHEMA.COLUMNS WHERE TABLE_SCHEMA = ? AND TABLE_NAME = 'IT_C... | {"sql":"SELECT COUNT(*) AS cnt FROM INFORMATION_SCHEMA.COLUMNS WHERE TABLE_SCHEMA = ? AND TABLE_NAME = 'IT_CONF_TAXSTRUCTURE' AND COLUMN_NAME = 'id'","params":"[\"pos_db\"]","executionTime":null}
2025-11-10 21:26:02.821 [INFO]: 🔗 Database connected | {"host":"localhost","port":3307,"database":"pos_db"}
2025-11-10 21:26:02.829 [INFO]: ✅ Query completed - 1 rows (54ms) | {"sql":"SELECT COUNT(*) AS cnt FROM INFORMATION_SCHEMA.COL","rowsAffected":1,"executionTime":"54ms"}
2025-11-10 21:26:02.829 [DEBUG]: 🔍 Query: 
                CREATE TABLE IF NOT EXISTS IT_CONF_TAXSTRUCTURE_TAX (
                    id INT AU... | {"sql":"CREATE TABLE IF NOT EXISTS IT_CONF_TAXSTRUCTURE_TAX ( id INT AUTO_INCREMENT PRIMARY KEY, tax_structure_id INT NOT NULL, tax_code VARCHAR(16) NOT NULL, sequence INT NOT NULL, calculation_method VARCHAR(64) DEFAULT 'Percentage', created_at TIMESTAMP DEFAULT CURRENT_TIMESTAMP, INDEX idx_tax_structure_id (tax_structure_id), CONSTRAINT fk_taxstructure_tax FOREIGN KEY (tax_structure_id) REFERENCES IT_CONF_TAXSTRUCTURE(id) ON DELETE CASCADE ON UPDATE CASCADE ) ENGINE=InnoDB DEFAULT CHARSET=utf8mb4;","params":null,"executionTime":null}
2025-11-10 21:26:02.838 [INFO]: ✅ Query completed - 0 rows (8ms) | {"sql":"CREATE TABLE IF NOT EXISTS IT_CONF_TAXSTRUCTURE_TA","rowsAffected":0,"executionTime":"8ms"}
2025-11-10 21:27:06.196 [DEBUG]: 🔍 Query: INSERT INTO IT_CONF_TAXSTRUCTURE 
                   (tax_structure_code, tax_structure_name, descri... | {"sql":"INSERT INTO IT_CONF_TAXSTRUCTURE (tax_structure_code, tax_structure_name, description, tax_code, calculation_type, is_active, created_at, updated_at) VALUES (?, ?, ?, ?, ?, ?, NOW(), NOW())","params":"[\"VAT10\",\"VAT10%\",\"\",null,\"Percentage\",1]","executionTime":null}
2025-11-10 21:27:06.210 [INFO]: ✅ Query completed - 1 rows (15ms) | {"sql":"INSERT INTO IT_CONF_TAXSTRUCTURE (tax_structure_co","rowsAffected":1,"executionTime":"15ms"}
2025-11-10 21:27:06.212 [DEBUG]: 🔍 Query: INSERT INTO IT_CONF_TAXSTRUCTURE_TAX (tax_structure_id, tax_code, sequence, calculation_method) VALU... | {"sql":"INSERT INTO IT_CONF_TAXSTRUCTURE_TAX (tax_structure_id, tax_code, sequence, calculation_method) VALUES ?","params":"[[[8,\"VAT01\",1,\"Percentage\"]]]","executionTime":null}
2025-11-10 21:27:06.223 [INFO]: ✅ Query completed - 1 rows (11ms) | {"sql":"INSERT INTO IT_CONF_TAXSTRUCTURE_TAX (tax_structur","rowsAffected":1,"executionTime":"11ms"}
2025-11-10 21:27:06.393 [DEBUG]: 🔍 Query: SELECT id, tax_structure_code, tax_structure_name, description, tax_code, calculation_type, is_activ... | {"sql":"SELECT id, tax_structure_code, tax_structure_name, description, tax_code, calculation_type, is_active, created_at, updated_at FROM IT_CONF_TAXSTRUCTURE WHERE is_active = 1 ORDER BY tax_structure_code","params":null,"executionTime":null}
2025-11-10 21:27:06.402 [INFO]: ✅ Query completed - 7 rows (9ms) | {"sql":"SELECT id, tax_structure_code, tax_structure_name,","rowsAffected":7,"executionTime":"9ms"}
2025-11-10 21:27:06.404 [DEBUG]: 🔍 Query: SELECT tax_structure_id, tax_code, sequence, calculation_method FROM IT_CONF_TAXSTRUCTURE_TAX WHERE ... | {"sql":"SELECT tax_structure_id, tax_code, sequence, calculation_method FROM IT_CONF_TAXSTRUCTURE_TAX WHERE tax_structure_id IN (?) ORDER BY sequence","params":"[[1,2,3,4,5,6,8]]","executionTime":null}
2025-11-10 21:27:06.409 [INFO]: ✅ Query completed - 1 rows (5ms) | {"sql":"SELECT tax_structure_id, tax_code, sequence, calcu","rowsAffected":1,"executionTime":"5ms"}
2025-11-10 21:33:27.122 [DEBUG]: 🔍 Query: SELECT COUNT(*) AS cnt FROM INFORMATION_SCHEMA.COLUMNS WHERE TABLE_SCHEMA = ? AND TABLE_NAME = 'IT_C... | {"sql":"SELECT COUNT(*) AS cnt FROM INFORMATION_SCHEMA.COLUMNS WHERE TABLE_SCHEMA = ? AND TABLE_NAME = 'IT_CONF_TAXSTRUCTURE' AND COLUMN_NAME = 'id'","params":"[\"pos_db\"]","executionTime":null}
2025-11-10 21:33:27.169 [INFO]: 🔗 Database connected | {"host":"localhost","port":3307,"database":"pos_db"}
2025-11-10 21:33:27.178 [INFO]: ✅ Query completed - 1 rows (59ms) | {"sql":"SELECT COUNT(*) AS cnt FROM INFORMATION_SCHEMA.COL","rowsAffected":1,"executionTime":"59ms"}
2025-11-10 21:33:27.179 [DEBUG]: 🔍 Query: 
                CREATE TABLE IF NOT EXISTS IT_CONF_TAXSTRUCTURE_TAX (
                    id INT AU... | {"sql":"CREATE TABLE IF NOT EXISTS IT_CONF_TAXSTRUCTURE_TAX ( id INT AUTO_INCREMENT PRIMARY KEY, tax_structure_id INT NOT NULL, tax_code VARCHAR(16) NOT NULL, sequence INT NOT NULL, calculation_method VARCHAR(64) DEFAULT 'Percentage', created_at TIMESTAMP DEFAULT CURRENT_TIMESTAMP, INDEX idx_tax_structure_id (tax_structure_id), CONSTRAINT fk_taxstructure_tax FOREIGN KEY (tax_structure_id) REFERENCES IT_CONF_TAXSTRUCTURE(id) ON DELETE CASCADE ON UPDATE CASCADE ) ENGINE=InnoDB DEFAULT CHARSET=utf8mb4;","params":null,"executionTime":null}
2025-11-10 21:33:27.185 [INFO]: ✅ Query completed - 0 rows (5ms) | {"sql":"CREATE TABLE IF NOT EXISTS IT_CONF_TAXSTRUCTURE_TA","rowsAffected":0,"executionTime":"5ms"}
2025-11-10 21:41:13.009 [DEBUG]: 🔍 Query: INSERT INTO IT_CONF_CCM 
                   (card_code, card_name, commission_percentage, settlement... | {"sql":"INSERT INTO IT_CONF_CCM (card_code, card_name, commission_percentage, settlement_days, is_active, created_by) VALUES (?, ?, ?, ?, ?, 'admin')","params":"[\"VISA\",\"VISA01\",0,0,true]","executionTime":null}
2025-11-10 21:41:13.014 [ERROR]: 💥 DB Error: Unknown column 'card_code' in 'field list' | {"sql":"INSERT INTO IT_CONF_CCM (card_code, card_name, commission_percentage, settlement_days, is_active, created_by) VALUES (?, ?, ?, ?, ?, 'admin')","params":"[\"VISA\",\"VISA01\",0,0,true]","error":"Unknown column 'card_code' in 'field list'","code":"ER_BAD_FIELD_ERROR"}
2025-11-10 21:49:59.958 [DEBUG]: 🔍 Query: INSERT INTO IT_CONF_CCM 
                   (card_code, card_name, commission_percentage, settlement... | {"sql":"INSERT INTO IT_CONF_CCM (card_code, card_name, commission_percentage, settlement_days, is_active, created_by) VALUES (?, ?, ?, ?, ?, 'admin')","params":"[\"VISA\",\"VISA01\",0,0,true]","executionTime":null}
2025-11-10 21:49:59.960 [ERROR]: 💥 DB Error: Unknown column 'commission_percentage' in 'field list' | {"sql":"INSERT INTO IT_CONF_CCM (card_code, card_name, commission_percentage, settlement_days, is_active, created_by) VALUES (?, ?, ?, ?, ?, 'admin')","params":"[\"VISA\",\"VISA01\",0,0,true]","error":"Unknown column 'commission_percentage' in 'field list'","code":"ER_BAD_FIELD_ERROR"}
2025-11-10 21:52:22.338 [DEBUG]: 🔍 Query: SELECT COUNT(*) AS cnt FROM INFORMATION_SCHEMA.COLUMNS WHERE TABLE_SCHEMA = ? AND TABLE_NAME = 'IT_C... | {"sql":"SELECT COUNT(*) AS cnt FROM INFORMATION_SCHEMA.COLUMNS WHERE TABLE_SCHEMA = ? AND TABLE_NAME = 'IT_CONF_TAXSTRUCTURE' AND COLUMN_NAME = 'id'","params":"[\"pos_db\"]","executionTime":null}
2025-11-10 21:52:22.375 [INFO]: 🔗 Database connected | {"host":"localhost","port":3307,"database":"pos_db"}
2025-11-10 21:52:22.382 [INFO]: ✅ Query completed - 1 rows (46ms) | {"sql":"SELECT COUNT(*) AS cnt FROM INFORMATION_SCHEMA.COL","rowsAffected":1,"executionTime":"46ms"}
2025-11-10 21:52:22.383 [DEBUG]: 🔍 Query: 
                CREATE TABLE IF NOT EXISTS IT_CONF_TAXSTRUCTURE_TAX (
                    id INT AU... | {"sql":"CREATE TABLE IF NOT EXISTS IT_CONF_TAXSTRUCTURE_TAX ( id INT AUTO_INCREMENT PRIMARY KEY, tax_structure_id INT NOT NULL, tax_code VARCHAR(16) NOT NULL, sequence INT NOT NULL, calculation_method VARCHAR(64) DEFAULT 'Percentage', created_at TIMESTAMP DEFAULT CURRENT_TIMESTAMP, INDEX idx_tax_structure_id (tax_structure_id), CONSTRAINT fk_taxstructure_tax FOREIGN KEY (tax_structure_id) REFERENCES IT_CONF_TAXSTRUCTURE(id) ON DELETE CASCADE ON UPDATE CASCADE ) ENGINE=InnoDB DEFAULT CHARSET=utf8mb4;","params":null,"executionTime":null}
2025-11-10 21:52:22.391 [INFO]: ✅ Query completed - 0 rows (8ms) | {"sql":"CREATE TABLE IF NOT EXISTS IT_CONF_TAXSTRUCTURE_TA","rowsAffected":0,"executionTime":"8ms"}
2025-11-10 21:52:26.781 [DEBUG]: 🔍 Query: INSERT INTO IT_CONF_CCM
        (card_code, card_name, card_type, bank_issuer, status, transaction_f... | {"sql":"INSERT INTO IT_CONF_CCM (card_code, card_name, card_type, bank_issuer, status, transaction_fee, transaction_charges, effective_from, effective_to) VALUES (?, ?, ?, ?, ?, ?, ?, ?, ?)","params":"[\"VISA\",\"VISA01\",\"Credit\",\"YES\",0,2.5,0,\"2025-11-10\",\"2025-11-30\"]","executionTime":null}
2025-11-10 21:52:26.788 [ERROR]: 💥 DB Error: Field 'CCTYPE' doesn't have a default value | {"sql":"INSERT INTO IT_CONF_CCM (card_code, card_name, card_type, bank_issuer, status, transaction_fee, transaction_charges, effective_from, effective_to) VALUES (?, ?, ?, ?, ?, ?, ?, ?, ?)","params":"[\"VISA\",\"VISA01\",\"Credit\",\"YES\",0,2.5,0,\"2025-11-10\",\"2025-11-30\"]","error":"Field 'CCTYPE' doesn't have a default value","code":"ER_NO_DEFAULT_FOR_FIELD"}
2025-11-10 21:53:18.232 [DEBUG]: 🔍 Query: INSERT INTO IT_CONF_CCM
        (card_code, card_name, card_type, bank_issuer, status, transaction_f... | {"sql":"INSERT INTO IT_CONF_CCM (card_code, card_name, card_type, bank_issuer, status, transaction_fee, transaction_charges, effective_from, effective_to) VALUES (?, ?, ?, ?, ?, ?, ?, ?, ?)","params":"[\"VISA\",\"visa10\",\"Credit\",\"SBI\",0,2.5,2,\"2025-11-10\",\"2025-11-11\"]","executionTime":null}
2025-11-10 21:53:18.234 [ERROR]: 💥 DB Error: Field 'CCTYPE' doesn't have a default value | {"sql":"INSERT INTO IT_CONF_CCM (card_code, card_name, card_type, bank_issuer, status, transaction_fee, transaction_charges, effective_from, effective_to) VALUES (?, ?, ?, ?, ?, ?, ?, ?, ?)","params":"[\"VISA\",\"visa10\",\"Credit\",\"SBI\",0,2.5,2,\"2025-11-10\",\"2025-11-11\"]","error":"Field 'CCTYPE' doesn't have a default value","code":"ER_NO_DEFAULT_FOR_FIELD"}
