2025-10-24 11:14:51.225 [INFO]: 🔗 Database connected | {"host":"localhost","port":3307,"database":"pos_db"}
2025-10-24 11:17:02.313 [DEBUG]: 🔍 Query: SELECT * FROM IT_CONF_USER_SETUP WHERE user_name = ? AND password = ? AND is_active = 1 | {"sql":"SELECT * FROM IT_CONF_USER_SETUP WHERE user_name = ? AND password = ? AND is_active = 1","params":"[\"admin@ithots.com\",\"admincd\"]","executionTime":null}
2025-10-24 11:17:02.430 [INFO]: ✅ Query completed - 0 rows (117ms) | {"sql":"SELECT * FROM IT_CONF_USER_SETUP WHERE user_name =","rowsAffected":0,"executionTime":"117ms"}
2025-10-24 11:17:10.619 [DEBUG]: 🔍 Query: SELECT * FROM IT_CONF_USER_SETUP WHERE user_name = ? AND password = ? AND is_active = 1 | {"sql":"SELECT * FROM IT_CONF_USER_SETUP WHERE user_name = ? AND password = ? AND is_active = 1","params":"[\"admin@ithots.com\",\"admin\"]","executionTime":null}
2025-10-24 11:17:10.622 [INFO]: ✅ Query completed - 1 rows (3ms) | {"sql":"SELECT * FROM IT_CONF_USER_SETUP WHERE user_name =","rowsAffected":1,"executionTime":"3ms"}
2025-10-24 11:17:18.099 [DEBUG]: 🔍 Query: SELECT * FROM IT_CONF_USER_SETUP WHERE user_name = ? AND password = ? AND is_active = 1 | {"sql":"SELECT * FROM IT_CONF_USER_SETUP WHERE user_name = ? AND password = ? AND is_active = 1","params":"[\"admin@ithots.com\",\"admin\"]","executionTime":null}
2025-10-24 11:17:18.101 [INFO]: ✅ Query completed - 1 rows (1ms) | {"sql":"SELECT * FROM IT_CONF_USER_SETUP WHERE user_name =","rowsAffected":1,"executionTime":"1ms"}
2025-10-24 11:17:26.026 [DEBUG]: 🔍 Query: SELECT 
                       id, applicable_from, property_code, property_name, nick_name, owner_n... | {"sql":"SELECT id, applicable_from, property_code, property_name, nick_name, owner_name, address_name, gst_number, pan_number, group_name, local_currency, currency_format, symbol, decimal_places, date_format, round_off, property_logo, created_at, updated_at, created_user_id, updated_user_id, reserve_1, reserve_2 FROM IT_CONF_PROPERTY ORDER BY property_code","params":null,"executionTime":null}
2025-10-24 11:17:26.036 [INFO]: ✅ Query completed - 1 rows (9ms) | {"sql":"SELECT id, applicable_from, property_code, propert","rowsAffected":1,"executionTime":"9ms"}
2025-10-24 11:17:26.044 [DEBUG]: 🔍 Query: SELECT 
                       id, applicable_from, property_code, property_name, nick_name, owner_n... | {"sql":"SELECT id, applicable_from, property_code, property_name, nick_name, owner_name, address_name, gst_number, pan_number, group_name, local_currency, currency_format, symbol, decimal_places, date_format, round_off, property_logo, created_at, updated_at, created_user_id, updated_user_id, reserve_1, reserve_2 FROM IT_CONF_PROPERTY ORDER BY property_code","params":null,"executionTime":null}
2025-10-24 11:17:26.049 [INFO]: ✅ Query completed - 1 rows (3ms) | {"sql":"SELECT id, applicable_from, property_code, propert","rowsAffected":1,"executionTime":"3ms"}
2025-10-24 11:17:26.054 [DEBUG]: 🔍 Query: SELECT 
                       id, applicable_from, property_code, property_name, nick_name, owner_n... | {"sql":"SELECT id, applicable_from, property_code, property_name, nick_name, owner_name, address_name, gst_number, pan_number, group_name, local_currency, currency_format, symbol, decimal_places, date_format, round_off, property_logo, created_at, updated_at, created_user_id, updated_user_id, reserve_1, reserve_2 FROM IT_CONF_PROPERTY ORDER BY property_code","params":null,"executionTime":null}
2025-10-24 11:17:26.057 [INFO]: ✅ Query completed - 1 rows (3ms) | {"sql":"SELECT id, applicable_from, property_code, propert","rowsAffected":1,"executionTime":"3ms"}
2025-10-24 11:17:26.066 [DEBUG]: 🔍 Query: SELECT 
                       id, applicable_from, property_code, property_name, nick_name, owner_n... | {"sql":"SELECT id, applicable_from, property_code, property_name, nick_name, owner_name, address_name, gst_number, pan_number, group_name, local_currency, currency_format, symbol, decimal_places, date_format, round_off, property_logo, created_at, updated_at, created_user_id, updated_user_id, reserve_1, reserve_2 FROM IT_CONF_PROPERTY ORDER BY property_code","params":null,"executionTime":null}
2025-10-24 11:17:26.068 [INFO]: ✅ Query completed - 1 rows (4ms) | {"sql":"SELECT id, applicable_from, property_code, propert","rowsAffected":1,"executionTime":"4ms"}
2025-10-24 11:17:27.217 [DEBUG]: 🔍 Query: SELECT 
                       id, applicable_from, property_code, property_name, nick_name, owner_n... | {"sql":"SELECT id, applicable_from, property_code, property_name, nick_name, owner_name, address_name, gst_number, pan_number, group_name, local_currency, currency_format, symbol, decimal_places, date_format, round_off, property_logo, created_at, updated_at, created_user_id, updated_user_id, reserve_1, reserve_2 FROM IT_CONF_PROPERTY ORDER BY property_code","params":null,"executionTime":null}
2025-10-24 11:17:27.218 [INFO]: ✅ Query completed - 1 rows (2ms) | {"sql":"SELECT id, applicable_from, property_code, propert","rowsAffected":1,"executionTime":"2ms"}
2025-10-24 11:17:42.012 [DEBUG]: 🔍 Query: SELECT
        REASON_CODE AS reason_code,
        REASON_DESC AS reason_description,
              ... | {"sql":"SELECT REASON_CODE AS reason_code, REASON_DESC AS reason_description, IFNULL(OPERATION_TYPE, 'General') AS operation_type, IFNULL(display_sequence, 0) AS display_sequence, IFNULL(ActiveStatus, 1) AS is_active FROM IT_CONF_REASONS ORDER BY REASON_CODE","params":null,"executionTime":null}
2025-10-24 11:17:42.025 [INFO]: ✅ Query completed - 1 rows (14ms) | {"sql":"SELECT REASON_CODE AS reason_code, REASON_DESC AS ","rowsAffected":1,"executionTime":"14ms"}
2025-10-24 11:17:42.364 [DEBUG]: 🔍 Query: SELECT
        REASON_CODE AS reason_code,
        REASON_DESC AS reason_description,
              ... | {"sql":"SELECT REASON_CODE AS reason_code, REASON_DESC AS reason_description, IFNULL(OPERATION_TYPE, 'General') AS operation_type, IFNULL(display_sequence, 0) AS display_sequence, IFNULL(ActiveStatus, 1) AS is_active FROM IT_CONF_REASONS ORDER BY REASON_CODE","params":null,"executionTime":null}
2025-10-24 11:17:42.365 [INFO]: ✅ Query completed - 1 rows (2ms) | {"sql":"SELECT REASON_CODE AS reason_code, REASON_DESC AS ","rowsAffected":1,"executionTime":"2ms"}
2025-10-24 11:17:44.806 [DEBUG]: 🔍 Query: SELECT 
                       id, applicable_from, property_code, property_name, nick_name, owner_n... | {"sql":"SELECT id, applicable_from, property_code, property_name, nick_name, owner_name, address_name, gst_number, pan_number, group_name, local_currency, currency_format, symbol, decimal_places, date_format, round_off, property_logo, created_at, updated_at, created_user_id, updated_user_id, reserve_1, reserve_2 FROM IT_CONF_PROPERTY ORDER BY property_code","params":null,"executionTime":null}
2025-10-24 11:17:44.808 [DEBUG]: 🔍 Query: SELECT 
        id, 
        property,
        applicable_from,
        outlet_code,
        outlet_... | {"sql":"SELECT id, property, applicable_from, outlet_code, outlet_name, short_name, outlet_type, item_price_level, check_prefix, check_format, receipt_format, kitchen_format, inactive, options, created_at, updated_at FROM IT_CONF_OUTSET WHERE inactive = FALSE ORDER BY outlet_code","params":null,"executionTime":null}
2025-10-24 11:17:44.812 [INFO]: ✅ Query completed - 1 rows (5ms) | {"sql":"SELECT id, applicable_from, property_code, propert","rowsAffected":1,"executionTime":"5ms"}
2025-10-24 11:17:44.819 [INFO]: ✅ Query completed - 1 rows (10ms) | {"sql":"SELECT id, property, applicable_from, outlet_code,","rowsAffected":1,"executionTime":"10ms"}
2025-10-24 11:17:44.829 [DEBUG]: 🔍 Query: SELECT 
                       id, applicable_from, property_code, property_name, nick_name, owner_n... | {"sql":"SELECT id, applicable_from, property_code, property_name, nick_name, owner_name, address_name, gst_number, pan_number, group_name, local_currency, currency_format, symbol, decimal_places, date_format, round_off, property_logo, created_at, updated_at, created_user_id, updated_user_id, reserve_1, reserve_2 FROM IT_CONF_PROPERTY ORDER BY property_code","params":null,"executionTime":null}
2025-10-24 11:17:44.835 [DEBUG]: 🔍 Query: SELECT 
        id, 
        property,
        applicable_from,
        outlet_code,
        outlet_... | {"sql":"SELECT id, property, applicable_from, outlet_code, outlet_name, short_name, outlet_type, item_price_level, check_prefix, check_format, receipt_format, kitchen_format, inactive, options, created_at, updated_at FROM IT_CONF_OUTSET WHERE inactive = FALSE ORDER BY outlet_code","params":null,"executionTime":null}
2025-10-24 11:17:44.838 [INFO]: ✅ Query completed - 1 rows (12ms) | {"sql":"SELECT id, applicable_from, property_code, propert","rowsAffected":1,"executionTime":"12ms"}
2025-10-24 11:17:44.852 [INFO]: ✅ Query completed - 1 rows (16ms) | {"sql":"SELECT id, property, applicable_from, outlet_code,","rowsAffected":1,"executionTime":"16ms"}
2025-10-24 11:17:48.318 [DEBUG]: 🔍 Query: SELECT 
                       id, applicable_from, property_code, property_name, nick_name, owner_n... | {"sql":"SELECT id, applicable_from, property_code, property_name, nick_name, owner_name, address_name, gst_number, pan_number, group_name, local_currency, currency_format, symbol, decimal_places, date_format, round_off, property_logo, created_at, updated_at, created_user_id, updated_user_id, reserve_1, reserve_2 FROM IT_CONF_PROPERTY ORDER BY property_code","params":null,"executionTime":null}
2025-10-24 11:17:48.319 [INFO]: ✅ Query completed - 1 rows (2ms) | {"sql":"SELECT id, applicable_from, property_code, propert","rowsAffected":1,"executionTime":"2ms"}
2025-10-24 11:17:48.325 [DEBUG]: 🔍 Query: SELECT 
                       id, applicable_from, property_code, property_name, nick_name, owner_n... | {"sql":"SELECT id, applicable_from, property_code, property_name, nick_name, owner_name, address_name, gst_number, pan_number, group_name, local_currency, currency_format, symbol, decimal_places, date_format, round_off, property_logo, created_at, updated_at, created_user_id, updated_user_id, reserve_1, reserve_2 FROM IT_CONF_PROPERTY ORDER BY property_code","params":null,"executionTime":null}
2025-10-24 11:17:48.329 [INFO]: ✅ Query completed - 1 rows (3ms) | {"sql":"SELECT id, applicable_from, property_code, propert","rowsAffected":1,"executionTime":"3ms"}
2025-10-24 11:17:48.342 [DEBUG]: 🔍 Query: SELECT 
                       id, applicable_from, property_code, property_name, nick_name, owner_n... | {"sql":"SELECT id, applicable_from, property_code, property_name, nick_name, owner_name, address_name, gst_number, pan_number, group_name, local_currency, currency_format, symbol, decimal_places, date_format, round_off, property_logo, created_at, updated_at, created_user_id, updated_user_id, reserve_1, reserve_2 FROM IT_CONF_PROPERTY ORDER BY property_code","params":null,"executionTime":null}
2025-10-24 11:17:48.349 [INFO]: ✅ Query completed - 1 rows (6ms) | {"sql":"SELECT id, applicable_from, property_code, propert","rowsAffected":1,"executionTime":"6ms"}
2025-10-24 11:17:48.358 [DEBUG]: 🔍 Query: SELECT 
                       id, applicable_from, property_code, property_name, nick_name, owner_n... | {"sql":"SELECT id, applicable_from, property_code, property_name, nick_name, owner_name, address_name, gst_number, pan_number, group_name, local_currency, currency_format, symbol, decimal_places, date_format, round_off, property_logo, created_at, updated_at, created_user_id, updated_user_id, reserve_1, reserve_2 FROM IT_CONF_PROPERTY ORDER BY property_code","params":null,"executionTime":null}
2025-10-24 11:17:48.365 [INFO]: ✅ Query completed - 1 rows (2ms) | {"sql":"SELECT id, applicable_from, property_code, propert","rowsAffected":1,"executionTime":"2ms"}
2025-10-24 11:22:18.105 [DEBUG]: 🔍 Query: SELECT 
                       id, applicable_from, property_code, property_name, nick_name, owner_n... | {"sql":"SELECT id, applicable_from, property_code, property_name, nick_name, owner_name, address_name, gst_number, pan_number, group_name, local_currency, currency_format, symbol, decimal_places, date_format, round_off, property_logo, created_at, updated_at, created_user_id, updated_user_id, reserve_1, reserve_2 FROM IT_CONF_PROPERTY ORDER BY property_code","params":null,"executionTime":null}
2025-10-24 11:22:18.107 [INFO]: ✅ Query completed - 1 rows (2ms) | {"sql":"SELECT id, applicable_from, property_code, propert","rowsAffected":1,"executionTime":"2ms"}
2025-10-24 11:26:58.168 [DEBUG]: 🔍 Query: SELECT 
                       id, applicable_from, property_code, property_name, nick_name, owner_n... | {"sql":"SELECT id, applicable_from, property_code, property_name, nick_name, owner_name, address_name, gst_number, pan_number, group_name, local_currency, currency_format, symbol, decimal_places, date_format, round_off, property_logo, created_at, updated_at, created_user_id, updated_user_id, reserve_1, reserve_2 FROM IT_CONF_PROPERTY ORDER BY property_code","params":null,"executionTime":null}
2025-10-24 11:26:58.171 [INFO]: ✅ Query completed - 1 rows (4ms) | {"sql":"SELECT id, applicable_from, property_code, propert","rowsAffected":1,"executionTime":"4ms"}
2025-10-24 11:26:58.176 [DEBUG]: 🔍 Query: SELECT 
                       id, applicable_from, property_code, property_name, nick_name, owner_n... | {"sql":"SELECT id, applicable_from, property_code, property_name, nick_name, owner_name, address_name, gst_number, pan_number, group_name, local_currency, currency_format, symbol, decimal_places, date_format, round_off, property_logo, created_at, updated_at, created_user_id, updated_user_id, reserve_1, reserve_2 FROM IT_CONF_PROPERTY ORDER BY property_code","params":null,"executionTime":null}
2025-10-24 11:26:58.178 [INFO]: ✅ Query completed - 1 rows (2ms) | {"sql":"SELECT id, applicable_from, property_code, propert","rowsAffected":1,"executionTime":"2ms"}
2025-10-24 11:26:58.187 [DEBUG]: 🔍 Query: SELECT 
                       id, applicable_from, property_code, property_name, nick_name, owner_n... | {"sql":"SELECT id, applicable_from, property_code, property_name, nick_name, owner_name, address_name, gst_number, pan_number, group_name, local_currency, currency_format, symbol, decimal_places, date_format, round_off, property_logo, created_at, updated_at, created_user_id, updated_user_id, reserve_1, reserve_2 FROM IT_CONF_PROPERTY ORDER BY property_code","params":null,"executionTime":null}
2025-10-24 11:26:58.197 [INFO]: ✅ Query completed - 1 rows (6ms) | {"sql":"SELECT id, applicable_from, property_code, propert","rowsAffected":1,"executionTime":"6ms"}
2025-10-24 11:26:58.207 [DEBUG]: 🔍 Query: SELECT 
                       id, applicable_from, property_code, property_name, nick_name, owner_n... | {"sql":"SELECT id, applicable_from, property_code, property_name, nick_name, owner_name, address_name, gst_number, pan_number, group_name, local_currency, currency_format, symbol, decimal_places, date_format, round_off, property_logo, created_at, updated_at, created_user_id, updated_user_id, reserve_1, reserve_2 FROM IT_CONF_PROPERTY ORDER BY property_code","params":null,"executionTime":null}
2025-10-24 11:26:58.209 [INFO]: ✅ Query completed - 1 rows (2ms) | {"sql":"SELECT id, applicable_from, property_code, propert","rowsAffected":1,"executionTime":"2ms"}
2025-10-24 11:28:41.729 [DEBUG]: 🔍 Query: SELECT 
                       id, applicable_from, property_code, property_name, nick_name, owner_n... | {"sql":"SELECT id, applicable_from, property_code, property_name, nick_name, owner_name, address_name, gst_number, pan_number, group_name, local_currency, currency_format, symbol, decimal_places, date_format, round_off, property_logo, created_at, updated_at, created_user_id, updated_user_id, reserve_1, reserve_2 FROM IT_CONF_PROPERTY ORDER BY property_code","params":null,"executionTime":null}
2025-10-24 11:28:41.730 [INFO]: ✅ Query completed - 1 rows (2ms) | {"sql":"SELECT id, applicable_from, property_code, propert","rowsAffected":1,"executionTime":"2ms"}
2025-10-24 11:28:41.737 [DEBUG]: 🔍 Query: SELECT 
                       id, applicable_from, property_code, property_name, nick_name, owner_n... | {"sql":"SELECT id, applicable_from, property_code, property_name, nick_name, owner_name, address_name, gst_number, pan_number, group_name, local_currency, currency_format, symbol, decimal_places, date_format, round_off, property_logo, created_at, updated_at, created_user_id, updated_user_id, reserve_1, reserve_2 FROM IT_CONF_PROPERTY ORDER BY property_code","params":null,"executionTime":null}
2025-10-24 11:28:41.739 [INFO]: ✅ Query completed - 1 rows (2ms) | {"sql":"SELECT id, applicable_from, property_code, propert","rowsAffected":1,"executionTime":"2ms"}
2025-10-24 11:28:41.746 [DEBUG]: 🔍 Query: SELECT 
                       id, applicable_from, property_code, property_name, nick_name, owner_n... | {"sql":"SELECT id, applicable_from, property_code, property_name, nick_name, owner_name, address_name, gst_number, pan_number, group_name, local_currency, currency_format, symbol, decimal_places, date_format, round_off, property_logo, created_at, updated_at, created_user_id, updated_user_id, reserve_1, reserve_2 FROM IT_CONF_PROPERTY ORDER BY property_code","params":null,"executionTime":null}
2025-10-24 11:28:41.750 [INFO]: ✅ Query completed - 1 rows (3ms) | {"sql":"SELECT id, applicable_from, property_code, propert","rowsAffected":1,"executionTime":"3ms"}
2025-10-24 11:28:41.757 [DEBUG]: 🔍 Query: SELECT 
                       id, applicable_from, property_code, property_name, nick_name, owner_n... | {"sql":"SELECT id, applicable_from, property_code, property_name, nick_name, owner_name, address_name, gst_number, pan_number, group_name, local_currency, currency_format, symbol, decimal_places, date_format, round_off, property_logo, created_at, updated_at, created_user_id, updated_user_id, reserve_1, reserve_2 FROM IT_CONF_PROPERTY ORDER BY property_code","params":null,"executionTime":null}
2025-10-24 11:28:41.762 [INFO]: ✅ Query completed - 1 rows (3ms) | {"sql":"SELECT id, applicable_from, property_code, propert","rowsAffected":1,"executionTime":"3ms"}
2025-10-24 11:30:34.266 [DEBUG]: 🔍 Query: SELECT 
                       id, applicable_from, property_code, property_name, nick_name, owner_n... | {"sql":"SELECT id, applicable_from, property_code, property_name, nick_name, owner_name, address_name, gst_number, pan_number, group_name, local_currency, currency_format, symbol, decimal_places, date_format, round_off, property_logo, created_at, updated_at, created_user_id, updated_user_id, reserve_1, reserve_2 FROM IT_CONF_PROPERTY ORDER BY property_code","params":null,"executionTime":null}
2025-10-24 11:30:34.268 [INFO]: ✅ Query completed - 1 rows (2ms) | {"sql":"SELECT id, applicable_from, property_code, propert","rowsAffected":1,"executionTime":"2ms"}
2025-10-24 11:30:34.274 [DEBUG]: 🔍 Query: SELECT 
                       id, applicable_from, property_code, property_name, nick_name, owner_n... | {"sql":"SELECT id, applicable_from, property_code, property_name, nick_name, owner_name, address_name, gst_number, pan_number, group_name, local_currency, currency_format, symbol, decimal_places, date_format, round_off, property_logo, created_at, updated_at, created_user_id, updated_user_id, reserve_1, reserve_2 FROM IT_CONF_PROPERTY ORDER BY property_code","params":null,"executionTime":null}
2025-10-24 11:30:34.275 [INFO]: ✅ Query completed - 1 rows (2ms) | {"sql":"SELECT id, applicable_from, property_code, propert","rowsAffected":1,"executionTime":"2ms"}
2025-10-24 11:30:48.211 [DEBUG]: 🔍 Query: SELECT 
                       id, applicable_from, property_code, property_name, nick_name, owner_n... | {"sql":"SELECT id, applicable_from, property_code, property_name, nick_name, owner_name, address_name, gst_number, pan_number, group_name, local_currency, currency_format, symbol, decimal_places, date_format, round_off, property_logo, created_at, updated_at, created_user_id, updated_user_id, reserve_1, reserve_2 FROM IT_CONF_PROPERTY ORDER BY property_code","params":null,"executionTime":null}
2025-10-24 11:30:48.213 [INFO]: ✅ Query completed - 1 rows (2ms) | {"sql":"SELECT id, applicable_from, property_code, propert","rowsAffected":1,"executionTime":"2ms"}
2025-10-24 11:30:48.217 [DEBUG]: 🔍 Query: SELECT 
                       id, applicable_from, property_code, property_name, nick_name, owner_n... | {"sql":"SELECT id, applicable_from, property_code, property_name, nick_name, owner_name, address_name, gst_number, pan_number, group_name, local_currency, currency_format, symbol, decimal_places, date_format, round_off, property_logo, created_at, updated_at, created_user_id, updated_user_id, reserve_1, reserve_2 FROM IT_CONF_PROPERTY ORDER BY property_code","params":null,"executionTime":null}
2025-10-24 11:30:48.222 [INFO]: ✅ Query completed - 1 rows (2ms) | {"sql":"SELECT id, applicable_from, property_code, propert","rowsAffected":1,"executionTime":"2ms"}
2025-10-24 11:33:03.763 [DEBUG]: 🔍 Query: SELECT 
                       id, applicable_from, property_code, property_name, nick_name, owner_n... | {"sql":"SELECT id, applicable_from, property_code, property_name, nick_name, owner_name, address_name, gst_number, pan_number, group_name, local_currency, currency_format, symbol, decimal_places, date_format, round_off, property_logo, created_at, updated_at, created_user_id, updated_user_id, reserve_1, reserve_2 FROM IT_CONF_PROPERTY ORDER BY property_code","params":null,"executionTime":null}
2025-10-24 11:33:03.765 [INFO]: ✅ Query completed - 1 rows (3ms) | {"sql":"SELECT id, applicable_from, property_code, propert","rowsAffected":1,"executionTime":"3ms"}
2025-10-24 11:33:03.770 [DEBUG]: 🔍 Query: SELECT 
                       id, applicable_from, property_code, property_name, nick_name, owner_n... | {"sql":"SELECT id, applicable_from, property_code, property_name, nick_name, owner_name, address_name, gst_number, pan_number, group_name, local_currency, currency_format, symbol, decimal_places, date_format, round_off, property_logo, created_at, updated_at, created_user_id, updated_user_id, reserve_1, reserve_2 FROM IT_CONF_PROPERTY ORDER BY property_code","params":null,"executionTime":null}
2025-10-24 11:33:03.774 [INFO]: ✅ Query completed - 1 rows (4ms) | {"sql":"SELECT id, applicable_from, property_code, propert","rowsAffected":1,"executionTime":"4ms"}
2025-10-24 11:33:03.778 [DEBUG]: 🔍 Query: SELECT 
                       id, applicable_from, property_code, property_name, nick_name, owner_n... | {"sql":"SELECT id, applicable_from, property_code, property_name, nick_name, owner_name, address_name, gst_number, pan_number, group_name, local_currency, currency_format, symbol, decimal_places, date_format, round_off, property_logo, created_at, updated_at, created_user_id, updated_user_id, reserve_1, reserve_2 FROM IT_CONF_PROPERTY ORDER BY property_code","params":null,"executionTime":null}
2025-10-24 11:33:03.780 [INFO]: ✅ Query completed - 1 rows (2ms) | {"sql":"SELECT id, applicable_from, property_code, propert","rowsAffected":1,"executionTime":"2ms"}
2025-10-24 11:33:03.794 [DEBUG]: 🔍 Query: SELECT 
                       id, applicable_from, property_code, property_name, nick_name, owner_n... | {"sql":"SELECT id, applicable_from, property_code, property_name, nick_name, owner_name, address_name, gst_number, pan_number, group_name, local_currency, currency_format, symbol, decimal_places, date_format, round_off, property_logo, created_at, updated_at, created_user_id, updated_user_id, reserve_1, reserve_2 FROM IT_CONF_PROPERTY ORDER BY property_code","params":null,"executionTime":null}
2025-10-24 11:33:03.796 [INFO]: ✅ Query completed - 1 rows (2ms) | {"sql":"SELECT id, applicable_from, property_code, propert","rowsAffected":1,"executionTime":"2ms"}
2025-10-24 11:33:05.390 [DEBUG]: 🔍 Query: SELECT 
                       id, applicable_from, property_code, property_name, nick_name, owner_n... | {"sql":"SELECT id, applicable_from, property_code, property_name, nick_name, owner_name, address_name, gst_number, pan_number, group_name, local_currency, currency_format, symbol, decimal_places, date_format, round_off, property_logo, created_at, updated_at, created_user_id, updated_user_id, reserve_1, reserve_2 FROM IT_CONF_PROPERTY ORDER BY property_code","params":null,"executionTime":null}
2025-10-24 11:33:05.391 [INFO]: ✅ Query completed - 1 rows (2ms) | {"sql":"SELECT id, applicable_from, property_code, propert","rowsAffected":1,"executionTime":"2ms"}
2025-10-24 11:36:49.722 [DEBUG]: 🔍 Query: SELECT 
                       id, applicable_from, property_code, property_name, nick_name, owner_n... | {"sql":"SELECT id, applicable_from, property_code, property_name, nick_name, owner_name, address_name, gst_number, pan_number, group_name, local_currency, currency_format, symbol, decimal_places, date_format, round_off, property_logo, created_at, updated_at, created_user_id, updated_user_id, reserve_1, reserve_2 FROM IT_CONF_PROPERTY ORDER BY property_code","params":null,"executionTime":null}
2025-10-24 11:36:49.725 [INFO]: ✅ Query completed - 1 rows (3ms) | {"sql":"SELECT id, applicable_from, property_code, propert","rowsAffected":1,"executionTime":"3ms"}
2025-10-24 11:36:49.729 [DEBUG]: 🔍 Query: SELECT 
                       id, applicable_from, property_code, property_name, nick_name, owner_n... | {"sql":"SELECT id, applicable_from, property_code, property_name, nick_name, owner_name, address_name, gst_number, pan_number, group_name, local_currency, currency_format, symbol, decimal_places, date_format, round_off, property_logo, created_at, updated_at, created_user_id, updated_user_id, reserve_1, reserve_2 FROM IT_CONF_PROPERTY ORDER BY property_code","params":null,"executionTime":null}
2025-10-24 11:36:49.731 [INFO]: ✅ Query completed - 1 rows (1ms) | {"sql":"SELECT id, applicable_from, property_code, propert","rowsAffected":1,"executionTime":"1ms"}
2025-10-24 11:36:49.739 [DEBUG]: 🔍 Query: SELECT 
                       id, applicable_from, property_code, property_name, nick_name, owner_n... | {"sql":"SELECT id, applicable_from, property_code, property_name, nick_name, owner_name, address_name, gst_number, pan_number, group_name, local_currency, currency_format, symbol, decimal_places, date_format, round_off, property_logo, created_at, updated_at, created_user_id, updated_user_id, reserve_1, reserve_2 FROM IT_CONF_PROPERTY ORDER BY property_code","params":null,"executionTime":null}
2025-10-24 11:36:49.742 [INFO]: ✅ Query completed - 1 rows (4ms) | {"sql":"SELECT id, applicable_from, property_code, propert","rowsAffected":1,"executionTime":"4ms"}
2025-10-24 11:36:49.749 [DEBUG]: 🔍 Query: SELECT 
                       id, applicable_from, property_code, property_name, nick_name, owner_n... | {"sql":"SELECT id, applicable_from, property_code, property_name, nick_name, owner_name, address_name, gst_number, pan_number, group_name, local_currency, currency_format, symbol, decimal_places, date_format, round_off, property_logo, created_at, updated_at, created_user_id, updated_user_id, reserve_1, reserve_2 FROM IT_CONF_PROPERTY ORDER BY property_code","params":null,"executionTime":null}
2025-10-24 11:36:49.756 [INFO]: ✅ Query completed - 1 rows (3ms) | {"sql":"SELECT id, applicable_from, property_code, propert","rowsAffected":1,"executionTime":"3ms"}
2025-10-24 11:36:54.054 [DEBUG]: 🔍 Query: SELECT 
                       id, applicable_from, property_code, property_name, nick_name, owner_n... | {"sql":"SELECT id, applicable_from, property_code, property_name, nick_name, owner_name, address_name, gst_number, pan_number, group_name, local_currency, currency_format, symbol, decimal_places, date_format, round_off, property_logo, created_at, updated_at, created_user_id, updated_user_id, reserve_1, reserve_2 FROM IT_CONF_PROPERTY ORDER BY property_code","params":null,"executionTime":null}
2025-10-24 11:36:54.057 [INFO]: ✅ Query completed - 1 rows (3ms) | {"sql":"SELECT id, applicable_from, property_code, propert","rowsAffected":1,"executionTime":"3ms"}
2025-10-24 11:44:36.134 [DEBUG]: 🔍 Query: INSERT INTO IT_CONF_PROPERTY 
                   (applicable_from, property_code, property_name, nic... | {"sql":"INSERT INTO IT_CONF_PROPERTY (applicable_from, property_code, property_name, nick_name, owner_name, address_name, gst_number, pan_number, group_name, local_currency, currency_format, symbol, decimal_places, date_format, round_off, property_logo, created_user_id, updated_user_id, reserve_1, reserve_2) VALUES (?, ?, ?, ?, ?, ?, ?, ?, ?, ?, ?, ?, ?, ?, ?, ?, ?, ?, ?)","params":"[\"2025-10-24\",\"ABC\",\"ABC Hotel\",\"ABC\",\"Amitabh\",\"Address 1\",\"GST\",\"GSTPAN\",\"ABC INTERNATIONAL\",\"INR\",\"0.00\",\"₹\",\"2\",\"DDMMYY\",\"1\",null,null,null,null,null]","executionTime":null}
2025-10-24 11:44:36.151 [ERROR]: 💥 DB Error: Column count doesn't match value count at row 1 | {"sql":"INSERT INTO IT_CONF_PROPERTY (applicable_from, property_code, property_name, nick_name, owner_name, address_name, gst_number, pan_number, group_name, local_currency, currency_format, symbol, decimal_places, date_format, round_off, property_logo, created_user_id, updated_user_id, reserve_1, reserve_2) VALUES (?, ?, ?, ?, ?, ?, ?, ?, ?, ?, ?, ?, ?, ?, ?, ?, ?, ?, ?)","params":"[\"2025-10-24\",\"ABC\",\"ABC Hotel\",\"ABC\",\"Amitabh\",\"Address 1\",\"GST\",\"GSTPAN\",\"ABC INTERNATIONAL\",\"INR\",\"0.00\",\"₹\",\"2\",\"DDMMYY\",\"1\",null,null,null,null,null]","error":"Column count doesn't match value count at row 1","code":"ER_WRONG_VALUE_COUNT_ON_ROW"}
2025-10-24 11:44:37.573 [DEBUG]: 🔍 Query: SELECT 
                       id, applicable_from, property_code, property_name, nick_name, owner_n... | {"sql":"SELECT id, applicable_from, property_code, property_name, nick_name, owner_name, address_name, gst_number, pan_number, group_name, local_currency, currency_format, symbol, decimal_places, date_format, round_off, property_logo, created_at, updated_at, created_user_id, updated_user_id, reserve_1, reserve_2 FROM IT_CONF_PROPERTY ORDER BY property_code","params":null,"executionTime":null}
2025-10-24 11:44:37.575 [INFO]: ✅ Query completed - 1 rows (1ms) | {"sql":"SELECT id, applicable_from, property_code, propert","rowsAffected":1,"executionTime":"1ms"}
2025-10-24 11:45:44.782 [DEBUG]: 🔍 Query: INSERT INTO IT_CONF_PROPERTY 
                   (applicable_from, property_code, property_name, nic... | {"sql":"INSERT INTO IT_CONF_PROPERTY (applicable_from, property_code, property_name, nick_name, owner_name, address_name, gst_number, pan_number, group_name, local_currency, currency_format, symbol, decimal_places, date_format, round_off, property_logo, created_user_id, updated_user_id, reserve_1, reserve_2) VALUES (?, ?, ?, ?, ?, ?, ?, ?, ?, ?, ?, ?, ?, ?, ?, ?, ?, ?, ?)","params":"[\"2025-10-25\",\"ABC\",\"ABC\",\"ABC\",\"Amitabh\",\"ADDRESS\",\"GST\",\"PAN\",\"ABC INT\",\"INR\",\"0.00\",\"₹\",\"2\",\"DDMMYY\",\"1\",null,null,null,null,null]","executionTime":null}
2025-10-24 11:45:44.784 [ERROR]: 💥 DB Error: Column count doesn't match value count at row 1 | {"sql":"INSERT INTO IT_CONF_PROPERTY (applicable_from, property_code, property_name, nick_name, owner_name, address_name, gst_number, pan_number, group_name, local_currency, currency_format, symbol, decimal_places, date_format, round_off, property_logo, created_user_id, updated_user_id, reserve_1, reserve_2) VALUES (?, ?, ?, ?, ?, ?, ?, ?, ?, ?, ?, ?, ?, ?, ?, ?, ?, ?, ?)","params":"[\"2025-10-25\",\"ABC\",\"ABC\",\"ABC\",\"Amitabh\",\"ADDRESS\",\"GST\",\"PAN\",\"ABC INT\",\"INR\",\"0.00\",\"₹\",\"2\",\"DDMMYY\",\"1\",null,null,null,null,null]","error":"Column count doesn't match value count at row 1","code":"ER_WRONG_VALUE_COUNT_ON_ROW"}
2025-10-24 11:45:46.182 [DEBUG]: 🔍 Query: SELECT 
                       id, applicable_from, property_code, property_name, nick_name, owner_n... | {"sql":"SELECT id, applicable_from, property_code, property_name, nick_name, owner_name, address_name, gst_number, pan_number, group_name, local_currency, currency_format, symbol, decimal_places, date_format, round_off, property_logo, created_at, updated_at, created_user_id, updated_user_id, reserve_1, reserve_2 FROM IT_CONF_PROPERTY ORDER BY property_code","params":null,"executionTime":null}
2025-10-24 11:45:46.184 [INFO]: ✅ Query completed - 1 rows (1ms) | {"sql":"SELECT id, applicable_from, property_code, propert","rowsAffected":1,"executionTime":"1ms"}
2025-10-24 11:47:01.811 [DEBUG]: 🔍 Query: SELECT 
                       id, applicable_from, property_code, property_name, nick_name, owner_n... | {"sql":"SELECT id, applicable_from, property_code, property_name, nick_name, owner_name, address_name, gst_number, pan_number, group_name, local_currency, currency_format, symbol, decimal_places, date_format, round_off, property_logo, created_at, updated_at, created_user_id, updated_user_id, reserve_1, reserve_2 FROM IT_CONF_PROPERTY ORDER BY property_code","params":null,"executionTime":null}
2025-10-24 11:47:01.812 [INFO]: ✅ Query completed - 1 rows (2ms) | {"sql":"SELECT id, applicable_from, property_code, propert","rowsAffected":1,"executionTime":"2ms"}
2025-10-24 11:50:41.184 [DEBUG]: 🔍 Query: SELECT 
                       id, applicable_from, property_code, property_name, nick_name, owner_n... | {"sql":"SELECT id, applicable_from, property_code, property_name, nick_name, owner_name, address_name, gst_number, pan_number, group_name, local_currency, currency_format, symbol, decimal_places, date_format, round_off, property_logo, created_at, updated_at, created_user_id, updated_user_id, reserve_1, reserve_2 FROM IT_CONF_PROPERTY ORDER BY property_code","params":null,"executionTime":null}
2025-10-24 11:50:41.188 [INFO]: ✅ Query completed - 1 rows (4ms) | {"sql":"SELECT id, applicable_from, property_code, propert","rowsAffected":1,"executionTime":"4ms"}
2025-10-24 11:50:41.209 [DEBUG]: 🔍 Query: SELECT 
                       id, applicable_from, property_code, property_name, nick_name, owner_n... | {"sql":"SELECT id, applicable_from, property_code, property_name, nick_name, owner_name, address_name, gst_number, pan_number, group_name, local_currency, currency_format, symbol, decimal_places, date_format, round_off, property_logo, created_at, updated_at, created_user_id, updated_user_id, reserve_1, reserve_2 FROM IT_CONF_PROPERTY ORDER BY property_code","params":null,"executionTime":null}
2025-10-24 11:50:41.220 [INFO]: ✅ Query completed - 1 rows (9ms) | {"sql":"SELECT id, applicable_from, property_code, propert","rowsAffected":1,"executionTime":"9ms"}
2025-10-24 12:05:15.412 [DEBUG]: 🔍 Query: SELECT * FROM IT_CONF_USER_SETUP WHERE user_name = ? AND password = ? AND is_active = 1 | {"sql":"SELECT * FROM IT_CONF_USER_SETUP WHERE user_name = ? AND password = ? AND is_active = 1","params":"[\"admin@ithots.com\",\"admin\"]","executionTime":null}
2025-10-24 12:05:15.414 [INFO]: ✅ Query completed - 1 rows (1ms) | {"sql":"SELECT * FROM IT_CONF_USER_SETUP WHERE user_name =","rowsAffected":1,"executionTime":"1ms"}
2025-10-24 12:05:22.290 [DEBUG]: 🔍 Query: SELECT * FROM IT_CONF_USER_SETUP WHERE user_name = ? AND password = ? AND is_active = 1 | {"sql":"SELECT * FROM IT_CONF_USER_SETUP WHERE user_name = ? AND password = ? AND is_active = 1","params":"[\"admin@ithots.com\",\"admin\"]","executionTime":null}
2025-10-24 12:05:22.291 [INFO]: ✅ Query completed - 1 rows (1ms) | {"sql":"SELECT * FROM IT_CONF_USER_SETUP WHERE user_name =","rowsAffected":1,"executionTime":"1ms"}
2025-10-24 12:05:28.914 [DEBUG]: 🔍 Query: SELECT * FROM IT_CONF_USER_SETUP WHERE user_name = ? AND password = ? AND is_active = 1 | {"sql":"SELECT * FROM IT_CONF_USER_SETUP WHERE user_name = ? AND password = ? AND is_active = 1","params":"[\"admin@ithots.com\",\"admin\"]","executionTime":null}
2025-10-24 12:05:28.915 [INFO]: ✅ Query completed - 1 rows (2ms) | {"sql":"SELECT * FROM IT_CONF_USER_SETUP WHERE user_name =","rowsAffected":1,"executionTime":"2ms"}
2025-10-24 12:05:32.277 [DEBUG]: 🔍 Query: SELECT 
                       id, applicable_from, property_code, property_name, nick_name, owner_n... | {"sql":"SELECT id, applicable_from, property_code, property_name, nick_name, owner_name, address_name, gst_number, pan_number, group_name, local_currency, currency_format, symbol, decimal_places, date_format, round_off, property_logo, created_at, updated_at, created_user_id, updated_user_id, reserve_1, reserve_2 FROM IT_CONF_PROPERTY ORDER BY property_code","params":null,"executionTime":null}
2025-10-24 12:05:32.279 [INFO]: ✅ Query completed - 1 rows (2ms) | {"sql":"SELECT id, applicable_from, property_code, propert","rowsAffected":1,"executionTime":"2ms"}
2025-10-24 12:05:32.284 [DEBUG]: 🔍 Query: SELECT 
                       id, applicable_from, property_code, property_name, nick_name, owner_n... | {"sql":"SELECT id, applicable_from, property_code, property_name, nick_name, owner_name, address_name, gst_number, pan_number, group_name, local_currency, currency_format, symbol, decimal_places, date_format, round_off, property_logo, created_at, updated_at, created_user_id, updated_user_id, reserve_1, reserve_2 FROM IT_CONF_PROPERTY ORDER BY property_code","params":null,"executionTime":null}
2025-10-24 12:05:32.287 [INFO]: ✅ Query completed - 1 rows (2ms) | {"sql":"SELECT id, applicable_from, property_code, propert","rowsAffected":1,"executionTime":"2ms"}
2025-10-24 12:05:32.293 [DEBUG]: 🔍 Query: SELECT 
                       id, applicable_from, property_code, property_name, nick_name, owner_n... | {"sql":"SELECT id, applicable_from, property_code, property_name, nick_name, owner_name, address_name, gst_number, pan_number, group_name, local_currency, currency_format, symbol, decimal_places, date_format, round_off, property_logo, created_at, updated_at, created_user_id, updated_user_id, reserve_1, reserve_2 FROM IT_CONF_PROPERTY ORDER BY property_code","params":null,"executionTime":null}
2025-10-24 12:05:32.296 [INFO]: ✅ Query completed - 1 rows (4ms) | {"sql":"SELECT id, applicable_from, property_code, propert","rowsAffected":1,"executionTime":"4ms"}
2025-10-24 12:05:32.301 [DEBUG]: 🔍 Query: SELECT 
                       id, applicable_from, property_code, property_name, nick_name, owner_n... | {"sql":"SELECT id, applicable_from, property_code, property_name, nick_name, owner_name, address_name, gst_number, pan_number, group_name, local_currency, currency_format, symbol, decimal_places, date_format, round_off, property_logo, created_at, updated_at, created_user_id, updated_user_id, reserve_1, reserve_2 FROM IT_CONF_PROPERTY ORDER BY property_code","params":null,"executionTime":null}
2025-10-24 12:05:32.303 [INFO]: ✅ Query completed - 1 rows (2ms) | {"sql":"SELECT id, applicable_from, property_code, propert","rowsAffected":1,"executionTime":"2ms"}
2025-10-24 12:05:33.326 [DEBUG]: 🔍 Query: SELECT 
                       id, applicable_from, property_code, property_name, nick_name, owner_n... | {"sql":"SELECT id, applicable_from, property_code, property_name, nick_name, owner_name, address_name, gst_number, pan_number, group_name, local_currency, currency_format, symbol, decimal_places, date_format, round_off, property_logo, created_at, updated_at, created_user_id, updated_user_id, reserve_1, reserve_2 FROM IT_CONF_PROPERTY ORDER BY property_code","params":null,"executionTime":null}
2025-10-24 12:05:33.328 [INFO]: ✅ Query completed - 1 rows (1ms) | {"sql":"SELECT id, applicable_from, property_code, propert","rowsAffected":1,"executionTime":"1ms"}
2025-10-24 12:06:31.954 [DEBUG]: 🔍 Query: INSERT INTO IT_CONF_PROPERTY 
                   (applicable_from, property_code, property_name, nic... | {"sql":"INSERT INTO IT_CONF_PROPERTY (applicable_from, property_code, property_name, nick_name, owner_name, address_name, gst_number, pan_number, group_name, local_currency, currency_format, symbol, decimal_places, date_format, round_off, property_logo, created_user_id, updated_user_id, reserve_1, reserve_2) VALUES (?, ?, ?, ?, ?, ?, ?, ?, ?, ?, ?, ?, ?, ?, ?, ?, ?, ?, ?)","params":"[\"2025-10-24\",\"ABC\",\"ABC HOTEL\",\"ABC\",\"Amitabh\",\"ADDRESS1\",\"GSTABC127485\",\"PANABC4578\",\"ABC INTERNATINAL\",\"INR\",\"0.00\",\"₹\",\"2\",\"DDMMYY\",\"1\",null,null,null,null,null]","executionTime":null}
2025-10-24 12:06:31.955 [ERROR]: 💥 DB Error: Column count doesn't match value count at row 1 | {"sql":"INSERT INTO IT_CONF_PROPERTY (applicable_from, property_code, property_name, nick_name, owner_name, address_name, gst_number, pan_number, group_name, local_currency, currency_format, symbol, decimal_places, date_format, round_off, property_logo, created_user_id, updated_user_id, reserve_1, reserve_2) VALUES (?, ?, ?, ?, ?, ?, ?, ?, ?, ?, ?, ?, ?, ?, ?, ?, ?, ?, ?)","params":"[\"2025-10-24\",\"ABC\",\"ABC HOTEL\",\"ABC\",\"Amitabh\",\"ADDRESS1\",\"GSTABC127485\",\"PANABC4578\",\"ABC INTERNATINAL\",\"INR\",\"0.00\",\"₹\",\"2\",\"DDMMYY\",\"1\",null,null,null,null,null]","error":"Column count doesn't match value count at row 1","code":"ER_WRONG_VALUE_COUNT_ON_ROW"}
2025-10-24 12:07:57.610 [DEBUG]: 🔍 Query: INSERT INTO IT_CONF_PROPERTY 
                   (applicable_from, property_code, property_name, nic... | {"sql":"INSERT INTO IT_CONF_PROPERTY (applicable_from, property_code, property_name, nick_name, owner_name, address_name, gst_number, pan_number, group_name, local_currency, currency_format, symbol, decimal_places, date_format, round_off, property_logo, created_user_id, updated_user_id, reserve_1, reserve_2) VALUES (?, ?, ?, ?, ?, ?, ?, ?, ?, ?, ?, ?, ?, ?, ?, ?, ?, ?, ?)","params":"[\"2025-10-24\",\"ABC\",\"ABC HOTEL\",\"ABC\",\"Amitabh\",\"ADDRESS1\",\"GSTABC45786NTR\",null,\"ABC INTERNATIONAL\",\"INR\",\"0.00\",\"?\",2,\"DDMMYY\",\"0.01\",null,null,null,null,null]","executionTime":null}
2025-10-24 12:07:57.611 [ERROR]: 💥 DB Error: Column count doesn't match value count at row 1 | {"sql":"INSERT INTO IT_CONF_PROPERTY (applicable_from, property_code, property_name, nick_name, owner_name, address_name, gst_number, pan_number, group_name, local_currency, currency_format, symbol, decimal_places, date_format, round_off, property_logo, created_user_id, updated_user_id, reserve_1, reserve_2) VALUES (?, ?, ?, ?, ?, ?, ?, ?, ?, ?, ?, ?, ?, ?, ?, ?, ?, ?, ?)","params":"[\"2025-10-24\",\"ABC\",\"ABC HOTEL\",\"ABC\",\"Amitabh\",\"ADDRESS1\",\"GSTABC45786NTR\",null,\"ABC INTERNATIONAL\",\"INR\",\"0.00\",\"?\",2,\"DDMMYY\",\"0.01\",null,null,null,null,null]","error":"Column count doesn't match value count at row 1","code":"ER_WRONG_VALUE_COUNT_ON_ROW"}
2025-10-24 12:10:04.502 [DEBUG]: 🔍 Query: INSERT INTO IT_CONF_PROPERTY 
                   (applicable_from, property_code, property_name, nic... | {"sql":"INSERT INTO IT_CONF_PROPERTY (applicable_from, property_code, property_name, nick_name, owner_name, address_name, gst_number, pan_number, group_name, local_currency, currency_format, symbol, decimal_places, date_format, round_off, property_logo, created_user_id, updated_user_id, reserve_1, reserve_2) VALUES (?, ?, ?, ?, ?, ?, ?, ?, ?, ?, ?, ?, ?, ?, ?, ?, ?, ?, ?)","params":"[\"2025-10-24\",\"ABC\",\"ABC HOTEL\",\"ABC\",\"Amitabh\",\"ADDRESS1\",\"GSTABC45786NTR\",null,\"ABC INTERNATIONAL\",\"INR\",\"0.00\",\"?\",2,\"DDMMYY\",\"0.01\",null,null,null,null,null]","executionTime":null}
2025-10-24 12:10:04.505 [ERROR]: 💥 DB Error: Column count doesn't match value count at row 1 | {"sql":"INSERT INTO IT_CONF_PROPERTY (applicable_from, property_code, property_name, nick_name, owner_name, address_name, gst_number, pan_number, group_name, local_currency, currency_format, symbol, decimal_places, date_format, round_off, property_logo, created_user_id, updated_user_id, reserve_1, reserve_2) VALUES (?, ?, ?, ?, ?, ?, ?, ?, ?, ?, ?, ?, ?, ?, ?, ?, ?, ?, ?)","params":"[\"2025-10-24\",\"ABC\",\"ABC HOTEL\",\"ABC\",\"Amitabh\",\"ADDRESS1\",\"GSTABC45786NTR\",null,\"ABC INTERNATIONAL\",\"INR\",\"0.00\",\"?\",2,\"DDMMYY\",\"0.01\",null,null,null,null,null]","error":"Column count doesn't match value count at row 1","code":"ER_WRONG_VALUE_COUNT_ON_ROW"}
2025-10-24 14:59:59.487 [DEBUG]: 🔍 Query: INSERT INTO IT_CONF_PROPERTY 
                   (applicable_from, property_code, property_name, nic... | {"sql":"INSERT INTO IT_CONF_PROPERTY (applicable_from, property_code, property_name, nick_name, owner_name, address_name, gst_number, pan_number, group_name, local_currency, currency_format, symbol, decimal_places, date_format, round_off, property_logo, created_user_id, updated_user_id, reserve_1, reserve_2) VALUES (?, ?, ?, ?, ?, ?, ?, ?, ?, ?, ?, ?, ?, ?, ?, ?, ?, ?, ?)","params":"[\"2025-10-24\",\"ABC\",\"ABC HOTEL\",\"ABC\",\"Amitabh\",\"ADDRESS1\",\"GSTABC45786NTREE\",null,\"ABC INTERNATIONAL\",\"INR\",\"0.00\",\"?\",2,\"DDMMYY\",\"0.01\",null,null,null,null,null]","executionTime":null}
2025-10-24 14:59:59.490 [ERROR]: 💥 DB Error: Column count doesn't match value count at row 1 | {"sql":"INSERT INTO IT_CONF_PROPERTY (applicable_from, property_code, property_name, nick_name, owner_name, address_name, gst_number, pan_number, group_name, local_currency, currency_format, symbol, decimal_places, date_format, round_off, property_logo, created_user_id, updated_user_id, reserve_1, reserve_2) VALUES (?, ?, ?, ?, ?, ?, ?, ?, ?, ?, ?, ?, ?, ?, ?, ?, ?, ?, ?)","params":"[\"2025-10-24\",\"ABC\",\"ABC HOTEL\",\"ABC\",\"Amitabh\",\"ADDRESS1\",\"GSTABC45786NTREE\",null,\"ABC INTERNATIONAL\",\"INR\",\"0.00\",\"?\",2,\"DDMMYY\",\"0.01\",null,null,null,null,null]","error":"Column count doesn't match value count at row 1","code":"ER_WRONG_VALUE_COUNT_ON_ROW"}
2025-10-24 15:09:13.986 [DEBUG]: 🔍 Query: INSERT INTO IT_CONF_PROPERTY 
                   (applicable_from, property_code, property_name, nic... | {"sql":"INSERT INTO IT_CONF_PROPERTY (applicable_from, property_code, property_name, nick_name, owner_name, address_name, gst_number, pan_number, group_name, local_currency, currency_format, symbol, decimal_places, date_format, round_off, property_logo, created_user_id, updated_user_id, reserve_1, reserve_2) VALUES (?, ?, ?, ?, ?, ?, ?, ?, ?, ?, ?, ?, ?, ?, ?, ?, ?, ?, ?)","params":"[\"2025-10-24\",\"ABC\",\"ABC HOTEL\",\"ABC\",\"Amitabh\",\"ADDRESS1\",\"GSTABC45786NTREE\",null,\"ABC INTERNATIONAL\",\"INR\",\"0.00\",\"?\",2,\"DDMMYY\",\"0.01\",null,null,null,null,null]","executionTime":null}
2025-10-24 15:09:13.988 [ERROR]: 💥 DB Error: Column count doesn't match value count at row 1 | {"sql":"INSERT INTO IT_CONF_PROPERTY (applicable_from, property_code, property_name, nick_name, owner_name, address_name, gst_number, pan_number, group_name, local_currency, currency_format, symbol, decimal_places, date_format, round_off, property_logo, created_user_id, updated_user_id, reserve_1, reserve_2) VALUES (?, ?, ?, ?, ?, ?, ?, ?, ?, ?, ?, ?, ?, ?, ?, ?, ?, ?, ?)","params":"[\"2025-10-24\",\"ABC\",\"ABC HOTEL\",\"ABC\",\"Amitabh\",\"ADDRESS1\",\"GSTABC45786NTREE\",null,\"ABC INTERNATIONAL\",\"INR\",\"0.00\",\"?\",2,\"DDMMYY\",\"0.01\",null,null,null,null,null]","error":"Column count doesn't match value count at row 1","code":"ER_WRONG_VALUE_COUNT_ON_ROW"}
2025-10-24 18:45:38.682 [DEBUG]: 🔍 Query: SELECT * FROM IT_CONF_USER_SETUP WHERE user_name = ? AND password = ? AND is_active = 1 | {"sql":"SELECT * FROM IT_CONF_USER_SETUP WHERE user_name = ? AND password = ? AND is_active = 1","params":"[\"admin@ithots.com\",\"admin\"]","executionTime":null}
2025-10-24 18:45:38.689 [INFO]: ✅ Query completed - 1 rows (8ms) | {"sql":"SELECT * FROM IT_CONF_USER_SETUP WHERE user_name =","rowsAffected":1,"executionTime":"8ms"}
2025-10-24 18:45:42.650 [DEBUG]: 🔍 Query: SELECT 
                       id, applicable_from, property_code, property_name, nick_name, owner_n... | {"sql":"SELECT id, applicable_from, property_code, property_name, nick_name, owner_name, address_name, gst_number, pan_number, group_name, local_currency, currency_format, symbol, decimal_places, date_format, round_off, property_logo, created_at, updated_at, created_user_id, updated_user_id, reserve_1, reserve_2 FROM IT_CONF_PROPERTY ORDER BY property_code","params":null,"executionTime":null}
2025-10-24 18:45:42.654 [INFO]: ✅ Query completed - 1 rows (5ms) | {"sql":"SELECT id, applicable_from, property_code, propert","rowsAffected":1,"executionTime":"5ms"}
2025-10-24 18:45:42.658 [DEBUG]: 🔍 Query: SELECT 
                       id, applicable_from, property_code, property_name, nick_name, owner_n... | {"sql":"SELECT id, applicable_from, property_code, property_name, nick_name, owner_name, address_name, gst_number, pan_number, group_name, local_currency, currency_format, symbol, decimal_places, date_format, round_off, property_logo, created_at, updated_at, created_user_id, updated_user_id, reserve_1, reserve_2 FROM IT_CONF_PROPERTY ORDER BY property_code","params":null,"executionTime":null}
2025-10-24 18:45:42.663 [INFO]: ✅ Query completed - 1 rows (3ms) | {"sql":"SELECT id, applicable_from, property_code, propert","rowsAffected":1,"executionTime":"3ms"}
2025-10-24 18:45:42.668 [DEBUG]: 🔍 Query: SELECT 
                       id, applicable_from, property_code, property_name, nick_name, owner_n... | {"sql":"SELECT id, applicable_from, property_code, property_name, nick_name, owner_name, address_name, gst_number, pan_number, group_name, local_currency, currency_format, symbol, decimal_places, date_format, round_off, property_logo, created_at, updated_at, created_user_id, updated_user_id, reserve_1, reserve_2 FROM IT_CONF_PROPERTY ORDER BY property_code","params":null,"executionTime":null}
2025-10-24 18:45:42.671 [INFO]: ✅ Query completed - 1 rows (2ms) | {"sql":"SELECT id, applicable_from, property_code, propert","rowsAffected":1,"executionTime":"2ms"}
2025-10-24 18:45:42.679 [DEBUG]: 🔍 Query: SELECT 
                       id, applicable_from, property_code, property_name, nick_name, owner_n... | {"sql":"SELECT id, applicable_from, property_code, property_name, nick_name, owner_name, address_name, gst_number, pan_number, group_name, local_currency, currency_format, symbol, decimal_places, date_format, round_off, property_logo, created_at, updated_at, created_user_id, updated_user_id, reserve_1, reserve_2 FROM IT_CONF_PROPERTY ORDER BY property_code","params":null,"executionTime":null}
2025-10-24 18:45:42.684 [INFO]: ✅ Query completed - 1 rows (7ms) | {"sql":"SELECT id, applicable_from, property_code, propert","rowsAffected":1,"executionTime":"7ms"}
2025-10-24 18:45:43.666 [DEBUG]: 🔍 Query: SELECT 
                       id, applicable_from, property_code, property_name, nick_name, owner_n... | {"sql":"SELECT id, applicable_from, property_code, property_name, nick_name, owner_name, address_name, gst_number, pan_number, group_name, local_currency, currency_format, symbol, decimal_places, date_format, round_off, property_logo, created_at, updated_at, created_user_id, updated_user_id, reserve_1, reserve_2 FROM IT_CONF_PROPERTY ORDER BY property_code","params":null,"executionTime":null}
2025-10-24 18:45:43.667 [INFO]: ✅ Query completed - 1 rows (1ms) | {"sql":"SELECT id, applicable_from, property_code, propert","rowsAffected":1,"executionTime":"1ms"}
2025-10-24 18:46:49.957 [DEBUG]: 🔍 Query: INSERT INTO IT_CONF_PROPERTY 
                   (applicable_from, property_code, property_name, nic... | {"sql":"INSERT INTO IT_CONF_PROPERTY (applicable_from, property_code, property_name, nick_name, owner_name, address_name, gst_number, pan_number, group_name, local_currency, currency_format, symbol, decimal_places, date_format, round_off, property_logo, created_user_id, updated_user_id, reserve_1, reserve_2) VALUES (?, ?, ?, ?, ?, ?, ?, ?, ?, ?, ?, ?, ?, ?, ?, ?, ?, ?, ?)","params":"[\"2025-10-24\",\"ABC\",\"ABC HOTEL\",\"ABC\",\"Amitabh\",\"ADDRESS 1\",\"GST457812NTR\",\"ABCPAN45785\",\"ABC INTERNATIONAL\",\"INR\",\"0.00\",\"₹\",\"2\",\"DDMMYY\",\"1\",null,null,null,null,null]","executionTime":null}
2025-10-24 18:46:49.960 [ERROR]: 💥 DB Error: Column count doesn't match value count at row 1 | {"sql":"INSERT INTO IT_CONF_PROPERTY (applicable_from, property_code, property_name, nick_name, owner_name, address_name, gst_number, pan_number, group_name, local_currency, currency_format, symbol, decimal_places, date_format, round_off, property_logo, created_user_id, updated_user_id, reserve_1, reserve_2) VALUES (?, ?, ?, ?, ?, ?, ?, ?, ?, ?, ?, ?, ?, ?, ?, ?, ?, ?, ?)","params":"[\"2025-10-24\",\"ABC\",\"ABC HOTEL\",\"ABC\",\"Amitabh\",\"ADDRESS 1\",\"GST457812NTR\",\"ABCPAN45785\",\"ABC INTERNATIONAL\",\"INR\",\"0.00\",\"₹\",\"2\",\"DDMMYY\",\"1\",null,null,null,null,null]","error":"Column count doesn't match value count at row 1","code":"ER_WRONG_VALUE_COUNT_ON_ROW"}
2025-10-24 18:54:05.218 [DEBUG]: 🔍 Query: INSERT INTO IT_CONF_PROPERTY 
                   (applicable_from, property_code, property_name, nic... | {"sql":"INSERT INTO IT_CONF_PROPERTY (applicable_from, property_code, property_name, nick_name, owner_name, address_name, gst_number, pan_number, group_name, local_currency, currency_format, symbol, decimal_places, date_format, round_off, property_logo, created_user_id, updated_user_id, reserve_1, reserve_2) VALUES (?, ?, ?, ?, ?, ?, ?, ?, ?, ?, ?, ?, ?, ?, ?, ?, ?, ?, ?)","params":"[\"2025-10-24\",\"ABC\",\"ABC HOTEL\",\"ABC\",\"Amitabh\",\"ADDRESS1\",\"GSTABC45786NTREE\",null,\"ABC INTERNATIONAL\",\"INR\",\"0.00\",\"?\",2,\"DDMMYY\",\"0.01\",null,null,null,null,null]","executionTime":null}
2025-10-24 18:54:05.220 [ERROR]: 💥 DB Error: Column count doesn't match value count at row 1 | {"sql":"INSERT INTO IT_CONF_PROPERTY (applicable_from, property_code, property_name, nick_name, owner_name, address_name, gst_number, pan_number, group_name, local_currency, currency_format, symbol, decimal_places, date_format, round_off, property_logo, created_user_id, updated_user_id, reserve_1, reserve_2) VALUES (?, ?, ?, ?, ?, ?, ?, ?, ?, ?, ?, ?, ?, ?, ?, ?, ?, ?, ?)","params":"[\"2025-10-24\",\"ABC\",\"ABC HOTEL\",\"ABC\",\"Amitabh\",\"ADDRESS1\",\"GSTABC45786NTREE\",null,\"ABC INTERNATIONAL\",\"INR\",\"0.00\",\"?\",2,\"DDMMYY\",\"0.01\",null,null,null,null,null]","error":"Column count doesn't match value count at row 1","code":"ER_WRONG_VALUE_COUNT_ON_ROW"}
2025-10-24 18:56:21.558 [DEBUG]: 🔍 Query: INSERT INTO IT_CONF_PROPERTY 
                   (applicable_from, property_code, property_name, nic... | {"sql":"INSERT INTO IT_CONF_PROPERTY (applicable_from, property_code, property_name, nick_name, owner_name, address_name, gst_number, pan_number, group_name, local_currency, currency_format, symbol, decimal_places, date_format, round_off, property_logo, created_user_id, updated_user_id, reserve_1, reserve_2) VALUES (?, ?, ?, ?, ?, ?, ?, ?, ?, ?, ?, ?, ?, ?, ?, ?, ?, ?, ?)","params":"[\"2025-10-24\",\"ABC\",\"ABC HOTEL\",\"ABC\",\"Amitabh\",\"ADDRESS 1\",\"GST457812NTR\",\"ABCPAN45785\",\"ABC INTERNATIONAL\",\"INR\",\"0.00\",\"₹\",\"2\",\"DDMMYY\",\"1\",null,null,null,null,null]","executionTime":null}
2025-10-24 18:56:21.560 [ERROR]: 💥 DB Error: Column count doesn't match value count at row 1 | {"sql":"INSERT INTO IT_CONF_PROPERTY (applicable_from, property_code, property_name, nick_name, owner_name, address_name, gst_number, pan_number, group_name, local_currency, currency_format, symbol, decimal_places, date_format, round_off, property_logo, created_user_id, updated_user_id, reserve_1, reserve_2) VALUES (?, ?, ?, ?, ?, ?, ?, ?, ?, ?, ?, ?, ?, ?, ?, ?, ?, ?, ?)","params":"[\"2025-10-24\",\"ABC\",\"ABC HOTEL\",\"ABC\",\"Amitabh\",\"ADDRESS 1\",\"GST457812NTR\",\"ABCPAN45785\",\"ABC INTERNATIONAL\",\"INR\",\"0.00\",\"₹\",\"2\",\"DDMMYY\",\"1\",null,null,null,null,null]","error":"Column count doesn't match value count at row 1","code":"ER_WRONG_VALUE_COUNT_ON_ROW"}
2025-10-24 19:41:12.424 [DEBUG]: 🔍 Query: INSERT INTO IT_CONF_PROPERTY 
                   (applicable_from, property_code, property_name, nic... | {"sql":"INSERT INTO IT_CONF_PROPERTY (applicable_from, property_code, property_name, nick_name, owner_name, address_name, gst_number, pan_number, group_name, local_currency, currency_format, symbol, decimal_places, date_format, round_off, property_logo, created_user_id, updated_user_id, reserve_1, reserve_2) VALUES (?, ?, ?, ?, ?, ?, ?, ?, ?, ?, ?, ?, ?, ?, ?, ?, ?, ?, ?)","params":"[\"2025-10-24\",\"ABC_NEW\",\"ABC HOTEL NEW\",\"ABC\",\"Amitabh\",\"ADDRESS1\",\"GSTABC45786NTREE\",null,\"ABC INTERNATIONAL\",\"INR\",\"0.00\",\"?\",2,\"DDMMYY\",\"0.01\",null,null,null,null,null]","executionTime":null}
2025-10-24 19:41:12.428 [ERROR]: 💥 DB Error: Column count doesn't match value count at row 1 | {"sql":"INSERT INTO IT_CONF_PROPERTY (applicable_from, property_code, property_name, nick_name, owner_name, address_name, gst_number, pan_number, group_name, local_currency, currency_format, symbol, decimal_places, date_format, round_off, property_logo, created_user_id, updated_user_id, reserve_1, reserve_2) VALUES (?, ?, ?, ?, ?, ?, ?, ?, ?, ?, ?, ?, ?, ?, ?, ?, ?, ?, ?)","params":"[\"2025-10-24\",\"ABC_NEW\",\"ABC HOTEL NEW\",\"ABC\",\"Amitabh\",\"ADDRESS1\",\"GSTABC45786NTREE\",null,\"ABC INTERNATIONAL\",\"INR\",\"0.00\",\"?\",2,\"DDMMYY\",\"0.01\",null,null,null,null,null]","error":"Column count doesn't match value count at row 1","code":"ER_WRONG_VALUE_COUNT_ON_ROW"}
