2025-10-22 18:40:12.501 [ERROR]: uncaughtException: Cannot find module './logger'
Require stack:
- D:\pos-notejs\POS-NodeJS\POS-Node.js\backend\middleware\logging.js
- D:\pos-notejs\POS-NodeJS\POS-Node.js\backend\index.js
Error: Cannot find module './logger'
Require stack:
- D:\pos-notejs\POS-NodeJS\POS-Node.js\backend\middleware\logging.js
- D:\pos-notejs\POS-NodeJS\POS-Node.js\backend\index.js
    at Function._resolveFilename (node:internal/modules/cjs/loader:1365:15)
    at defaultResolveImpl (node:internal/modules/cjs/loader:1021:19)
    at resolveForCJSWithHooks (node:internal/modules/cjs/loader:1026:22)
    at Function._load (node:internal/modules/cjs/loader:1175:37)
    at TracingChannel.traceSync (node:diagnostics_channel:322:14)
    at wrapModuleLoad (node:internal/modules/cjs/loader:235:24)
    at Module.require (node:internal/modules/cjs/loader:1445:12)
    at require (node:internal/modules/helpers:135:16)
    at Object.<anonymous> (D:\pos-notejs\POS-NodeJS\POS-Node.js\backend\middleware\logging.js:1:31)
    at Module._compile (node:internal/modules/cjs/loader:1688:14) | {"error":{"code":"MODULE_NOT_FOUND","requireStack":["D:\\pos-notejs\\POS-NodeJS\\POS-Node.js\\backend\\middleware\\logging.js","D:\\pos-notejs\\POS-NodeJS\\POS-Node.js\\backend\\index.js"]},"exception":true,"date":"Wed Oct 22 2025 18:40:12 GMT+0530 (India Standard Time)","process":{"pid":22352,"uid":null,"gid":null,"cwd":"D:\\pos-notejs\\POS-NodeJS\\POS-Node.js\\backend","execPath":"C:\\Program Files\\nodejs\\node.exe","version":"v22.18.0","argv":["C:\\Program Files\\nodejs\\node.exe","D:\\pos-notejs\\POS-NodeJS\\POS-Node.js\\backend\\index.js"],"memoryUsage":{"rss":60690432,"heapTotal":20918272,"heapUsed":14575728,"external":2198589,"arrayBuffers":18679}},"os":{"loadavg":[0,0,0],"uptime":85953.187},"trace":[{"column":15,"file":"node:internal/modules/cjs/loader","function":"Function._resolveFilename","line":1365,"method":"_resolveFilename","native":false},{"column":19,"file":"node:internal/modules/cjs/loader","function":"defaultResolveImpl","line":1021,"method":null,"native":false},{"column":22,"file":"node:internal/modules/cjs/loader","function":"resolveForCJSWithHooks","line":1026,"method":null,"native":false},{"column":37,"file":"node:internal/modules/cjs/loader","function":"Function._load","line":1175,"method":"_load","native":false},{"column":14,"file":"node:diagnostics_channel","function":"TracingChannel.traceSync","line":322,"method":"traceSync","native":false},{"column":24,"file":"node:internal/modules/cjs/loader","function":"wrapModuleLoad","line":235,"method":null,"native":false},{"column":12,"file":"node:internal/modules/cjs/loader","function":"Module.require","line":1445,"method":"require","native":false},{"column":16,"file":"node:internal/modules/helpers","function":"require","line":135,"method":null,"native":false},{"column":31,"file":"D:\\pos-notejs\\POS-NodeJS\\POS-Node.js\\backend\\middleware\\logging.js","function":null,"line":1,"method":null,"native":false},{"column":14,"file":"node:internal/modules/cjs/loader","function":"Module._compile","line":1688,"method":"_compile","native":false}]}
Stack: Error: Cannot find module './logger'
Require stack:
- D:\pos-notejs\POS-NodeJS\POS-Node.js\backend\middleware\logging.js
- D:\pos-notejs\POS-NodeJS\POS-Node.js\backend\index.js
    at Function._resolveFilename (node:internal/modules/cjs/loader:1365:15)
    at defaultResolveImpl (node:internal/modules/cjs/loader:1021:19)
    at resolveForCJSWithHooks (node:internal/modules/cjs/loader:1026:22)
    at Function._load (node:internal/modules/cjs/loader:1175:37)
    at TracingChannel.traceSync (node:diagnostics_channel:322:14)
    at wrapModuleLoad (node:internal/modules/cjs/loader:235:24)
    at Module.require (node:internal/modules/cjs/loader:1445:12)
    at require (node:internal/modules/helpers:135:16)
    at Object.<anonymous> (D:\pos-notejs\POS-NodeJS\POS-Node.js\backend\middleware\logging.js:1:31)
    at Module._compile (node:internal/modules/cjs/loader:1688:14)
2025-10-22 18:40:45.810 [ERROR]: uncaughtException: Cannot find module './logger'
Require stack:
- D:\pos-notejs\POS-NodeJS\POS-Node.js\backend\middleware\logging.js
- D:\pos-notejs\POS-NodeJS\POS-Node.js\backend\index.js
Error: Cannot find module './logger'
Require stack:
- D:\pos-notejs\POS-NodeJS\POS-Node.js\backend\middleware\logging.js
- D:\pos-notejs\POS-NodeJS\POS-Node.js\backend\index.js
    at Function._resolveFilename (node:internal/modules/cjs/loader:1365:15)
    at defaultResolveImpl (node:internal/modules/cjs/loader:1021:19)
    at resolveForCJSWithHooks (node:internal/modules/cjs/loader:1026:22)
    at Function._load (node:internal/modules/cjs/loader:1175:37)
    at TracingChannel.traceSync (node:diagnostics_channel:322:14)
    at wrapModuleLoad (node:internal/modules/cjs/loader:235:24)
    at Module.require (node:internal/modules/cjs/loader:1445:12)
    at require (node:internal/modules/helpers:135:16)
    at Object.<anonymous> (D:\pos-notejs\POS-NodeJS\POS-Node.js\backend\middleware\logging.js:1:31)
    at Module._compile (node:internal/modules/cjs/loader:1688:14) | {"error":{"code":"MODULE_NOT_FOUND","requireStack":["D:\\pos-notejs\\POS-NodeJS\\POS-Node.js\\backend\\middleware\\logging.js","D:\\pos-notejs\\POS-NodeJS\\POS-Node.js\\backend\\index.js"]},"exception":true,"date":"Wed Oct 22 2025 18:40:45 GMT+0530 (India Standard Time)","process":{"pid":3376,"uid":null,"gid":null,"cwd":"D:\\pos-notejs\\POS-NodeJS\\POS-Node.js\\backend","execPath":"C:\\Program Files\\nodejs\\node.exe","version":"v22.18.0","argv":["C:\\Program Files\\nodejs\\node.exe","D:\\pos-notejs\\POS-NodeJS\\POS-Node.js\\backend\\index.js"],"memoryUsage":{"rss":60633088,"heapTotal":20918272,"heapUsed":14509912,"external":2198589,"arrayBuffers":18679}},"os":{"loadavg":[0,0,0],"uptime":85986.5},"trace":[{"column":15,"file":"node:internal/modules/cjs/loader","function":"Function._resolveFilename","line":1365,"method":"_resolveFilename","native":false},{"column":19,"file":"node:internal/modules/cjs/loader","function":"defaultResolveImpl","line":1021,"method":null,"native":false},{"column":22,"file":"node:internal/modules/cjs/loader","function":"resolveForCJSWithHooks","line":1026,"method":null,"native":false},{"column":37,"file":"node:internal/modules/cjs/loader","function":"Function._load","line":1175,"method":"_load","native":false},{"column":14,"file":"node:diagnostics_channel","function":"TracingChannel.traceSync","line":322,"method":"traceSync","native":false},{"column":24,"file":"node:internal/modules/cjs/loader","function":"wrapModuleLoad","line":235,"method":null,"native":false},{"column":12,"file":"node:internal/modules/cjs/loader","function":"Module.require","line":1445,"method":"require","native":false},{"column":16,"file":"node:internal/modules/helpers","function":"require","line":135,"method":null,"native":false},{"column":31,"file":"D:\\pos-notejs\\POS-NodeJS\\POS-Node.js\\backend\\middleware\\logging.js","function":null,"line":1,"method":null,"native":false},{"column":14,"file":"node:internal/modules/cjs/loader","function":"Module._compile","line":1688,"method":"_compile","native":false}]}
Stack: Error: Cannot find module './logger'
Require stack:
- D:\pos-notejs\POS-NodeJS\POS-Node.js\backend\middleware\logging.js
- D:\pos-notejs\POS-NodeJS\POS-Node.js\backend\index.js
    at Function._resolveFilename (node:internal/modules/cjs/loader:1365:15)
    at defaultResolveImpl (node:internal/modules/cjs/loader:1021:19)
    at resolveForCJSWithHooks (node:internal/modules/cjs/loader:1026:22)
    at Function._load (node:internal/modules/cjs/loader:1175:37)
    at TracingChannel.traceSync (node:diagnostics_channel:322:14)
    at wrapModuleLoad (node:internal/modules/cjs/loader:235:24)
    at Module.require (node:internal/modules/cjs/loader:1445:12)
    at require (node:internal/modules/helpers:135:16)
    at Object.<anonymous> (D:\pos-notejs\POS-NodeJS\POS-Node.js\backend\middleware\logging.js:1:31)
    at Module._compile (node:internal/modules/cjs/loader:1688:14)
2025-10-22 18:41:08.056 [ERROR]: uncaughtException: Cannot find module './logger'
Require stack:
- D:\pos-notejs\POS-NodeJS\POS-Node.js\backend\middleware\logging.js
- D:\pos-notejs\POS-NodeJS\POS-Node.js\backend\index.js
Error: Cannot find module './logger'
Require stack:
- D:\pos-notejs\POS-NodeJS\POS-Node.js\backend\middleware\logging.js
- D:\pos-notejs\POS-NodeJS\POS-Node.js\backend\index.js
    at Function._resolveFilename (node:internal/modules/cjs/loader:1365:15)
    at defaultResolveImpl (node:internal/modules/cjs/loader:1021:19)
    at resolveForCJSWithHooks (node:internal/modules/cjs/loader:1026:22)
    at Function._load (node:internal/modules/cjs/loader:1175:37)
    at TracingChannel.traceSync (node:diagnostics_channel:322:14)
    at wrapModuleLoad (node:internal/modules/cjs/loader:235:24)
    at Module.require (node:internal/modules/cjs/loader:1445:12)
    at require (node:internal/modules/helpers:135:16)
    at Object.<anonymous> (D:\pos-notejs\POS-NodeJS\POS-Node.js\backend\middleware\logging.js:1:31)
    at Module._compile (node:internal/modules/cjs/loader:1688:14) | {"error":{"code":"MODULE_NOT_FOUND","requireStack":["D:\\pos-notejs\\POS-NodeJS\\POS-Node.js\\backend\\middleware\\logging.js","D:\\pos-notejs\\POS-NodeJS\\POS-Node.js\\backend\\index.js"]},"exception":true,"date":"Wed Oct 22 2025 18:41:08 GMT+0530 (India Standard Time)","process":{"pid":20868,"uid":null,"gid":null,"cwd":"D:\\pos-notejs\\POS-NodeJS\\POS-Node.js\\backend","execPath":"C:\\Program Files\\nodejs\\node.exe","version":"v22.18.0","argv":["C:\\Program Files\\nodejs\\node.exe","D:\\pos-notejs\\POS-NodeJS\\POS-Node.js\\backend\\index.js"],"memoryUsage":{"rss":60604416,"heapTotal":20656128,"heapUsed":14574176,"external":2198589,"arrayBuffers":18679}},"os":{"loadavg":[0,0,0],"uptime":86008.75},"trace":[{"column":15,"file":"node:internal/modules/cjs/loader","function":"Function._resolveFilename","line":1365,"method":"_resolveFilename","native":false},{"column":19,"file":"node:internal/modules/cjs/loader","function":"defaultResolveImpl","line":1021,"method":null,"native":false},{"column":22,"file":"node:internal/modules/cjs/loader","function":"resolveForCJSWithHooks","line":1026,"method":null,"native":false},{"column":37,"file":"node:internal/modules/cjs/loader","function":"Function._load","line":1175,"method":"_load","native":false},{"column":14,"file":"node:diagnostics_channel","function":"TracingChannel.traceSync","line":322,"method":"traceSync","native":false},{"column":24,"file":"node:internal/modules/cjs/loader","function":"wrapModuleLoad","line":235,"method":null,"native":false},{"column":12,"file":"node:internal/modules/cjs/loader","function":"Module.require","line":1445,"method":"require","native":false},{"column":16,"file":"node:internal/modules/helpers","function":"require","line":135,"method":null,"native":false},{"column":31,"file":"D:\\pos-notejs\\POS-NodeJS\\POS-Node.js\\backend\\middleware\\logging.js","function":null,"line":1,"method":null,"native":false},{"column":14,"file":"node:internal/modules/cjs/loader","function":"Module._compile","line":1688,"method":"_compile","native":false}]}
Stack: Error: Cannot find module './logger'
Require stack:
- D:\pos-notejs\POS-NodeJS\POS-Node.js\backend\middleware\logging.js
- D:\pos-notejs\POS-NodeJS\POS-Node.js\backend\index.js
    at Function._resolveFilename (node:internal/modules/cjs/loader:1365:15)
    at defaultResolveImpl (node:internal/modules/cjs/loader:1021:19)
    at resolveForCJSWithHooks (node:internal/modules/cjs/loader:1026:22)
    at Function._load (node:internal/modules/cjs/loader:1175:37)
    at TracingChannel.traceSync (node:diagnostics_channel:322:14)
    at wrapModuleLoad (node:internal/modules/cjs/loader:235:24)
    at Module.require (node:internal/modules/cjs/loader:1445:12)
    at require (node:internal/modules/helpers:135:16)
    at Object.<anonymous> (D:\pos-notejs\POS-NodeJS\POS-Node.js\backend\middleware\logging.js:1:31)
    at Module._compile (node:internal/modules/cjs/loader:1688:14)
2025-10-22 18:42:35.366 [ERROR]: uncaughtException: listen EADDRINUSE: address already in use :::3001
Error: listen EADDRINUSE: address already in use :::3001
    at Server.setupListenHandle [as _listen2] (node:net:1940:16)
    at listenInCluster (node:net:1997:12)
    at Server.listen (node:net:2102:7)
    at Function.listen (D:\pos-notejs\POS-NodeJS\POS-Node.js\backend\node_modules\express\lib\application.js:635:24)
    at Object.<anonymous> (D:\pos-notejs\POS-NodeJS\POS-Node.js\backend\index.js:1772:5)
    at Module._compile (node:internal/modules/cjs/loader:1688:14)
    at Object..js (node:internal/modules/cjs/loader:1820:10)
    at Module.load (node:internal/modules/cjs/loader:1423:32)
    at Function._load (node:internal/modules/cjs/loader:1246:12)
    at TracingChannel.traceSync (node:diagnostics_channel:322:14) | {"error":{"code":"EADDRINUSE","errno":-4091,"syscall":"listen","address":"::","port":3001},"exception":true,"date":"Wed Oct 22 2025 18:42:35 GMT+0530 (India Standard Time)","process":{"pid":23640,"uid":null,"gid":null,"cwd":"D:\\pos-notejs\\POS-NodeJS\\POS-Node.js\\backend","execPath":"C:\\Program Files\\nodejs\\node.exe","version":"v22.18.0","argv":["C:\\Program Files\\nodejs\\node.exe","D:\\pos-notejs\\POS-NodeJS\\POS-Node.js\\backend\\index.js"],"memoryUsage":{"rss":63995904,"heapTotal":22384640,"heapUsed":14496048,"external":2329365,"arrayBuffers":18679}},"os":{"loadavg":[0,0,0],"uptime":86096.062},"trace":[{"column":16,"file":"node:net","function":"Server.setupListenHandle [as _listen2]","line":1940,"method":"setupListenHandle [as _listen2]","native":false},{"column":12,"file":"node:net","function":"listenInCluster","line":1997,"method":null,"native":false},{"column":7,"file":"node:net","function":"Server.listen","line":2102,"method":"listen","native":false},{"column":24,"file":"D:\\pos-notejs\\POS-NodeJS\\POS-Node.js\\backend\\node_modules\\express\\lib\\application.js","function":"Function.listen","line":635,"method":"listen","native":false},{"column":5,"file":"D:\\pos-notejs\\POS-NodeJS\\POS-Node.js\\backend\\index.js","function":null,"line":1772,"method":null,"native":false},{"column":14,"file":"node:internal/modules/cjs/loader","function":"Module._compile","line":1688,"method":"_compile","native":false},{"column":10,"file":"node:internal/modules/cjs/loader","function":"Object..js","line":1820,"method":".js","native":false},{"column":32,"file":"node:internal/modules/cjs/loader","function":"Module.load","line":1423,"method":"load","native":false},{"column":12,"file":"node:internal/modules/cjs/loader","function":"Function._load","line":1246,"method":"_load","native":false},{"column":14,"file":"node:diagnostics_channel","function":"TracingChannel.traceSync","line":322,"method":"traceSync","native":false}]}
Stack: Error: listen EADDRINUSE: address already in use :::3001
    at Server.setupListenHandle [as _listen2] (node:net:1940:16)
    at listenInCluster (node:net:1997:12)
    at Server.listen (node:net:2102:7)
    at Function.listen (D:\pos-notejs\POS-NodeJS\POS-Node.js\backend\node_modules\express\lib\application.js:635:24)
    at Object.<anonymous> (D:\pos-notejs\POS-NodeJS\POS-Node.js\backend\index.js:1772:5)
    at Module._compile (node:internal/modules/cjs/loader:1688:14)
    at Object..js (node:internal/modules/cjs/loader:1820:10)
    at Module.load (node:internal/modules/cjs/loader:1423:32)
    at Function._load (node:internal/modules/cjs/loader:1246:12)
    at TracingChannel.traceSync (node:diagnostics_channel:322:14)
2025-10-22 18:43:19.715 [ERROR]: uncaughtException: listen EADDRINUSE: address already in use :::3001
Error: listen EADDRINUSE: address already in use :::3001
    at Server.setupListenHandle [as _listen2] (node:net:1940:16)
    at listenInCluster (node:net:1997:12)
    at Server.listen (node:net:2102:7)
    at Function.listen (D:\pos-notejs\POS-NodeJS\POS-Node.js\backend\node_modules\express\lib\application.js:635:24)
    at Object.<anonymous> (D:\pos-notejs\POS-NodeJS\POS-Node.js\backend\test-server.js:117:20)
    at Module._compile (node:internal/modules/cjs/loader:1688:14)
    at Object..js (node:internal/modules/cjs/loader:1820:10)
    at Module.load (node:internal/modules/cjs/loader:1423:32)
    at Function._load (node:internal/modules/cjs/loader:1246:12)
    at TracingChannel.traceSync (node:diagnostics_channel:322:14) | {"error":{"code":"EADDRINUSE","errno":-4091,"syscall":"listen","address":"::","port":3001},"exception":true,"date":"Wed Oct 22 2025 18:43:19 GMT+0530 (India Standard Time)","process":{"pid":14132,"uid":null,"gid":null,"cwd":"D:\\pos-notejs\\POS-NodeJS\\POS-Node.js\\backend","execPath":"C:\\Program Files\\nodejs\\node.exe","version":"v22.18.0","argv":["C:\\Program Files\\nodejs\\node.exe","D:\\pos-notejs\\POS-NodeJS\\POS-Node.js\\backend\\test-server.js"],"memoryUsage":{"rss":63234048,"heapTotal":21073920,"heapUsed":15772272,"external":2329365,"arrayBuffers":18679}},"os":{"loadavg":[0,0,0],"uptime":86140.406},"trace":[{"column":16,"file":"node:net","function":"Server.setupListenHandle [as _listen2]","line":1940,"method":"setupListenHandle [as _listen2]","native":false},{"column":12,"file":"node:net","function":"listenInCluster","line":1997,"method":null,"native":false},{"column":7,"file":"node:net","function":"Server.listen","line":2102,"method":"listen","native":false},{"column":24,"file":"D:\\pos-notejs\\POS-NodeJS\\POS-Node.js\\backend\\node_modules\\express\\lib\\application.js","function":"Function.listen","line":635,"method":"listen","native":false},{"column":20,"file":"D:\\pos-notejs\\POS-NodeJS\\POS-Node.js\\backend\\test-server.js","function":null,"line":117,"method":null,"native":false},{"column":14,"file":"node:internal/modules/cjs/loader","function":"Module._compile","line":1688,"method":"_compile","native":false},{"column":10,"file":"node:internal/modules/cjs/loader","function":"Object..js","line":1820,"method":".js","native":false},{"column":32,"file":"node:internal/modules/cjs/loader","function":"Module.load","line":1423,"method":"load","native":false},{"column":12,"file":"node:internal/modules/cjs/loader","function":"Function._load","line":1246,"method":"_load","native":false},{"column":14,"file":"node:diagnostics_channel","function":"TracingChannel.traceSync","line":322,"method":"traceSync","native":false}]}
Stack: Error: listen EADDRINUSE: address already in use :::3001
    at Server.setupListenHandle [as _listen2] (node:net:1940:16)
    at listenInCluster (node:net:1997:12)
    at Server.listen (node:net:2102:7)
    at Function.listen (D:\pos-notejs\POS-NodeJS\POS-Node.js\backend\node_modules\express\lib\application.js:635:24)
    at Object.<anonymous> (D:\pos-notejs\POS-NodeJS\POS-Node.js\backend\test-server.js:117:20)
    at Module._compile (node:internal/modules/cjs/loader:1688:14)
    at Object..js (node:internal/modules/cjs/loader:1820:10)
    at Module.load (node:internal/modules/cjs/loader:1423:32)
    at Function._load (node:internal/modules/cjs/loader:1246:12)
    at TracingChannel.traceSync (node:diagnostics_channel:322:14)
2025-10-22 19:18:43.061 [ERROR]: uncaughtException: listen EADDRINUSE: address already in use :::3001
Error: listen EADDRINUSE: address already in use :::3001
    at Server.setupListenHandle [as _listen2] (node:net:1940:16)
    at listenInCluster (node:net:1997:12)
    at Server.listen (node:net:2102:7)
    at Function.listen (D:\pos-notejs\POS-NodeJS\POS-Node.js\backend\node_modules\express\lib\application.js:635:24)
    at Object.<anonymous> (D:\pos-notejs\POS-NodeJS\POS-Node.js\backend\index.js:1772:5)
    at Module._compile (node:internal/modules/cjs/loader:1688:14)
    at Object..js (node:internal/modules/cjs/loader:1820:10)
    at Module.load (node:internal/modules/cjs/loader:1423:32)
    at Function._load (node:internal/modules/cjs/loader:1246:12)
    at TracingChannel.traceSync (node:diagnostics_channel:322:14) | {"error":{"code":"EADDRINUSE","errno":-4091,"syscall":"listen","address":"::","port":3001},"exception":true,"date":"Wed Oct 22 2025 19:18:43 GMT+0530 (India Standard Time)","process":{"pid":26484,"uid":null,"gid":null,"cwd":"D:\\pos-notejs\\POS-NodeJS\\POS-Node.js\\backend","execPath":"C:\\Program Files\\nodejs\\node.exe","version":"v22.18.0","argv":["C:\\Program Files\\nodejs\\node.exe","D:\\pos-notejs\\POS-NodeJS\\POS-Node.js\\backend\\index.js"],"memoryUsage":{"rss":63471616,"heapTotal":20811776,"heapUsed":16079000,"external":2329365,"arrayBuffers":18679}},"os":{"loadavg":[0,0,0],"uptime":88263.75},"trace":[{"column":16,"file":"node:net","function":"Server.setupListenHandle [as _listen2]","line":1940,"method":"setupListenHandle [as _listen2]","native":false},{"column":12,"file":"node:net","function":"listenInCluster","line":1997,"method":null,"native":false},{"column":7,"file":"node:net","function":"Server.listen","line":2102,"method":"listen","native":false},{"column":24,"file":"D:\\pos-notejs\\POS-NodeJS\\POS-Node.js\\backend\\node_modules\\express\\lib\\application.js","function":"Function.listen","line":635,"method":"listen","native":false},{"column":5,"file":"D:\\pos-notejs\\POS-NodeJS\\POS-Node.js\\backend\\index.js","function":null,"line":1772,"method":null,"native":false},{"column":14,"file":"node:internal/modules/cjs/loader","function":"Module._compile","line":1688,"method":"_compile","native":false},{"column":10,"file":"node:internal/modules/cjs/loader","function":"Object..js","line":1820,"method":".js","native":false},{"column":32,"file":"node:internal/modules/cjs/loader","function":"Module.load","line":1423,"method":"load","native":false},{"column":12,"file":"node:internal/modules/cjs/loader","function":"Function._load","line":1246,"method":"_load","native":false},{"column":14,"file":"node:diagnostics_channel","function":"TracingChannel.traceSync","line":322,"method":"traceSync","native":false}]}
Stack: Error: listen EADDRINUSE: address already in use :::3001
    at Server.setupListenHandle [as _listen2] (node:net:1940:16)
    at listenInCluster (node:net:1997:12)
    at Server.listen (node:net:2102:7)
    at Function.listen (D:\pos-notejs\POS-NodeJS\POS-Node.js\backend\node_modules\express\lib\application.js:635:24)
    at Object.<anonymous> (D:\pos-notejs\POS-NodeJS\POS-Node.js\backend\index.js:1772:5)
    at Module._compile (node:internal/modules/cjs/loader:1688:14)
    at Object..js (node:internal/modules/cjs/loader:1820:10)
    at Module.load (node:internal/modules/cjs/loader:1423:32)
    at Function._load (node:internal/modules/cjs/loader:1246:12)
    at TracingChannel.traceSync (node:diagnostics_channel:322:14)
2025-10-22 19:19:57.838 [ERROR]: uncaughtException: listen EADDRINUSE: address already in use :::3001
Error: listen EADDRINUSE: address already in use :::3001
    at Server.setupListenHandle [as _listen2] (node:net:1940:16)
    at listenInCluster (node:net:1997:12)
    at Server.listen (node:net:2102:7)
    at Function.listen (D:\pos-notejs\POS-NodeJS\POS-Node.js\backend\node_modules\express\lib\application.js:635:24)
    at Object.<anonymous> (D:\pos-notejs\POS-NodeJS\POS-Node.js\backend\index.js:1772:5)
    at Module._compile (node:internal/modules/cjs/loader:1688:14)
    at Object..js (node:internal/modules/cjs/loader:1820:10)
    at Module.load (node:internal/modules/cjs/loader:1423:32)
    at Function._load (node:internal/modules/cjs/loader:1246:12)
    at TracingChannel.traceSync (node:diagnostics_channel:322:14) | {"error":{"code":"EADDRINUSE","errno":-4091,"syscall":"listen","address":"::","port":3001},"exception":true,"date":"Wed Oct 22 2025 19:19:57 GMT+0530 (India Standard Time)","process":{"pid":5804,"uid":null,"gid":null,"cwd":"D:\\pos-notejs\\POS-NodeJS\\POS-Node.js\\backend","execPath":"C:\\Program Files\\nodejs\\node.exe","version":"v22.18.0","argv":["C:\\Program Files\\nodejs\\node.exe","D:\\pos-notejs\\POS-NodeJS\\POS-Node.js\\backend\\index.js"],"memoryUsage":{"rss":64065536,"heapTotal":22646784,"heapUsed":14386232,"external":2329365,"arrayBuffers":18679}},"os":{"loadavg":[0,0,0],"uptime":88338.531},"trace":[{"column":16,"file":"node:net","function":"Server.setupListenHandle [as _listen2]","line":1940,"method":"setupListenHandle [as _listen2]","native":false},{"column":12,"file":"node:net","function":"listenInCluster","line":1997,"method":null,"native":false},{"column":7,"file":"node:net","function":"Server.listen","line":2102,"method":"listen","native":false},{"column":24,"file":"D:\\pos-notejs\\POS-NodeJS\\POS-Node.js\\backend\\node_modules\\express\\lib\\application.js","function":"Function.listen","line":635,"method":"listen","native":false},{"column":5,"file":"D:\\pos-notejs\\POS-NodeJS\\POS-Node.js\\backend\\index.js","function":null,"line":1772,"method":null,"native":false},{"column":14,"file":"node:internal/modules/cjs/loader","function":"Module._compile","line":1688,"method":"_compile","native":false},{"column":10,"file":"node:internal/modules/cjs/loader","function":"Object..js","line":1820,"method":".js","native":false},{"column":32,"file":"node:internal/modules/cjs/loader","function":"Module.load","line":1423,"method":"load","native":false},{"column":12,"file":"node:internal/modules/cjs/loader","function":"Function._load","line":1246,"method":"_load","native":false},{"column":14,"file":"node:diagnostics_channel","function":"TracingChannel.traceSync","line":322,"method":"traceSync","native":false}]}
Stack: Error: listen EADDRINUSE: address already in use :::3001
    at Server.setupListenHandle [as _listen2] (node:net:1940:16)
    at listenInCluster (node:net:1997:12)
    at Server.listen (node:net:2102:7)
    at Function.listen (D:\pos-notejs\POS-NodeJS\POS-Node.js\backend\node_modules\express\lib\application.js:635:24)
    at Object.<anonymous> (D:\pos-notejs\POS-NodeJS\POS-Node.js\backend\index.js:1772:5)
    at Module._compile (node:internal/modules/cjs/loader:1688:14)
    at Object..js (node:internal/modules/cjs/loader:1820:10)
    at Module.load (node:internal/modules/cjs/loader:1423:32)
    at Function._load (node:internal/modules/cjs/loader:1246:12)
    at TracingChannel.traceSync (node:diagnostics_channel:322:14)
2025-10-22 19:21:28.204 [ERROR]: uncaughtException: listen EADDRINUSE: address already in use :::3001
Error: listen EADDRINUSE: address already in use :::3001
    at Server.setupListenHandle [as _listen2] (node:net:1940:16)
    at listenInCluster (node:net:1997:12)
    at Server.listen (node:net:2102:7)
    at Function.listen (D:\pos-notejs\POS-NodeJS\POS-Node.js\backend\node_modules\express\lib\application.js:635:24)
    at Object.<anonymous> (D:\pos-notejs\POS-NodeJS\POS-Node.js\backend\index.js:1772:5)
    at Module._compile (node:internal/modules/cjs/loader:1688:14)
    at Object..js (node:internal/modules/cjs/loader:1820:10)
    at Module.load (node:internal/modules/cjs/loader:1423:32)
    at Function._load (node:internal/modules/cjs/loader:1246:12)
    at TracingChannel.traceSync (node:diagnostics_channel:322:14) | {"error":{"code":"EADDRINUSE","errno":-4091,"syscall":"listen","address":"::","port":3001},"exception":true,"date":"Wed Oct 22 2025 19:21:28 GMT+0530 (India Standard Time)","process":{"pid":16916,"uid":null,"gid":null,"cwd":"D:\\pos-notejs\\POS-NodeJS\\POS-Node.js\\backend","execPath":"C:\\Program Files\\nodejs\\node.exe","version":"v22.18.0","argv":["C:\\Program Files\\nodejs\\node.exe"],"memoryUsage":{"rss":63512576,"heapTotal":21073920,"heapUsed":16223840,"external":2404915,"arrayBuffers":18679}},"os":{"loadavg":[0,0,0],"uptime":88428.89},"trace":[{"column":16,"file":"node:net","function":"Server.setupListenHandle [as _listen2]","line":1940,"method":"setupListenHandle [as _listen2]","native":false},{"column":12,"file":"node:net","function":"listenInCluster","line":1997,"method":null,"native":false},{"column":7,"file":"node:net","function":"Server.listen","line":2102,"method":"listen","native":false},{"column":24,"file":"D:\\pos-notejs\\POS-NodeJS\\POS-Node.js\\backend\\node_modules\\express\\lib\\application.js","function":"Function.listen","line":635,"method":"listen","native":false},{"column":5,"file":"D:\\pos-notejs\\POS-NodeJS\\POS-Node.js\\backend\\index.js","function":null,"line":1772,"method":null,"native":false},{"column":14,"file":"node:internal/modules/cjs/loader","function":"Module._compile","line":1688,"method":"_compile","native":false},{"column":10,"file":"node:internal/modules/cjs/loader","function":"Object..js","line":1820,"method":".js","native":false},{"column":32,"file":"node:internal/modules/cjs/loader","function":"Module.load","line":1423,"method":"load","native":false},{"column":12,"file":"node:internal/modules/cjs/loader","function":"Function._load","line":1246,"method":"_load","native":false},{"column":14,"file":"node:diagnostics_channel","function":"TracingChannel.traceSync","line":322,"method":"traceSync","native":false}]}
Stack: Error: listen EADDRINUSE: address already in use :::3001
    at Server.setupListenHandle [as _listen2] (node:net:1940:16)
    at listenInCluster (node:net:1997:12)
    at Server.listen (node:net:2102:7)
    at Function.listen (D:\pos-notejs\POS-NodeJS\POS-Node.js\backend\node_modules\express\lib\application.js:635:24)
    at Object.<anonymous> (D:\pos-notejs\POS-NodeJS\POS-Node.js\backend\index.js:1772:5)
    at Module._compile (node:internal/modules/cjs/loader:1688:14)
    at Object..js (node:internal/modules/cjs/loader:1820:10)
    at Module.load (node:internal/modules/cjs/loader:1423:32)
    at Function._load (node:internal/modules/cjs/loader:1246:12)
    at TracingChannel.traceSync (node:diagnostics_channel:322:14)
2025-10-22 19:26:13.504 [ERROR]: uncaughtException: listen EADDRINUSE: address already in use :::3001
Error: listen EADDRINUSE: address already in use :::3001
    at Server.setupListenHandle [as _listen2] (node:net:1940:16)
    at listenInCluster (node:net:1997:12)
    at Server.listen (node:net:2102:7)
    at Function.listen (D:\pos-notejs\POS-NodeJS\POS-Node.js\backend\node_modules\express\lib\application.js:635:24)
    at Object.<anonymous> (D:\pos-notejs\POS-NodeJS\POS-Node.js\backend\index.js:1772:5)
    at Module._compile (node:internal/modules/cjs/loader:1688:14)
    at Object..js (node:internal/modules/cjs/loader:1820:10)
    at Module.load (node:internal/modules/cjs/loader:1423:32)
    at Function._load (node:internal/modules/cjs/loader:1246:12)
    at TracingChannel.traceSync (node:diagnostics_channel:322:14) | {"error":{"code":"EADDRINUSE","errno":-4091,"syscall":"listen","address":"::","port":3001},"exception":true,"date":"Wed Oct 22 2025 19:26:13 GMT+0530 (India Standard Time)","process":{"pid":27260,"uid":null,"gid":null,"cwd":"D:\\pos-notejs\\POS-NodeJS\\POS-Node.js\\backend","execPath":"C:\\Program Files\\nodejs\\node.exe","version":"v22.18.0","argv":["C:\\Program Files\\nodejs\\node.exe","D:\\pos-notejs\\POS-NodeJS\\POS-Node.js\\backend\\index.js"],"memoryUsage":{"rss":63930368,"heapTotal":22384640,"heapUsed":14399816,"external":2329365,"arrayBuffers":18679}},"os":{"loadavg":[0,0,0],"uptime":88714.203},"trace":[{"column":16,"file":"node:net","function":"Server.setupListenHandle [as _listen2]","line":1940,"method":"setupListenHandle [as _listen2]","native":false},{"column":12,"file":"node:net","function":"listenInCluster","line":1997,"method":null,"native":false},{"column":7,"file":"node:net","function":"Server.listen","line":2102,"method":"listen","native":false},{"column":24,"file":"D:\\pos-notejs\\POS-NodeJS\\POS-Node.js\\backend\\node_modules\\express\\lib\\application.js","function":"Function.listen","line":635,"method":"listen","native":false},{"column":5,"file":"D:\\pos-notejs\\POS-NodeJS\\POS-Node.js\\backend\\index.js","function":null,"line":1772,"method":null,"native":false},{"column":14,"file":"node:internal/modules/cjs/loader","function":"Module._compile","line":1688,"method":"_compile","native":false},{"column":10,"file":"node:internal/modules/cjs/loader","function":"Object..js","line":1820,"method":".js","native":false},{"column":32,"file":"node:internal/modules/cjs/loader","function":"Module.load","line":1423,"method":"load","native":false},{"column":12,"file":"node:internal/modules/cjs/loader","function":"Function._load","line":1246,"method":"_load","native":false},{"column":14,"file":"node:diagnostics_channel","function":"TracingChannel.traceSync","line":322,"method":"traceSync","native":false}]}
Stack: Error: listen EADDRINUSE: address already in use :::3001
    at Server.setupListenHandle [as _listen2] (node:net:1940:16)
    at listenInCluster (node:net:1997:12)
    at Server.listen (node:net:2102:7)
    at Function.listen (D:\pos-notejs\POS-NodeJS\POS-Node.js\backend\node_modules\express\lib\application.js:635:24)
    at Object.<anonymous> (D:\pos-notejs\POS-NodeJS\POS-Node.js\backend\index.js:1772:5)
    at Module._compile (node:internal/modules/cjs/loader:1688:14)
    at Object..js (node:internal/modules/cjs/loader:1820:10)
    at Module.load (node:internal/modules/cjs/loader:1423:32)
    at Function._load (node:internal/modules/cjs/loader:1246:12)
    at TracingChannel.traceSync (node:diagnostics_channel:322:14)
2025-10-22 20:02:10.372 [ERROR]: uncaughtException: listen EADDRINUSE: address already in use :::3001
Error: listen EADDRINUSE: address already in use :::3001
    at Server.setupListenHandle [as _listen2] (node:net:1940:16)
    at listenInCluster (node:net:1997:12)
    at Server.listen (node:net:2102:7)
    at Function.listen (D:\pos-notejs\POS-NodeJS\POS-Node.js\backend\node_modules\express\lib\application.js:635:24)
    at Object.<anonymous> (D:\pos-notejs\POS-NodeJS\POS-Node.js\backend\index.js:1772:5)
    at Module._compile (node:internal/modules/cjs/loader:1688:14)
    at Object..js (node:internal/modules/cjs/loader:1820:10)
    at Module.load (node:internal/modules/cjs/loader:1423:32)
    at Function._load (node:internal/modules/cjs/loader:1246:12)
    at TracingChannel.traceSync (node:diagnostics_channel:322:14) | {"error":{"code":"EADDRINUSE","errno":-4091,"syscall":"listen","address":"::","port":3001},"exception":true,"date":"Wed Oct 22 2025 20:02:10 GMT+0530 (India Standard Time)","process":{"pid":25364,"uid":null,"gid":null,"cwd":"D:\\pos-notejs\\POS-NodeJS\\POS-Node.js\\backend","execPath":"C:\\Program Files\\nodejs\\node.exe","version":"v22.18.0","argv":["C:\\Program Files\\nodejs\\node.exe","D:\\pos-notejs\\POS-NodeJS\\POS-Node.js\\backend\\index.js"],"memoryUsage":{"rss":62861312,"heapTotal":21073920,"heapUsed":16164136,"external":2329365,"arrayBuffers":18679}},"os":{"loadavg":[0,0,0],"uptime":90871.062},"trace":[{"column":16,"file":"node:net","function":"Server.setupListenHandle [as _listen2]","line":1940,"method":"setupListenHandle [as _listen2]","native":false},{"column":12,"file":"node:net","function":"listenInCluster","line":1997,"method":null,"native":false},{"column":7,"file":"node:net","function":"Server.listen","line":2102,"method":"listen","native":false},{"column":24,"file":"D:\\pos-notejs\\POS-NodeJS\\POS-Node.js\\backend\\node_modules\\express\\lib\\application.js","function":"Function.listen","line":635,"method":"listen","native":false},{"column":5,"file":"D:\\pos-notejs\\POS-NodeJS\\POS-Node.js\\backend\\index.js","function":null,"line":1772,"method":null,"native":false},{"column":14,"file":"node:internal/modules/cjs/loader","function":"Module._compile","line":1688,"method":"_compile","native":false},{"column":10,"file":"node:internal/modules/cjs/loader","function":"Object..js","line":1820,"method":".js","native":false},{"column":32,"file":"node:internal/modules/cjs/loader","function":"Module.load","line":1423,"method":"load","native":false},{"column":12,"file":"node:internal/modules/cjs/loader","function":"Function._load","line":1246,"method":"_load","native":false},{"column":14,"file":"node:diagnostics_channel","function":"TracingChannel.traceSync","line":322,"method":"traceSync","native":false}]}
Stack: Error: listen EADDRINUSE: address already in use :::3001
    at Server.setupListenHandle [as _listen2] (node:net:1940:16)
    at listenInCluster (node:net:1997:12)
    at Server.listen (node:net:2102:7)
    at Function.listen (D:\pos-notejs\POS-NodeJS\POS-Node.js\backend\node_modules\express\lib\application.js:635:24)
    at Object.<anonymous> (D:\pos-notejs\POS-NodeJS\POS-Node.js\backend\index.js:1772:5)
    at Module._compile (node:internal/modules/cjs/loader:1688:14)
    at Object..js (node:internal/modules/cjs/loader:1820:10)
    at Module.load (node:internal/modules/cjs/loader:1423:32)
    at Function._load (node:internal/modules/cjs/loader:1246:12)
    at TracingChannel.traceSync (node:diagnostics_channel:322:14)
2025-10-22 20:02:18.332 [ERROR]: uncaughtException: listen EADDRINUSE: address already in use :::3001
Error: listen EADDRINUSE: address already in use :::3001
    at Server.setupListenHandle [as _listen2] (node:net:1940:16)
    at listenInCluster (node:net:1997:12)
    at Server.listen (node:net:2102:7)
    at Function.listen (D:\pos-notejs\POS-NodeJS\POS-Node.js\backend\node_modules\express\lib\application.js:635:24)
    at Object.<anonymous> (D:\pos-notejs\POS-NodeJS\POS-Node.js\backend\index.js:1772:5)
    at Module._compile (node:internal/modules/cjs/loader:1688:14)
    at Object..js (node:internal/modules/cjs/loader:1820:10)
    at Module.load (node:internal/modules/cjs/loader:1423:32)
    at Function._load (node:internal/modules/cjs/loader:1246:12)
    at TracingChannel.traceSync (node:diagnostics_channel:322:14) | {"error":{"code":"EADDRINUSE","errno":-4091,"syscall":"listen","address":"::","port":3001},"exception":true,"date":"Wed Oct 22 2025 20:02:18 GMT+0530 (India Standard Time)","process":{"pid":14508,"uid":null,"gid":null,"cwd":"D:\\pos-notejs\\POS-NodeJS\\POS-Node.js\\backend","execPath":"C:\\Program Files\\nodejs\\node.exe","version":"v22.18.0","argv":["C:\\Program Files\\nodejs\\node.exe","D:\\pos-notejs\\POS-NodeJS\\POS-Node.js\\backend\\index.js"],"memoryUsage":{"rss":62844928,"heapTotal":21073920,"heapUsed":16178224,"external":2329365,"arrayBuffers":18679}},"os":{"loadavg":[0,0,0],"uptime":90879.015},"trace":[{"column":16,"file":"node:net","function":"Server.setupListenHandle [as _listen2]","line":1940,"method":"setupListenHandle [as _listen2]","native":false},{"column":12,"file":"node:net","function":"listenInCluster","line":1997,"method":null,"native":false},{"column":7,"file":"node:net","function":"Server.listen","line":2102,"method":"listen","native":false},{"column":24,"file":"D:\\pos-notejs\\POS-NodeJS\\POS-Node.js\\backend\\node_modules\\express\\lib\\application.js","function":"Function.listen","line":635,"method":"listen","native":false},{"column":5,"file":"D:\\pos-notejs\\POS-NodeJS\\POS-Node.js\\backend\\index.js","function":null,"line":1772,"method":null,"native":false},{"column":14,"file":"node:internal/modules/cjs/loader","function":"Module._compile","line":1688,"method":"_compile","native":false},{"column":10,"file":"node:internal/modules/cjs/loader","function":"Object..js","line":1820,"method":".js","native":false},{"column":32,"file":"node:internal/modules/cjs/loader","function":"Module.load","line":1423,"method":"load","native":false},{"column":12,"file":"node:internal/modules/cjs/loader","function":"Function._load","line":1246,"method":"_load","native":false},{"column":14,"file":"node:diagnostics_channel","function":"TracingChannel.traceSync","line":322,"method":"traceSync","native":false}]}
Stack: Error: listen EADDRINUSE: address already in use :::3001
    at Server.setupListenHandle [as _listen2] (node:net:1940:16)
    at listenInCluster (node:net:1997:12)
    at Server.listen (node:net:2102:7)
    at Function.listen (D:\pos-notejs\POS-NodeJS\POS-Node.js\backend\node_modules\express\lib\application.js:635:24)
    at Object.<anonymous> (D:\pos-notejs\POS-NodeJS\POS-Node.js\backend\index.js:1772:5)
    at Module._compile (node:internal/modules/cjs/loader:1688:14)
    at Object..js (node:internal/modules/cjs/loader:1820:10)
    at Module.load (node:internal/modules/cjs/loader:1423:32)
    at Function._load (node:internal/modules/cjs/loader:1246:12)
    at TracingChannel.traceSync (node:diagnostics_channel:322:14)
2025-10-22 20:03:53.118 [ERROR]: uncaughtException: listen EADDRINUSE: address already in use :::3001
Error: listen EADDRINUSE: address already in use :::3001
    at Server.setupListenHandle [as _listen2] (node:net:1940:16)
    at listenInCluster (node:net:1997:12)
    at Server.listen (node:net:2102:7)
    at Function.listen (D:\pos-notejs\POS-NodeJS\POS-Node.js\backend\node_modules\express\lib\application.js:635:24)
    at [eval]:37:32
    at Connection.<anonymous> (D:\pos-notejs\POS-NodeJS\POS-Node.js\backend\node_modules\mysql2\lib\base\connection.js:818:13)
    at Object.onceWrapper (node:events:633:26)
    at Connection.emit (node:events:518:28)
    at ClientHandshake.<anonymous> (D:\pos-notejs\POS-NodeJS\POS-Node.js\backend\node_modules\mysql2\lib\base\connection.js:137:14)
    at ClientHandshake.emit (node:events:518:28) | {"error":{"code":"EADDRINUSE","errno":-4091,"syscall":"listen","address":"::","port":3001},"exception":true,"date":"Wed Oct 22 2025 20:03:53 GMT+0530 (India Standard Time)","process":{"pid":7780,"uid":null,"gid":null,"cwd":"D:\\pos-notejs\\POS-NodeJS\\POS-Node.js\\backend","execPath":"C:\\Program Files\\nodejs\\node.exe","version":"v22.18.0","argv":["C:\\Program Files\\nodejs\\node.exe"],"memoryUsage":{"rss":63668224,"heapTotal":31035392,"heapUsed":13505992,"external":2405326,"arrayBuffers":19090}},"os":{"loadavg":[0,0,0],"uptime":90973.812},"trace":[{"column":16,"file":"node:net","function":"Server.setupListenHandle [as _listen2]","line":1940,"method":"setupListenHandle [as _listen2]","native":false},{"column":12,"file":"node:net","function":"listenInCluster","line":1997,"method":null,"native":false},{"column":7,"file":"node:net","function":"Server.listen","line":2102,"method":"listen","native":false},{"column":24,"file":"D:\\pos-notejs\\POS-NodeJS\\POS-Node.js\\backend\\node_modules\\express\\lib\\application.js","function":"Function.listen","line":635,"method":"listen","native":false},{"column":32,"file":"[eval]","function":null,"line":37,"method":null,"native":false},{"column":13,"file":"D:\\pos-notejs\\POS-NodeJS\\POS-Node.js\\backend\\node_modules\\mysql2\\lib\\base\\connection.js","function":null,"line":818,"method":null,"native":false},{"column":26,"file":"node:events","function":"Object.onceWrapper","line":633,"method":"onceWrapper","native":false},{"column":28,"file":"node:events","function":"Connection.emit","line":518,"method":"emit","native":false},{"column":14,"file":"D:\\pos-notejs\\POS-NodeJS\\POS-Node.js\\backend\\node_modules\\mysql2\\lib\\base\\connection.js","function":null,"line":137,"method":null,"native":false},{"column":28,"file":"node:events","function":"ClientHandshake.emit","line":518,"method":"emit","native":false}]}
Stack: Error: listen EADDRINUSE: address already in use :::3001
    at Server.setupListenHandle [as _listen2] (node:net:1940:16)
    at listenInCluster (node:net:1997:12)
    at Server.listen (node:net:2102:7)
    at Function.listen (D:\pos-notejs\POS-NodeJS\POS-Node.js\backend\node_modules\express\lib\application.js:635:24)
    at [eval]:37:32
    at Connection.<anonymous> (D:\pos-notejs\POS-NodeJS\POS-Node.js\backend\node_modules\mysql2\lib\base\connection.js:818:13)
    at Object.onceWrapper (node:events:633:26)
    at Connection.emit (node:events:518:28)
    at ClientHandshake.<anonymous> (D:\pos-notejs\POS-NodeJS\POS-Node.js\backend\node_modules\mysql2\lib\base\connection.js:137:14)
    at ClientHandshake.emit (node:events:518:28)
2025-10-22 20:24:04.586 [ERROR]: uncaughtException: listen EADDRINUSE: address already in use :::3001
Error: listen EADDRINUSE: address already in use :::3001
    at Server.setupListenHandle [as _listen2] (node:net:1940:16)
    at listenInCluster (node:net:1997:12)
    at Server.listen (node:net:2102:7)
    at Function.listen (D:\pos-notejs\POS-NodeJS\POS-Node.js\backend\node_modules\express\lib\application.js:635:24)
    at Object.<anonymous> (D:\pos-notejs\POS-NodeJS\POS-Node.js\backend\index.js:1772:5)
    at Module._compile (node:internal/modules/cjs/loader:1688:14)
    at Object..js (node:internal/modules/cjs/loader:1820:10)
    at Module.load (node:internal/modules/cjs/loader:1423:32)
    at Function._load (node:internal/modules/cjs/loader:1246:12)
    at TracingChannel.traceSync (node:diagnostics_channel:322:14) | {"error":{"code":"EADDRINUSE","errno":-4091,"syscall":"listen","address":"::","port":3001},"exception":true,"date":"Wed Oct 22 2025 20:24:04 GMT+0530 (India Standard Time)","process":{"pid":27204,"uid":null,"gid":null,"cwd":"D:\\pos-notejs\\POS-NodeJS\\POS-Node.js\\backend","execPath":"C:\\Program Files\\nodejs\\node.exe","version":"v22.18.0","argv":["C:\\Program Files\\nodejs\\node.exe","D:\\pos-notejs\\POS-NodeJS\\POS-Node.js\\backend\\index.js"],"memoryUsage":{"rss":63356928,"heapTotal":20811776,"heapUsed":16109320,"external":2329365,"arrayBuffers":18679}},"os":{"loadavg":[0,0,0],"uptime":92185.281},"trace":[{"column":16,"file":"node:net","function":"Server.setupListenHandle [as _listen2]","line":1940,"method":"setupListenHandle [as _listen2]","native":false},{"column":12,"file":"node:net","function":"listenInCluster","line":1997,"method":null,"native":false},{"column":7,"file":"node:net","function":"Server.listen","line":2102,"method":"listen","native":false},{"column":24,"file":"D:\\pos-notejs\\POS-NodeJS\\POS-Node.js\\backend\\node_modules\\express\\lib\\application.js","function":"Function.listen","line":635,"method":"listen","native":false},{"column":5,"file":"D:\\pos-notejs\\POS-NodeJS\\POS-Node.js\\backend\\index.js","function":null,"line":1772,"method":null,"native":false},{"column":14,"file":"node:internal/modules/cjs/loader","function":"Module._compile","line":1688,"method":"_compile","native":false},{"column":10,"file":"node:internal/modules/cjs/loader","function":"Object..js","line":1820,"method":".js","native":false},{"column":32,"file":"node:internal/modules/cjs/loader","function":"Module.load","line":1423,"method":"load","native":false},{"column":12,"file":"node:internal/modules/cjs/loader","function":"Function._load","line":1246,"method":"_load","native":false},{"column":14,"file":"node:diagnostics_channel","function":"TracingChannel.traceSync","line":322,"method":"traceSync","native":false}]}
Stack: Error: listen EADDRINUSE: address already in use :::3001
    at Server.setupListenHandle [as _listen2] (node:net:1940:16)
    at listenInCluster (node:net:1997:12)
    at Server.listen (node:net:2102:7)
    at Function.listen (D:\pos-notejs\POS-NodeJS\POS-Node.js\backend\node_modules\express\lib\application.js:635:24)
    at Object.<anonymous> (D:\pos-notejs\POS-NodeJS\POS-Node.js\backend\index.js:1772:5)
    at Module._compile (node:internal/modules/cjs/loader:1688:14)
    at Object..js (node:internal/modules/cjs/loader:1820:10)
    at Module.load (node:internal/modules/cjs/loader:1423:32)
    at Function._load (node:internal/modules/cjs/loader:1246:12)
    at TracingChannel.traceSync (node:diagnostics_channel:322:14)
2025-10-22 20:24:28.171 [ERROR]: uncaughtException: listen EADDRINUSE: address already in use :::3001
Error: listen EADDRINUSE: address already in use :::3001
    at Server.setupListenHandle [as _listen2] (node:net:1940:16)
    at listenInCluster (node:net:1997:12)
    at Server.listen (node:net:2102:7)
    at Function.listen (D:\pos-notejs\POS-NodeJS\POS-Node.js\backend\node_modules\express\lib\application.js:635:24)
    at Object.<anonymous> (D:\pos-notejs\POS-NodeJS\POS-Node.js\backend\index.js:1772:5)
    at Module._compile (node:internal/modules/cjs/loader:1688:14)
    at Object..js (node:internal/modules/cjs/loader:1820:10)
    at Module.load (node:internal/modules/cjs/loader:1423:32)
    at Function._load (node:internal/modules/cjs/loader:1246:12)
    at TracingChannel.traceSync (node:diagnostics_channel:322:14) | {"error":{"code":"EADDRINUSE","errno":-4091,"syscall":"listen","address":"::","port":3001},"exception":true,"date":"Wed Oct 22 2025 20:24:28 GMT+0530 (India Standard Time)","process":{"pid":17896,"uid":null,"gid":null,"cwd":"D:\\pos-notejs\\POS-NodeJS\\POS-Node.js\\backend","execPath":"C:\\Program Files\\nodejs\\node.exe","version":"v22.18.0","argv":["C:\\Program Files\\nodejs\\node.exe","D:\\pos-notejs\\POS-NodeJS\\POS-Node.js\\backend\\index.js"],"memoryUsage":{"rss":63242240,"heapTotal":20811776,"heapUsed":16099168,"external":2329365,"arrayBuffers":18679}},"os":{"loadavg":[0,0,0],"uptime":92208.859},"trace":[{"column":16,"file":"node:net","function":"Server.setupListenHandle [as _listen2]","line":1940,"method":"setupListenHandle [as _listen2]","native":false},{"column":12,"file":"node:net","function":"listenInCluster","line":1997,"method":null,"native":false},{"column":7,"file":"node:net","function":"Server.listen","line":2102,"method":"listen","native":false},{"column":24,"file":"D:\\pos-notejs\\POS-NodeJS\\POS-Node.js\\backend\\node_modules\\express\\lib\\application.js","function":"Function.listen","line":635,"method":"listen","native":false},{"column":5,"file":"D:\\pos-notejs\\POS-NodeJS\\POS-Node.js\\backend\\index.js","function":null,"line":1772,"method":null,"native":false},{"column":14,"file":"node:internal/modules/cjs/loader","function":"Module._compile","line":1688,"method":"_compile","native":false},{"column":10,"file":"node:internal/modules/cjs/loader","function":"Object..js","line":1820,"method":".js","native":false},{"column":32,"file":"node:internal/modules/cjs/loader","function":"Module.load","line":1423,"method":"load","native":false},{"column":12,"file":"node:internal/modules/cjs/loader","function":"Function._load","line":1246,"method":"_load","native":false},{"column":14,"file":"node:diagnostics_channel","function":"TracingChannel.traceSync","line":322,"method":"traceSync","native":false}]}
Stack: Error: listen EADDRINUSE: address already in use :::3001
    at Server.setupListenHandle [as _listen2] (node:net:1940:16)
    at listenInCluster (node:net:1997:12)
    at Server.listen (node:net:2102:7)
    at Function.listen (D:\pos-notejs\POS-NodeJS\POS-Node.js\backend\node_modules\express\lib\application.js:635:24)
    at Object.<anonymous> (D:\pos-notejs\POS-NodeJS\POS-Node.js\backend\index.js:1772:5)
    at Module._compile (node:internal/modules/cjs/loader:1688:14)
    at Object..js (node:internal/modules/cjs/loader:1820:10)
    at Module.load (node:internal/modules/cjs/loader:1423:32)
    at Function._load (node:internal/modules/cjs/loader:1246:12)
    at TracingChannel.traceSync (node:diagnostics_channel:322:14)
